--2024-04-16 17:04:04--  https://raw.githubusercontent.com/hrnr/m-explore-extra/master/map_merge/hector_maps/map00.pgm
Resolving raw.githubusercontent.com (raw.githubusercontent.com)... 185.199.110.133, 185.199.111.133, 185.199.108.133, ...
Connecting to raw.githubusercontent.com (raw.githubusercontent.com)|185.199.110.133|:443... connected.
HTTP request sent, awaiting response... 200 OK
Length: 4194362 (4.0M) [application/octet-stream]
Saving to: ‘/home/feng/ros2_ws/build/multirobot_map_merge/map00.pgm’

     0K .......... .......... .......... .......... ..........  1% 5.88M 1s
    50K .......... .......... .......... .......... ..........  2% 6.12M 1s
   100K .......... .......... .......... .......... ..........  3% 15.8M 1s
   150K .......... .......... .......... .......... ..........  4% 14.1M 0s
   200K .......... .......... .......... .......... ..........  6% 13.6M 0s
   250K .......... .......... .......... .......... ..........  7% 19.9M 0s
   300K .......... .......... .......... .......... ..........  8% 17.7M 0s
   350K .......... .......... .......... .......... ..........  9% 15.8M 0s
   400K .......... .......... .......... .......... .......... 10% 11.0M 0s
   450K .......... .......... .......... .......... .......... 12% 30.3M 0s
   500K .......... .......... .......... .......... .......... 13% 14.7M 0s
   550K .......... .......... .......... .......... .......... 14% 9.58M 0s
   600K .......... .......... .......... .......... .......... 15% 39.3M 0s
   650K .......... .......... .......... .......... .......... 17% 9.54M 0s
   700K .......... .......... .......... .......... .......... 18% 19.3M 0s
   750K .......... .......... .......... .......... .......... 19% 16.3M 0s
   800K .......... .......... .......... .......... .......... 20% 5.46M 0s
   850K .......... .......... .......... .......... .......... 21% 30.8M 0s
   900K .......... .......... .......... .......... .......... 23% 11.2M 0s
   950K .......... .......... .......... .......... .......... 24% 33.2M 0s
  1000K .......... .......... .......... .......... .......... 25% 13.0M 0s
  1050K .......... .......... .......... .......... .......... 26% 13.2M 0s
  1100K .......... .......... .......... .......... .......... 28% 22.2M 0s
  1150K .......... .......... .......... .......... .......... 29% 15.7M 0s
  1200K .......... .......... .......... .......... .......... 30% 11.6M 0s
  1250K .......... .......... .......... .......... .......... 31% 40.3M 0s
  1300K .......... .......... .......... .......... .......... 32% 21.4M 0s
  1350K .......... .......... .......... .......... .......... 34% 17.8M 0s
  1400K .......... .......... .......... .......... .......... 35% 8.27M 0s
  1450K .......... .......... .......... .......... .......... 36% 72.3M 0s
  1500K .......... .......... .......... .......... .......... 37% 7.10M 0s
  1550K .......... .......... .......... .......... .......... 39% 8.87M 0s
  1600K .......... .......... .......... .......... .......... 40% 45.0M 0s
  1650K .......... .......... .......... .......... .......... 41% 15.0M 0s
  1700K .......... .......... .......... .......... .......... 42% 38.4M 0s
  1750K .......... .......... .......... .......... .......... 43% 22.8M 0s
  1800K .......... .......... .......... .......... .......... 45% 18.4M 0s
  1850K .......... .......... .......... .......... .......... 46% 14.6M 0s
  1900K .......... .......... .......... .......... .......... 47% 24.6M 0s
  1950K .......... .......... .......... .......... .......... 48% 17.9M 0s
  2000K .......... .......... .......... .......... .......... 50% 5.74M 0s
  2050K .......... .......... .......... .......... .......... 51% 9.35M 0s
  2100K .......... .......... .......... .......... .......... 52% 38.4M 0s
  2150K .......... .......... .......... .......... .......... 53% 31.2M 0s
  2200K .......... .......... .......... .......... .......... 54% 23.0M 0s
  2250K .......... .......... .......... .......... .......... 56% 13.2M 0s
  2300K .......... .......... .......... .......... .......... 57% 27.9M 0s
  2350K .......... .......... .......... .......... .......... 58% 11.7M 0s
  2400K .......... .......... .......... .......... .......... 59% 12.2M 0s
  2450K .......... .......... .......... .......... .......... 61% 6.38M 0s
  2500K .......... .......... .......... .......... .......... 62% 60.6M 0s
  2550K .......... .......... .......... .......... .......... 63% 4.52M 0s
  2600K .......... .......... .......... .......... .......... 64% 59.6M 0s
  2650K .......... .......... .......... .......... .......... 65% 67.4M 0s
  2700K .......... .......... .......... .......... .......... 67% 68.8M 0s
  2750K .......... .......... .......... .......... .......... 68% 16.2M 0s
  2800K .......... .......... .......... .......... .......... 69% 3.58M 0s
  2850K .......... .......... .......... .......... .......... 70% 10.8M 0s
  2900K .......... .......... .......... .......... .......... 72% 21.6M 0s
  2950K .......... .......... .......... .......... .......... 73% 14.4M 0s
  3000K .......... .......... .......... .......... .......... 74% 51.8M 0s
  3050K .......... .......... .......... .......... .......... 75% 18.7M 0s
  3100K .......... .......... .......... .......... .......... 76% 19.4M 0s
  3150K .......... .......... .......... .......... .......... 78% 15.1M 0s
  3200K .......... .......... .......... .......... .......... 79% 8.03M 0s
  3250K .......... .......... .......... .......... .......... 80% 12.8M 0s
  3300K .......... .......... .......... .......... .......... 81% 21.7M 0s
  3350K .......... .......... .......... .......... .......... 83% 12.0M 0s
  3400K .......... .......... .......... .......... .......... 84% 20.1M 0s
  3450K .......... .......... .......... .......... .......... 85% 16.1M 0s
  3500K .......... .......... .......... .......... .......... 86% 21.3M 0s
  3550K .......... .......... .......... .......... .......... 87% 17.0M 0s
  3600K .......... .......... .......... .......... .......... 89% 13.3M 0s
  3650K .......... .......... .......... .......... .......... 90% 14.2M 0s
  3700K .......... .......... .......... .......... .......... 91% 16.0M 0s
  3750K .......... .......... .......... .......... .......... 92% 17.1M 0s
  3800K .......... .......... .......... .......... .......... 93% 14.8M 0s
  3850K .......... .......... .......... .......... .......... 95% 18.2M 0s
  3900K .......... .......... .......... .......... .......... 96% 15.9M 0s
  3950K .......... .......... .......... .......... .......... 97% 6.52M 0s
  4000K .......... .......... .......... .......... .......... 98% 13.3M 0s
  4050K .......... .......... .......... .......... ......    100% 47.2M=0.3s

2024-04-16 17:04:05 (13.8 MB/s) - ‘/home/feng/ros2_ws/build/multirobot_map_merge/map00.pgm’ saved [4194362/4194362]

--2024-04-16 17:04:05--  https://raw.githubusercontent.com/hrnr/m-explore-extra/master/map_merge/hector_maps/map05.pgm
Resolving raw.githubusercontent.com (raw.githubusercontent.com)... 185.199.109.133, 185.199.111.133, 185.199.110.133, ...
Connecting to raw.githubusercontent.com (raw.githubusercontent.com)|185.199.109.133|:443... connected.
HTTP request sent, awaiting response... 200 OK
Length: 4194362 (4.0M) [application/octet-stream]
Saving to: ‘/home/feng/ros2_ws/build/multirobot_map_merge/map05.pgm’

     0K .......... .......... .......... .......... ..........  1% 6.80M 1s
    50K .......... .......... .......... .......... ..........  2% 8.52M 1s
   100K .......... .......... .......... .......... ..........  3% 18.2M 0s
   150K .......... .......... .......... .......... ..........  4% 11.5M 0s
   200K .......... .......... .......... .......... ..........  6% 17.0M 0s
   250K .......... .......... .......... .......... ..........  7% 19.3M 0s
   300K .......... .......... .......... .......... ..........  8% 12.8M 0s
   350K .......... .......... .......... .......... ..........  9% 19.7M 0s
   400K .......... .......... .......... .......... .......... 10% 16.1M 0s
   450K .......... .......... .......... .......... .......... 12% 11.9M 0s
   500K .......... .......... .......... .......... .......... 13% 6.02M 0s
   550K .......... .......... .......... .......... .......... 14% 30.7M 0s
   600K .......... .......... .......... .......... .......... 15% 18.1M 0s
   650K .......... .......... .......... .......... .......... 17% 16.8M 0s
   700K .......... .......... .......... .......... .......... 18% 15.1M 0s
   750K .......... .......... .......... .......... .......... 19% 9.77M 0s
   800K .......... .......... .......... .......... .......... 20% 61.3M 0s
   850K .......... .......... .......... .......... .......... 21% 3.39M 0s
   900K .......... .......... .......... .......... .......... 23% 40.2M 0s
   950K .......... .......... .......... .......... .......... 24% 32.5M 0s
  1000K .......... .......... .......... .......... .......... 25%  113M 0s
  1050K .......... .......... .......... .......... .......... 26%  108M 0s
  1100K .......... .......... .......... .......... .......... 28%  211M 0s
  1150K .......... .......... .......... .......... .......... 29% 14.4M 0s
  1200K .......... .......... .......... .......... .......... 30% 16.5M 0s
  1250K .......... .......... .......... .......... .......... 31% 12.6M 0s
  1300K .......... .......... .......... .......... .......... 32% 18.7M 0s
  1350K .......... .......... .......... .......... .......... 34% 11.1M 0s
  1400K .......... .......... .......... .......... .......... 35% 21.0M 0s
  1450K .......... .......... .......... .......... .......... 36% 11.4M 0s
  1500K .......... .......... .......... .......... .......... 37% 13.2M 0s
  1550K .......... .......... .......... .......... .......... 39% 23.6M 0s
  1600K .......... .......... .......... .......... .......... 40% 6.98M 0s
  1650K .......... .......... .......... .......... .......... 41% 17.5M 0s
  1700K .......... .......... .......... .......... .......... 42% 11.3M 0s
  1750K .......... .......... .......... .......... .......... 43% 22.7M 0s
  1800K .......... .......... .......... .......... .......... 45% 25.7M 0s
  1850K .......... .......... .......... .......... .......... 46% 14.6M 0s
  1900K .......... .......... .......... .......... .......... 47% 14.2M 0s
  1950K .......... .......... .......... .......... .......... 48% 17.1M 0s
  2000K .......... .......... .......... .......... .......... 50% 33.7M 0s
  2050K .......... .......... .......... .......... .......... 51% 15.1M 0s
  2100K .......... .......... .......... .......... .......... 52% 15.6M 0s
  2150K .......... .......... .......... .......... .......... 53% 79.6M 0s
  2200K .......... .......... .......... .......... .......... 54% 13.9M 0s
  2250K .......... .......... .......... .......... .......... 56% 19.5M 0s
  2300K .......... .......... .......... .......... .......... 57% 16.3M 0s
  2350K .......... .......... .......... .......... .......... 58% 16.7M 0s
  2400K .......... .......... .......... .......... .......... 59% 34.5M 0s
  2450K .......... .......... .......... .......... .......... 61% 14.0M 0s
  2500K .......... .......... .......... .......... .......... 62% 14.0M 0s
  2550K .......... .......... .......... .......... .......... 63% 21.1M 0s
  2600K .......... .......... .......... .......... .......... 64% 4.47M 0s
  2650K .......... .......... .......... .......... .......... 65%  103M 0s
  2700K .......... .......... .......... .......... .......... 67% 32.8M 0s
  2750K .......... .......... .......... .......... .......... 68% 45.4M 0s
  2800K .......... .......... .......... .......... .......... 69% 23.3M 0s
  2850K .......... .......... .......... .......... .......... 70% 36.2M 0s
  2900K .......... .......... .......... .......... .......... 72% 16.6M 0s
  2950K .......... .......... .......... .......... .......... 73% 34.5M 0s
  3000K .......... .......... .......... .......... .......... 74% 16.0M 0s
  3050K .......... .......... .......... .......... .......... 75% 14.0M 0s
  3100K .......... .......... .......... .......... .......... 76% 12.0M 0s
  3150K .......... .......... .......... .......... .......... 78% 43.1M 0s
  3200K .......... .......... .......... .......... .......... 79% 17.1M 0s
  3250K .......... .......... .......... .......... .......... 80% 12.6M 0s
  3300K .......... .......... .......... .......... .......... 81% 26.7M 0s
  3350K .......... .......... .......... .......... .......... 83% 14.6M 0s
  3400K .......... .......... .......... .......... .......... 84% 23.3M 0s
  3450K .......... .......... .......... .......... .......... 85% 17.6M 0s
  3500K .......... .......... .......... .......... .......... 86% 18.6M 0s
  3550K .......... .......... .......... .......... .......... 87% 26.9M 0s
  3600K .......... .......... .......... .......... .......... 89% 13.8M 0s
  3650K .......... .......... .......... .......... .......... 90% 14.5M 0s
  3700K .......... .......... .......... .......... .......... 91% 26.1M 0s
  3750K .......... .......... .......... .......... .......... 92% 17.9M 0s
  3800K .......... .......... .......... .......... .......... 93% 16.0M 0s
  3850K .......... .......... .......... .......... .......... 95% 25.7M 0s
  3900K .......... .......... .......... .......... .......... 96% 13.6M 0s
  3950K .......... .......... .......... .......... .......... 97% 15.7M 0s
  4000K .......... .......... .......... .......... .......... 98% 17.2M 0s
  4050K .......... .......... .......... .......... ......    100% 18.7M=0.3s

2024-04-16 17:04:06 (15.8 MB/s) - ‘/home/feng/ros2_ws/build/multirobot_map_merge/map05.pgm’ saved [4194362/4194362]

--2024-04-16 17:04:06--  https://raw.githubusercontent.com/hrnr/m-explore-extra/master/map_merge/gmapping_maps/2011-08-09-12-22-52.pgm
Resolving raw.githubusercontent.com (raw.githubusercontent.com)... 185.199.110.133, 185.199.108.133, 185.199.109.133, ...
Connecting to raw.githubusercontent.com (raw.githubusercontent.com)|185.199.110.133|:443... connected.
HTTP request sent, awaiting response... 200 OK
Length: 16000058 (15M) [text/plain]
Saving to: ‘/home/feng/ros2_ws/build/multirobot_map_merge/2011-08-09-12-22-52.pgm’

     0K .......... .......... .......... .......... ..........  0% 6.14M 2s
    50K .......... .......... .......... .......... ..........  0% 6.16M 2s
   100K .......... .......... .......... .......... ..........  0% 7.96M 2s
   150K .......... .......... .......... .......... ..........  1% 14.9M 2s
   200K .......... .......... .......... .......... ..........  1% 11.6M 2s
   250K .......... .......... .......... .......... ..........  1% 17.6M 2s
   300K .......... .......... .......... .......... ..........  2% 22.6M 2s
   350K .......... .......... .......... .......... ..........  2% 10.3M 1s
   400K .......... .......... .......... .......... ..........  2% 11.6M 1s
   450K .......... .......... .......... .......... ..........  3% 21.8M 1s
   500K .......... .......... .......... .......... ..........  3% 14.7M 1s
   550K .......... .......... .......... .......... ..........  3% 17.9M 1s
   600K .......... .......... .......... .......... ..........  4% 17.9M 1s
   650K .......... .......... .......... .......... ..........  4% 10.7M 1s
   700K .......... .......... .......... .......... ..........  4%  172M 1s
   750K .......... .......... .......... .......... ..........  5% 21.0M 1s
   800K .......... .......... .......... .......... ..........  5% 8.89M 1s
   850K .......... .......... .......... .......... ..........  5% 39.9M 1s
   900K .......... .......... .......... .......... ..........  6% 15.0M 1s
   950K .......... .......... .......... .......... ..........  6% 14.8M 1s
  1000K .......... .......... .......... .......... ..........  6% 64.0M 1s
  1050K .......... .......... .......... .......... ..........  7% 12.1M 1s
  1100K .......... .......... .......... .......... ..........  7% 44.3M 1s
  1150K .......... .......... .......... .......... ..........  7% 9.46M 1s
  1200K .......... .......... .......... .......... ..........  7% 25.4M 1s
  1250K .......... .......... .......... .......... ..........  8% 14.6M 1s
  1300K .......... .......... .......... .......... ..........  8% 12.7M 1s
  1350K .......... .......... .......... .......... ..........  8% 9.71M 1s
  1400K .......... .......... .......... .......... ..........  9% 29.5M 1s
  1450K .......... .......... .......... .......... ..........  9% 8.97M 1s
  1500K .......... .......... .......... .......... ..........  9% 37.9M 1s
  1550K .......... .......... .......... .......... .......... 10% 6.62M 1s
  1600K .......... .......... .......... .......... .......... 10% 3.16M 1s
  1650K .......... .......... .......... .......... .......... 10% 45.8M 1s
  1700K .......... .......... .......... .......... .......... 11% 9.92M 1s
  1750K .......... .......... .......... .......... .......... 11% 24.8M 1s
  1800K .......... .......... .......... .......... .......... 11% 12.3M 1s
  1850K .......... .......... .......... .......... .......... 12%  207M 1s
  1900K .......... .......... .......... .......... .......... 12% 11.6M 1s
  1950K .......... .......... .......... .......... .......... 12% 23.7M 1s
  2000K .......... .......... .......... .......... .......... 13% 13.7M 1s
  2050K .......... .......... .......... .......... .......... 13% 8.43M 1s
  2100K .......... .......... .......... .......... .......... 13%  133M 1s
  2150K .......... .......... .......... .......... .......... 14% 14.6M 1s
  2200K .......... .......... .......... .......... .......... 14% 17.9M 1s
  2250K .......... .......... .......... .......... .......... 14% 20.2M 1s
  2300K .......... .......... .......... .......... .......... 15% 11.2M 1s
  2350K .......... .......... .......... .......... .......... 15% 22.0M 1s
  2400K .......... .......... .......... .......... .......... 15% 15.5M 1s
  2450K .......... .......... .......... .......... .......... 15% 14.1M 1s
  2500K .......... .......... .......... .......... .......... 16% 16.5M 1s
  2550K .......... .......... .......... .......... .......... 16% 29.1M 1s
  2600K .......... .......... .......... .......... .......... 16% 11.3M 1s
  2650K .......... .......... .......... .......... .......... 17% 12.0M 1s
  2700K .......... .......... .......... .......... .......... 17% 21.9M 1s
  2750K .......... .......... .......... .......... .......... 17% 3.31M 1s
  2800K .......... .......... .......... .......... .......... 18% 12.1M 1s
  2850K .......... .......... .......... .......... .......... 18% 20.0M 1s
  2900K .......... .......... .......... .......... .......... 18% 14.4M 1s
  2950K .......... .......... .......... .......... .......... 19% 11.1M 1s
  3000K .......... .......... .......... .......... .......... 19% 12.6M 1s
  3050K .......... .......... .......... .......... .......... 19% 21.4M 1s
  3100K .......... .......... .......... .......... .......... 20% 5.85M 1s
  3150K .......... .......... .......... .......... .......... 20% 18.2M 1s
  3200K .......... .......... .......... .......... .......... 20% 11.5M 1s
  3250K .......... .......... .......... .......... .......... 21% 10.2M 1s
  3300K .......... .......... .......... .......... .......... 21% 5.41M 1s
  3350K .......... .......... .......... .......... .......... 21% 22.1M 1s
  3400K .......... .......... .......... .......... .......... 22% 45.8M 1s
  3450K .......... .......... .......... .......... .......... 22% 35.9M 1s
  3500K .......... .......... .......... .......... .......... 22% 12.5M 1s
  3550K .......... .......... .......... .......... .......... 23% 17.3M 1s
  3600K .......... .......... .......... .......... .......... 23% 9.70M 1s
  3650K .......... .......... .......... .......... .......... 23% 17.7M 1s
  3700K .......... .......... .......... .......... .......... 23% 11.7M 1s
  3750K .......... .......... .......... .......... .......... 24% 15.0M 1s
  3800K .......... .......... .......... .......... .......... 24% 12.6M 1s
  3850K .......... .......... .......... .......... .......... 24% 14.8M 1s
  3900K .......... .......... .......... .......... .......... 25% 16.9M 1s
  3950K .......... .......... .......... .......... .......... 25% 11.4M 1s
  4000K .......... .......... .......... .......... .......... 25% 12.8M 1s
  4050K .......... .......... .......... .......... .......... 26% 10.6M 1s
  4100K .......... .......... .......... .......... .......... 26% 36.5M 1s
  4150K .......... .......... .......... .......... .......... 26% 11.4M 1s
  4200K .......... .......... .......... .......... .......... 27% 17.6M 1s
  4250K .......... .......... .......... .......... .......... 27% 15.3M 1s
  4300K .......... .......... .......... .......... .......... 27% 20.6M 1s
  4350K .......... .......... .......... .......... .......... 28% 15.2M 1s
  4400K .......... .......... .......... .......... .......... 28% 15.3M 1s
  4450K .......... .......... .......... .......... .......... 28% 18.4M 1s
  4500K .......... .......... .......... .......... .......... 29% 12.6M 1s
  4550K .......... .......... .......... .......... .......... 29% 24.4M 1s
  4600K .......... .......... .......... .......... .......... 29% 11.0M 1s
  4650K .......... .......... .......... .......... .......... 30% 10.6M 1s
  4700K .......... .......... .......... .......... .......... 30% 55.5M 1s
  4750K .......... .......... .......... .......... .......... 30% 12.6M 1s
  4800K .......... .......... .......... .......... .......... 31% 6.28M 1s
  4850K .......... .......... .......... .......... .......... 31% 11.1M 1s
  4900K .......... .......... .......... .......... .......... 31% 57.0M 1s
  4950K .......... .......... .......... .......... .......... 31% 54.3M 1s
  5000K .......... .......... .......... .......... .......... 32% 31.7M 1s
  5050K .......... .......... .......... .......... .......... 32% 22.2M 1s
  5100K .......... .......... .......... .......... .......... 32% 26.1M 1s
  5150K .......... .......... .......... .......... .......... 33% 13.8M 1s
  5200K .......... .......... .......... .......... .......... 33% 15.3M 1s
  5250K .......... .......... .......... .......... .......... 33% 17.4M 1s
  5300K .......... .......... .......... .......... .......... 34% 27.9M 1s
  5350K .......... .......... .......... .......... .......... 34% 17.5M 1s
  5400K .......... .......... .......... .......... .......... 34% 9.70M 1s
  5450K .......... .......... .......... .......... .......... 35% 26.7M 1s
  5500K .......... .......... .......... .......... .......... 35% 10.4M 1s
  5550K .......... .......... .......... .......... .......... 35% 24.3M 1s
  5600K .......... .......... .......... .......... .......... 36% 11.7M 1s
  5650K .......... .......... .......... .......... .......... 36% 10.2M 1s
  5700K .......... .......... .......... .......... .......... 36% 17.3M 1s
  5750K .......... .......... .......... .......... .......... 37% 21.4M 1s
  5800K .......... .......... .......... .......... .......... 37% 15.8M 1s
  5850K .......... .......... .......... .......... .......... 37% 21.7M 1s
  5900K .......... .......... .......... .......... .......... 38% 11.5M 1s
  5950K .......... .......... .......... .......... .......... 38% 23.6M 1s
  6000K .......... .......... .......... .......... .......... 38% 18.8M 1s
  6050K .......... .......... .......... .......... .......... 39% 13.2M 1s
  6100K .......... .......... .......... .......... .......... 39% 15.6M 1s
  6150K .......... .......... .......... .......... .......... 39% 13.9M 1s
  6200K .......... .......... .......... .......... .......... 39% 18.6M 1s
  6250K .......... .......... .......... .......... .......... 40% 14.3M 1s
  6300K .......... .......... .......... .......... .......... 40% 14.9M 1s
  6350K .......... .......... .......... .......... .......... 40% 29.3M 1s
  6400K .......... .......... .......... .......... .......... 41% 7.83M 1s
  6450K .......... .......... .......... .......... .......... 41% 23.6M 1s
  6500K .......... .......... .......... .......... .......... 41% 23.9M 1s
  6550K .......... .......... .......... .......... .......... 42% 16.0M 1s
  6600K .......... .......... .......... .......... .......... 42% 8.87M 1s
  6650K .......... .......... .......... .......... .......... 42% 54.8M 1s
  6700K .......... .......... .......... .......... .......... 43% 8.43M 1s
  6750K .......... .......... .......... .......... .......... 43% 45.4M 1s
  6800K .......... .......... .......... .......... .......... 43% 25.0M 1s
  6850K .......... .......... .......... .......... .......... 44% 15.3M 1s
  6900K .......... .......... .......... .......... .......... 44% 12.3M 1s
  6950K .......... .......... .......... .......... .......... 44% 26.8M 1s
  7000K .......... .......... .......... .......... .......... 45% 9.12M 1s
  7050K .......... .......... .......... .......... .......... 45% 45.2M 1s
  7100K .......... .......... .......... .......... .......... 45% 4.31M 1s
  7150K .......... .......... .......... .......... .......... 46% 36.1M 1s
  7200K .......... .......... .......... .......... .......... 46% 59.8M 1s
  7250K .......... .......... .......... .......... .......... 46%  222M 1s
  7300K .......... .......... .......... .......... .......... 47%  324M 1s
  7350K .......... .......... .......... .......... .......... 47% 6.98M 1s
  7400K .......... .......... .......... .......... .......... 47% 7.60M 1s
  7450K .......... .......... .......... .......... .......... 47% 25.5M 1s
  7500K .......... .......... .......... .......... .......... 48% 14.4M 1s
  7550K .......... .......... .......... .......... .......... 48% 29.8M 1s
  7600K .......... .......... .......... .......... .......... 48% 11.3M 1s
  7650K .......... .......... .......... .......... .......... 49% 18.0M 1s
  7700K .......... .......... .......... .......... .......... 49% 47.5M 1s
  7750K .......... .......... .......... .......... .......... 49% 13.1M 1s
  7800K .......... .......... .......... .......... .......... 50% 37.5M 1s
  7850K .......... .......... .......... .......... .......... 50% 9.21M 1s
  7900K .......... .......... .......... .......... .......... 50% 18.5M 1s
  7950K .......... .......... .......... .......... .......... 51% 16.5M 1s
  8000K .......... .......... .......... .......... .......... 51% 30.4M 1s
  8050K .......... .......... .......... .......... .......... 51% 6.46M 1s
  8100K .......... .......... .......... .......... .......... 52% 13.6M 1s
  8150K .......... .......... .......... .......... .......... 52% 42.1M 1s
  8200K .......... .......... .......... .......... .......... 52% 31.0M 1s
  8250K .......... .......... .......... .......... .......... 53% 36.0M 1s
  8300K .......... .......... .......... .......... .......... 53% 28.0M 0s
  8350K .......... .......... .......... .......... .......... 53% 23.3M 0s
  8400K .......... .......... .......... .......... .......... 54% 27.0M 0s
  8450K .......... .......... .......... .......... .......... 54% 14.9M 0s
  8500K .......... .......... .......... .......... .......... 54% 29.2M 0s
  8550K .......... .......... .......... .......... .......... 55% 16.2M 0s
  8600K .......... .......... .......... .......... .......... 55% 8.64M 0s
  8650K .......... .......... .......... .......... .......... 55% 32.1M 0s
  8700K .......... .......... .......... .......... .......... 55% 16.2M 0s
  8750K .......... .......... .......... .......... .......... 56% 18.8M 0s
  8800K .......... .......... .......... .......... .......... 56% 15.4M 0s
  8850K .......... .......... .......... .......... .......... 56% 15.3M 0s
  8900K .......... .......... .......... .......... .......... 57% 14.0M 0s
  8950K .......... .......... .......... .......... .......... 57% 36.1M 0s
  9000K .......... .......... .......... .......... .......... 57% 12.6M 0s
  9050K .......... .......... .......... .......... .......... 58% 15.2M 0s
  9100K .......... .......... .......... .......... .......... 58% 15.6M 0s
  9150K .......... .......... .......... .......... .......... 58% 41.0M 0s
  9200K .......... .......... .......... .......... .......... 59% 13.7M 0s
  9250K .......... .......... .......... .......... .......... 59% 16.6M 0s
  9300K .......... .......... .......... .......... .......... 59% 14.4M 0s
  9350K .......... .......... .......... .......... .......... 60% 25.9M 0s
  9400K .......... .......... .......... .......... .......... 60% 26.6M 0s
  9450K .......... .......... .......... .......... .......... 60% 16.1M 0s
  9500K .......... .......... .......... .......... .......... 61% 25.6M 0s
  9550K .......... .......... .......... .......... .......... 61% 10.9M 0s
  9600K .......... .......... .......... .......... .......... 61% 29.3M 0s
  9650K .......... .......... .......... .......... .......... 62% 19.1M 0s
  9700K .......... .......... .......... .......... .......... 62% 18.4M 0s
  9750K .......... .......... .......... .......... .......... 62% 12.0M 0s
  9800K .......... .......... .......... .......... .......... 63% 19.7M 0s
  9850K .......... .......... .......... .......... .......... 63% 23.2M 0s
  9900K .......... .......... .......... .......... .......... 63% 4.74M 0s
  9950K .......... .......... .......... .......... .......... 63% 40.7M 0s
 10000K .......... .......... .......... .......... .......... 64% 59.2M 0s
 10050K .......... .......... .......... .......... .......... 64% 68.7M 0s
 10100K .......... .......... .......... .......... .......... 64% 12.2M 0s
 10150K .......... .......... .......... .......... .......... 65% 5.00M 0s
 10200K .......... .......... .......... .......... .......... 65% 31.7M 0s
 10250K .......... .......... .......... .......... .......... 65% 18.5M 0s
 10300K .......... .......... .......... .......... .......... 66% 23.4M 0s
 10350K .......... .......... .......... .......... .......... 66% 11.2M 0s
 10400K .......... .......... .......... .......... .......... 66% 18.4M 0s
 10450K .......... .......... .......... .......... .......... 67% 10.2M 0s
 10500K .......... .......... .......... .......... .......... 67% 13.4M 0s
 10550K .......... .......... .......... .......... .......... 67% 20.4M 0s
 10600K .......... .......... .......... .......... .......... 68% 20.2M 0s
 10650K .......... .......... .......... .......... .......... 68% 11.3M 0s
 10700K .......... .......... .......... .......... .......... 68% 16.8M 0s
 10750K .......... .......... .......... .......... .......... 69% 15.1M 0s
 10800K .......... .......... .......... .......... .......... 69% 12.4M 0s
 10850K .......... .......... .......... .......... .......... 69% 21.5M 0s
 10900K .......... .......... .......... .......... .......... 70% 17.7M 0s
 10950K .......... .......... .......... .......... .......... 70% 12.6M 0s
 11000K .......... .......... .......... .......... .......... 70% 29.4M 0s
 11050K .......... .......... .......... .......... .......... 71% 13.3M 0s
 11100K .......... .......... .......... .......... .......... 71% 19.3M 0s
 11150K .......... .......... .......... .......... .......... 71% 18.6M 0s
 11200K .......... .......... .......... .......... .......... 71% 12.2M 0s
 11250K .......... .......... .......... .......... .......... 72% 18.4M 0s
 11300K .......... .......... .......... .......... .......... 72% 16.2M 0s
 11350K .......... .......... .......... .......... .......... 72% 10.6M 0s
 11400K .......... .......... .......... .......... .......... 73% 18.2M 0s
 11450K .......... .......... .......... .......... .......... 73% 46.6M 0s
 11500K .......... .......... .......... .......... .......... 73% 4.27M 0s
 11550K .......... .......... .......... .......... .......... 74% 7.40M 0s
 11600K .......... .......... .......... .......... .......... 74% 26.8M 0s
 11650K .......... .......... .......... .......... .......... 74% 28.6M 0s
 11700K .......... .......... .......... .......... .......... 75% 14.5M 0s
 11750K .......... .......... .......... .......... .......... 75% 17.4M 0s
 11800K .......... .......... .......... .......... .......... 75% 14.6M 0s
 11850K .......... .......... .......... .......... .......... 76% 17.3M 0s
 11900K .......... .......... .......... .......... .......... 76% 17.8M 0s
 11950K .......... .......... .......... .......... .......... 76% 22.1M 0s
 12000K .......... .......... .......... .......... .......... 77% 14.7M 0s
 12050K .......... .......... .......... .......... .......... 77% 19.1M 0s
 12100K .......... .......... .......... .......... .......... 77% 18.5M 0s
 12150K .......... .......... .......... .......... .......... 78% 15.6M 0s
 12200K .......... .......... .......... .......... .......... 78% 11.7M 0s
 12250K .......... .......... .......... .......... .......... 78% 15.3M 0s
 12300K .......... .......... .......... .......... .......... 79% 10.6M 0s
 12350K .......... .......... .......... .......... .......... 79% 18.1M 0s
 12400K .......... .......... .......... .......... .......... 79% 13.8M 0s
 12450K .......... .......... .......... .......... .......... 79% 11.7M 0s
 12500K .......... .......... .......... .......... .......... 80% 19.8M 0s
 12550K .......... .......... .......... .......... .......... 80% 14.3M 0s
 12600K .......... .......... .......... .......... .......... 80% 12.3M 0s
 12650K .......... .......... .......... .......... .......... 81% 19.4M 0s
 12700K .......... .......... .......... .......... .......... 81% 23.5M 0s
 12750K .......... .......... .......... .......... .......... 81% 14.0M 0s
 12800K .......... .......... .......... .......... .......... 82% 15.4M 0s
 12850K .......... .......... .......... .......... .......... 82% 14.3M 0s
 12900K .......... .......... .......... .......... .......... 82% 24.3M 0s
 12950K .......... .......... .......... .......... .......... 83% 26.9M 0s
 13000K .......... .......... .......... .......... .......... 83% 17.4M 0s
 13050K .......... .......... .......... .......... .......... 83% 16.5M 0s
 13100K .......... .......... .......... .......... .......... 84% 21.8M 0s
 13150K .......... .......... .......... .......... .......... 84% 23.7M 0s
 13200K .......... .......... .......... .......... .......... 84%  947K 0s
 13250K .......... .......... .......... .......... .......... 85% 23.6M 0s
 13300K .......... .......... .......... .......... .......... 85% 24.7M 0s
 13350K .......... .......... .......... .......... .......... 85% 22.4M 0s
 13400K .......... .......... .......... .......... .......... 86% 22.5M 0s
 13450K .......... .......... .......... .......... .......... 86% 24.4M 0s
 13500K .......... .......... .......... .......... .......... 86% 22.4M 0s
 13550K .......... .......... .......... .......... .......... 87% 26.6M 0s
 13600K .......... .......... .......... .......... .......... 87% 22.5M 0s
 13650K .......... .......... .......... .......... .......... 87% 25.3M 0s
 13700K .......... .......... .......... .......... .......... 87% 21.2M 0s
 13750K .......... .......... .......... .......... .......... 88% 23.6M 0s
 13800K .......... .......... .......... .......... .......... 88% 29.8M 0s
 13850K .......... .......... .......... .......... .......... 88% 18.6M 0s
 13900K .......... .......... .......... .......... .......... 89% 17.5M 0s
 13950K .......... .......... .......... .......... .......... 89% 26.1M 0s
 14000K .......... .......... .......... .......... .......... 89% 20.6M 0s
 14050K .......... .......... .......... .......... .......... 90% 28.6M 0s
 14100K .......... .......... .......... .......... .......... 90% 18.4M 0s
 14150K .......... .......... .......... .......... .......... 90% 28.6M 0s
 14200K .......... .......... .......... .......... .......... 91% 20.9M 0s
 14250K .......... .......... .......... .......... .......... 91% 16.5M 0s
 14300K .......... .......... .......... .......... .......... 91% 26.3M 0s
 14350K .......... .......... .......... .......... .......... 92% 22.0M 0s
 14400K .......... .......... .......... .......... .......... 92% 24.0M 0s
 14450K .......... .......... .......... .......... .......... 92% 17.3M 0s
 14500K .......... .......... .......... .......... .......... 93% 27.0M 0s
 14550K .......... .......... .......... .......... .......... 93% 22.3M 0s
 14600K .......... .......... .......... .......... .......... 93% 25.6M 0s
 14650K .......... .......... .......... .......... .......... 94% 22.5M 0s
 14700K .......... .......... .......... .......... .......... 94% 22.7M 0s
 14750K .......... .......... .......... .......... .......... 94% 22.6M 0s
 14800K .......... .......... .......... .......... .......... 95% 23.3M 0s
 14850K .......... .......... .......... .......... .......... 95% 72.5M 0s
 14900K .......... .......... .......... .......... .......... 95%  314M 0s
 14950K .......... .......... .......... .......... .......... 95%  327M 0s
 15000K .......... .......... .......... .......... .......... 96%  296M 0s
 15050K .......... .......... .......... .......... .......... 96%  322M 0s
 15100K .......... .......... .......... .......... .......... 96%  321M 0s
 15150K .......... .......... .......... .......... .......... 97%  334M 0s
 15200K .......... .......... .......... .......... .......... 97%  208M 0s
 15250K .......... .......... .......... .......... .......... 97%  267M 0s
 15300K .......... .......... .......... .......... .......... 98%  324M 0s
 15350K .......... .......... .......... .......... .......... 98%  258M 0s
 15400K .......... .......... .......... .......... .......... 98% 33.9M 0s
 15450K .......... .......... .......... .......... .......... 99% 45.0M 0s
 15500K .......... .......... .......... .......... .......... 99% 16.9M 0s
 15550K .......... .......... .......... .......... .......... 99% 24.1M 0s
 15600K .......... .......... .....                           100% 21.5M=1.0s

2024-04-16 17:04:15 (15.2 MB/s) - ‘/home/feng/ros2_ws/build/multirobot_map_merge/2011-08-09-12-22-52.pgm’ saved [16000058/16000058]

--2024-04-16 17:04:15--  https://raw.githubusercontent.com/hrnr/m-explore-extra/master/map_merge/gmapping_maps/2012-01-28-11-12-01.pgm
Resolving raw.githubusercontent.com (raw.githubusercontent.com)... 185.199.111.133, 185.199.108.133, 185.199.109.133, ...
Connecting to raw.githubusercontent.com (raw.githubusercontent.com)|185.199.111.133|:443... connected.
HTTP request sent, awaiting response... 200 OK
Length: 16000058 (15M) [text/plain]
Saving to: ‘/home/feng/ros2_ws/build/multirobot_map_merge/2012-01-28-11-12-01.pgm’

     0K .......... .......... .......... .......... ..........  0% 7.50M 2s
    50K .......... .......... .......... .......... ..........  0% 8.29M 2s
   100K .......... .......... .......... .......... ..........  0% 14.7M 2s
   150K .......... .......... .......... .......... ..........  1% 8.75M 2s
   200K .......... .......... .......... .......... ..........  1% 14.3M 2s
   250K .......... .......... .......... .......... ..........  1% 14.4M 1s
   300K .......... .......... .......... .......... ..........  2% 8.33M 1s
   350K .......... .......... .......... .......... ..........  2% 14.6M 1s
   400K .......... .......... .......... .......... ..........  2% 14.4M 1s
   450K .......... .......... .......... .......... ..........  3% 9.35M 1s
   500K .......... .......... .......... .......... ..........  3% 20.5M 1s
   550K .......... .......... .......... .......... ..........  3% 11.8M 1s
   600K .......... .......... .......... .......... ..........  4% 11.7M 1s
   650K .......... .......... .......... .......... ..........  4% 13.5M 1s
   700K .......... .......... .......... .......... ..........  4% 19.9M 1s
   750K .......... .......... .......... .......... ..........  5% 18.6M 1s
   800K .......... .......... .......... .......... ..........  5% 10.5M 1s
   850K .......... .......... .......... .......... ..........  5% 14.7M 1s
   900K .......... .......... .......... .......... ..........  6% 14.9M 1s
   950K .......... .......... .......... .......... ..........  6% 12.9M 1s
  1000K .......... .......... .......... .......... ..........  6% 17.0M 1s
  1050K .......... .......... .......... .......... ..........  7% 8.58M 1s
  1100K .......... .......... .......... .......... ..........  7% 13.5M 1s
  1150K .......... .......... .......... .......... ..........  7% 15.4M 1s
  1200K .......... .......... .......... .......... ..........  7% 10.0M 1s
  1250K .......... .......... .......... .......... ..........  8% 13.0M 1s
  1300K .......... .......... .......... .......... ..........  8% 19.5M 1s
  1350K .......... .......... .......... .......... ..........  8% 14.4M 1s
  1400K .......... .......... .......... .......... ..........  9% 18.2M 1s
  1450K .......... .......... .......... .......... ..........  9% 14.6M 1s
  1500K .......... .......... .......... .......... ..........  9% 14.2M 1s
  1550K .......... .......... .......... .......... .......... 10% 22.5M 1s
  1600K .......... .......... .......... .......... .......... 10% 4.17M 1s
  1650K .......... .......... .......... .......... .......... 10% 55.2M 1s
  1700K .......... .......... .......... .......... .......... 11% 47.7M 1s
  1750K .......... .......... .......... .......... .......... 11% 45.8M 1s
  1800K .......... .......... .......... .......... .......... 11% 11.6M 1s
  1850K .......... .......... .......... .......... .......... 12% 12.0M 1s
  1900K .......... .......... .......... .......... .......... 12% 20.4M 1s
  1950K .......... .......... .......... .......... .......... 12% 11.4M 1s
  2000K .......... .......... .......... .......... .......... 13% 40.9M 1s
  2050K .......... .......... .......... .......... .......... 13% 13.4M 1s
  2100K .......... .......... .......... .......... .......... 13% 15.2M 1s
  2150K .......... .......... .......... .......... .......... 14% 19.7M 1s
  2200K .......... .......... .......... .......... .......... 14% 13.3M 1s
  2250K .......... .......... .......... .......... .......... 14% 17.8M 1s
  2300K .......... .......... .......... .......... .......... 15% 24.8M 1s
  2350K .......... .......... .......... .......... .......... 15% 9.87M 1s
  2400K .......... .......... .......... .......... .......... 15% 10.4M 1s
  2450K .......... .......... .......... .......... .......... 15% 7.73M 1s
  2500K .......... .......... .......... .......... .......... 16% 11.7M 1s
  2550K .......... .......... .......... .......... .......... 16% 35.6M 1s
  2600K .......... .......... .......... .......... .......... 16% 14.1M 1s
  2650K .......... .......... .......... .......... .......... 17% 8.41M 1s
  2700K .......... .......... .......... .......... .......... 17% 18.0M 1s
  2750K .......... .......... .......... .......... .......... 17% 10.0M 1s
  2800K .......... .......... .......... .......... .......... 18% 20.8M 1s
  2850K .......... .......... .......... .......... .......... 18% 18.6M 1s
  2900K .......... .......... .......... .......... .......... 18% 11.1M 1s
  2950K .......... .......... .......... .......... .......... 19% 19.4M 1s
  3000K .......... .......... .......... .......... .......... 19% 16.9M 1s
  3050K .......... .......... .......... .......... .......... 19% 5.28M 1s
  3100K .......... .......... .......... .......... .......... 20% 18.7M 1s
  3150K .......... .......... .......... .......... .......... 20% 86.6M 1s
  3200K .......... .......... .......... .......... .......... 20% 34.5M 1s
  3250K .......... .......... .......... .......... .......... 21% 27.5M 1s
  3300K .......... .......... .......... .......... .......... 21% 11.2M 1s
  3350K .......... .......... .......... .......... .......... 21% 19.0M 1s
  3400K .......... .......... .......... .......... .......... 22% 8.58M 1s
  3450K .......... .......... .......... .......... .......... 22%  180M 1s
  3500K .......... .......... .......... .......... .......... 22% 10.8M 1s
  3550K .......... .......... .......... .......... .......... 23% 12.6M 1s
  3600K .......... .......... .......... .......... .......... 23% 45.8M 1s
  3650K .......... .......... .......... .......... .......... 23% 8.34M 1s
  3700K .......... .......... .......... .......... .......... 23% 8.29M 1s
  3750K .......... .......... .......... .......... .......... 24% 42.2M 1s
  3800K .......... .......... .......... .......... .......... 24% 18.0M 1s
  3850K .......... .......... .......... .......... .......... 24% 13.4M 1s
  3900K .......... .......... .......... .......... .......... 25% 8.92M 1s
  3950K .......... .......... .......... .......... .......... 25% 17.5M 1s
  4000K .......... .......... .......... .......... .......... 25% 11.8M 1s
  4050K .......... .......... .......... .......... .......... 26% 13.7M 1s
  4100K .......... .......... .......... .......... .......... 26% 27.5M 1s
  4150K .......... .......... .......... .......... .......... 26% 14.9M 1s
  4200K .......... .......... .......... .......... .......... 27% 8.56M 1s
  4250K .......... .......... .......... .......... .......... 27% 26.0M 1s
  4300K .......... .......... .......... .......... .......... 27% 12.8M 1s
  4350K .......... .......... .......... .......... .......... 28% 17.8M 1s
  4400K .......... .......... .......... .......... .......... 28% 22.4M 1s
  4450K .......... .......... .......... .......... .......... 28% 5.73M 1s
  4500K .......... .......... .......... .......... .......... 29% 44.1M 1s
  4550K .......... .......... .......... .......... .......... 29% 35.2M 1s
  4600K .......... .......... .......... .......... .......... 29% 14.9M 1s
  4650K .......... .......... .......... .......... .......... 30% 36.5M 1s
  4700K .......... .......... .......... .......... .......... 30% 15.4M 1s
  4750K .......... .......... .......... .......... .......... 30% 11.4M 1s
  4800K .......... .......... .......... .......... .......... 31% 29.7M 1s
  4850K .......... .......... .......... .......... .......... 31% 25.1M 1s
  4900K .......... .......... .......... .......... .......... 31% 25.4M 1s
  4950K .......... .......... .......... .......... .......... 31% 20.1M 1s
  5000K .......... .......... .......... .......... .......... 32% 15.0M 1s
  5050K .......... .......... .......... .......... .......... 32% 20.5M 1s
  5100K .......... .......... .......... .......... .......... 32% 7.96M 1s
  5150K .......... .......... .......... .......... .......... 33% 21.0M 1s
  5200K .......... .......... .......... .......... .......... 33% 15.4M 1s
  5250K .......... .......... .......... .......... .......... 33% 16.3M 1s
  5300K .......... .......... .......... .......... .......... 34% 25.8M 1s
  5350K .......... .......... .......... .......... .......... 34% 7.70M 1s
  5400K .......... .......... .......... .......... .......... 34% 16.8M 1s
  5450K .......... .......... .......... .......... .......... 35% 14.7M 1s
  5500K .......... .......... .......... .......... .......... 35% 9.08M 1s
  5550K .......... .......... .......... .......... .......... 35% 11.2M 1s
  5600K .......... .......... .......... .......... .......... 36% 39.3M 1s
  5650K .......... .......... .......... .......... .......... 36% 11.3M 1s
  5700K .......... .......... .......... .......... .......... 36% 27.3M 1s
  5750K .......... .......... .......... .......... .......... 37% 7.69M 1s
  5800K .......... .......... .......... .......... .......... 37% 22.5M 1s
  5850K .......... .......... .......... .......... .......... 37% 17.9M 1s
  5900K .......... .......... .......... .......... .......... 38% 14.4M 1s
  5950K .......... .......... .......... .......... .......... 38% 13.1M 1s
  6000K .......... .......... .......... .......... .......... 38% 8.19M 1s
  6050K .......... .......... .......... .......... .......... 39% 68.8M 1s
  6100K .......... .......... .......... .......... .......... 39% 5.28M 1s
  6150K .......... .......... .......... .......... .......... 39%  204M 1s
  6200K .......... .......... .......... .......... .......... 39%  293M 1s
  6250K .......... .......... .......... .......... .......... 40%  114M 1s
  6300K .......... .......... .......... .......... .......... 40% 14.7M 1s
  6350K .......... .......... .......... .......... .......... 40% 15.9M 1s
  6400K .......... .......... .......... .......... .......... 41% 17.0M 1s
  6450K .......... .......... .......... .......... .......... 41% 17.6M 1s
  6500K .......... .......... .......... .......... .......... 41% 15.3M 1s
  6550K .......... .......... .......... .......... .......... 42% 16.3M 1s
  6600K .......... .......... .......... .......... .......... 42% 9.83M 1s
  6650K .......... .......... .......... .......... .......... 42% 21.8M 1s
  6700K .......... .......... .......... .......... .......... 43% 28.9M 1s
  6750K .......... .......... .......... .......... .......... 43% 15.9M 1s
  6800K .......... .......... .......... .......... .......... 43% 12.3M 1s
  6850K .......... .......... .......... .......... .......... 44% 18.5M 1s
  6900K .......... .......... .......... .......... .......... 44% 14.5M 1s
  6950K .......... .......... .......... .......... .......... 44% 15.7M 1s
  7000K .......... .......... .......... .......... .......... 45% 22.6M 1s
  7050K .......... .......... .......... .......... .......... 45% 14.7M 1s
  7100K .......... .......... .......... .......... .......... 45% 20.3M 1s
  7150K .......... .......... .......... .......... .......... 46% 19.1M 1s
  7200K .......... .......... .......... .......... .......... 46% 11.3M 1s
  7250K .......... .......... .......... .......... .......... 46% 14.2M 1s
  7300K .......... .......... .......... .......... .......... 47% 19.6M 1s
  7350K .......... .......... .......... .......... .......... 47% 17.9M 1s
  7400K .......... .......... .......... .......... .......... 47% 19.7M 1s
  7450K .......... .......... .......... .......... .......... 47% 10.2M 1s
  7500K .......... .......... .......... .......... .......... 48% 14.9M 1s
  7550K .......... .......... .......... .......... .......... 48% 19.6M 1s
  7600K .......... .......... .......... .......... .......... 48% 14.1M 1s
  7650K .......... .......... .......... .......... .......... 49% 6.82M 1s
  7700K .......... .......... .......... .......... .......... 49% 43.2M 1s
  7750K .......... .......... .......... .......... .......... 49% 29.5M 1s
  7800K .......... .......... .......... .......... .......... 50% 25.4M 1s
  7850K .......... .......... .......... .......... .......... 50% 3.87M 1s
  7900K .......... .......... .......... .......... .......... 50% 31.0M 1s
  7950K .......... .......... .......... .......... .......... 51% 24.8M 1s
  8000K .......... .......... .......... .......... .......... 51% 28.1M 1s
  8050K .......... .......... .......... .......... .......... 51% 39.9M 1s
  8100K .......... .......... .......... .......... .......... 52% 35.4M 1s
  8150K .......... .......... .......... .......... .......... 52% 48.3M 1s
  8200K .......... .......... .......... .......... .......... 52% 17.3M 0s
  8250K .......... .......... .......... .......... .......... 53% 16.6M 0s
  8300K .......... .......... .......... .......... .......... 53% 4.98M 0s
  8350K .......... .......... .......... .......... .......... 53% 40.3M 0s
  8400K .......... .......... .......... .......... .......... 54% 38.0M 0s
  8450K .......... .......... .......... .......... .......... 54% 37.6M 0s
  8500K .......... .......... .......... .......... .......... 54% 33.3M 0s
  8550K .......... .......... .......... .......... .......... 55% 14.2M 0s
  8600K .......... .......... .......... .......... .......... 55% 21.2M 0s
  8650K .......... .......... .......... .......... .......... 55% 20.0M 0s
  8700K .......... .......... .......... .......... .......... 55% 23.7M 0s
  8750K .......... .......... .......... .......... .......... 56% 10.3M 0s
  8800K .......... .......... .......... .......... .......... 56% 13.0M 0s
  8850K .......... .......... .......... .......... .......... 56% 48.8M 0s
  8900K .......... .......... .......... .......... .......... 57% 16.2M 0s
  8950K .......... .......... .......... .......... .......... 57% 12.7M 0s
  9000K .......... .......... .......... .......... .......... 57% 28.5M 0s
  9050K .......... .......... .......... .......... .......... 58% 19.5M 0s
  9100K .......... .......... .......... .......... .......... 58% 24.3M 0s
  9150K .......... .......... .......... .......... .......... 58% 20.3M 0s
  9200K .......... .......... .......... .......... .......... 59% 6.14M 0s
  9250K .......... .......... .......... .......... .......... 59% 11.4M 0s
  9300K .......... .......... .......... .......... .......... 59% 10.3M 0s
  9350K .......... .......... .......... .......... .......... 60% 18.4M 0s
  9400K .......... .......... .......... .......... .......... 60% 42.4M 0s
  9450K .......... .......... .......... .......... .......... 60% 42.2M 0s
  9500K .......... .......... .......... .......... .......... 61% 5.25M 0s
  9550K .......... .......... .......... .......... .......... 61% 35.0M 0s
  9600K .......... .......... .......... .......... .......... 61% 63.0M 0s
  9650K .......... .......... .......... .......... .......... 62% 28.2M 0s
  9700K .......... .......... .......... .......... .......... 62% 45.9M 0s
  9750K .......... .......... .......... .......... .......... 62% 11.0M 0s
  9800K .......... .......... .......... .......... .......... 63% 45.8M 0s
  9850K .......... .......... .......... .......... .......... 63% 8.75M 0s
  9900K .......... .......... .......... .......... .......... 63% 48.5M 0s
  9950K .......... .......... .......... .......... .......... 63% 18.7M 0s
 10000K .......... .......... .......... .......... .......... 64% 64.4M 0s
 10050K .......... .......... .......... .......... .......... 64% 11.9M 0s
 10100K .......... .......... .......... .......... .......... 64% 15.8M 0s
 10150K .......... .......... .......... .......... .......... 65% 48.1M 0s
 10200K .......... .......... .......... .......... .......... 65% 16.0M 0s
 10250K .......... .......... .......... .......... .......... 65% 11.3M 0s
 10300K .......... .......... .......... .......... .......... 66% 57.4M 0s
 10350K .......... .......... .......... .......... .......... 66% 14.6M 0s
 10400K .......... .......... .......... .......... .......... 66% 11.5M 0s
 10450K .......... .......... .......... .......... .......... 67% 29.2M 0s
 10500K .......... .......... .......... .......... .......... 67% 15.2M 0s
 10550K .......... .......... .......... .......... .......... 67% 20.0M 0s
 10600K .......... .......... .......... .......... .......... 68% 24.4M 0s
 10650K .......... .......... .......... .......... .......... 68% 18.4M 0s
 10700K .......... .......... .......... .......... .......... 68% 24.2M 0s
 10750K .......... .......... .......... .......... .......... 69% 11.5M 0s
 10800K .......... .......... .......... .......... .......... 69% 38.0M 0s
 10850K .......... .......... .......... .......... .......... 69% 14.8M 0s
 10900K .......... .......... .......... .......... .......... 70% 27.1M 0s
 10950K .......... .......... .......... .......... .......... 70% 14.0M 0s
 11000K .......... .......... .......... .......... .......... 70% 18.3M 0s
 11050K .......... .......... .......... .......... .......... 71% 16.5M 0s
 11100K .......... .......... .......... .......... .......... 71% 21.2M 0s
 11150K .......... .......... .......... .......... .......... 71% 10.2M 0s
 11200K .......... .......... .......... .......... .......... 71% 34.9M 0s
 11250K .......... .......... .......... .......... .......... 72% 4.56M 0s
 11300K .......... .......... .......... .......... .......... 72% 13.1M 0s
 11350K .......... .......... .......... .......... .......... 72% 51.8M 0s
 11400K .......... .......... .......... .......... .......... 73% 46.0M 0s
 11450K .......... .......... .......... .......... .......... 73% 26.1M 0s
 11500K .......... .......... .......... .......... .......... 73% 69.3M 0s
 11550K .......... .......... .......... .......... .......... 74% 52.0M 0s
 11600K .......... .......... .......... .......... .......... 74% 40.5M 0s
 11650K .......... .......... .......... .......... .......... 74% 17.3M 0s
 11700K .......... .......... .......... .......... .......... 75% 10.1M 0s
 11750K .......... .......... .......... .......... .......... 75% 39.8M 0s
 11800K .......... .......... .......... .......... .......... 75% 44.5M 0s
 11850K .......... .......... .......... .......... .......... 76% 12.2M 0s
 11900K .......... .......... .......... .......... .......... 76% 26.4M 0s
 11950K .......... .......... .......... .......... .......... 76% 16.5M 0s
 12000K .......... .......... .......... .......... .......... 77% 31.5M 0s
 12050K .......... .......... .......... .......... .......... 77% 12.4M 0s
 12100K .......... .......... .......... .......... .......... 77% 12.5M 0s
 12150K .......... .......... .......... .......... .......... 78% 41.7M 0s
 12200K .......... .......... .......... .......... .......... 78% 13.0M 0s
 12250K .......... .......... .......... .......... .......... 78% 32.0M 0s
 12300K .......... .......... .......... .......... .......... 79% 20.7M 0s
 12350K .......... .......... .......... .......... .......... 79% 17.8M 0s
 12400K .......... .......... .......... .......... .......... 79% 17.0M 0s
 12450K .......... .......... .......... .......... .......... 79% 13.7M 0s
 12500K .......... .......... .......... .......... .......... 80% 14.6M 0s
 12550K .......... .......... .......... .......... .......... 80% 37.9M 0s
 12600K .......... .......... .......... .......... .......... 80% 20.2M 0s
 12650K .......... .......... .......... .......... .......... 81% 16.2M 0s
 12700K .......... .......... .......... .......... .......... 81% 20.9M 0s
 12750K .......... .......... .......... .......... .......... 81% 17.6M 0s
 12800K .......... .......... .......... .......... .......... 82% 13.3M 0s
 12850K .......... .......... .......... .......... .......... 82% 13.6M 0s
 12900K .......... .......... .......... .......... .......... 82% 17.0M 0s
 12950K .......... .......... .......... .......... .......... 83% 19.5M 0s
 13000K .......... .......... .......... .......... .......... 83% 32.1M 0s
 13050K .......... .......... .......... .......... .......... 83% 15.4M 0s
 13100K .......... .......... .......... .......... .......... 84% 18.9M 0s
 13150K .......... .......... .......... .......... .......... 84% 19.6M 0s
 13200K .......... .......... .......... .......... .......... 84% 18.4M 0s
 13250K .......... .......... .......... .......... .......... 85% 7.50M 0s
 13300K .......... .......... .......... .......... .......... 85%  166M 0s
 13350K .......... .......... .......... .......... .......... 85% 13.4M 0s
 13400K .......... .......... .......... .......... .......... 86% 61.9M 0s
 13450K .......... .......... .......... .......... .......... 86% 12.2M 0s
 13500K .......... .......... .......... .......... .......... 86% 18.4M 0s
 13550K .......... .......... .......... .......... .......... 87% 51.0M 0s
 13600K .......... .......... .......... .......... .......... 87% 9.68M 0s
 13650K .......... .......... .......... .......... .......... 87% 97.0M 0s
 13700K .......... .......... .......... .......... .......... 87% 5.52M 0s
 13750K .......... .......... .......... .......... .......... 88% 89.8M 0s
 13800K .......... .......... .......... .......... .......... 88%  232M 0s
 13850K .......... .......... .......... .......... .......... 88% 15.5M 0s
 13900K .......... .......... .......... .......... .......... 89% 39.1M 0s
 13950K .......... .......... .......... .......... .......... 89% 16.8M 0s
 14000K .......... .......... .......... .......... .......... 89% 37.7M 0s
 14050K .......... .......... .......... .......... .......... 90% 10.8M 0s
 14100K .......... .......... .......... .......... .......... 90% 10.3M 0s
 14150K .......... .......... .......... .......... .......... 90%  173M 0s
 14200K .......... .......... .......... .......... .......... 91% 17.9M 0s
 14250K .......... .......... .......... .......... .......... 91% 14.4M 0s
 14300K .......... .......... .......... .......... .......... 91% 38.4M 0s
 14350K .......... .......... .......... .......... .......... 92% 15.8M 0s
 14400K .......... .......... .......... .......... .......... 92% 17.6M 0s
 14450K .......... .......... .......... .......... .......... 92% 12.9M 0s
 14500K .......... .......... .......... .......... .......... 93% 23.0M 0s
 14550K .......... .......... .......... .......... .......... 93% 17.6M 0s
 14600K .......... .......... .......... .......... .......... 93% 23.5M 0s
 14650K .......... .......... .......... .......... .......... 94% 17.0M 0s
 14700K .......... .......... .......... .......... .......... 94% 5.23M 0s
 14750K .......... .......... .......... .......... .......... 94% 10.9M 0s
 14800K .......... .......... .......... .......... .......... 95% 14.3M 0s
 14850K .......... .......... .......... .......... .......... 95%  240M 0s
 14900K .......... .......... .......... .......... .......... 95% 22.0M 0s
 14950K .......... .......... .......... .......... .......... 95% 17.0M 0s
 15000K .......... .......... .......... .......... .......... 96% 34.6M 0s
 15050K .......... .......... .......... .......... .......... 96% 19.0M 0s
 15100K .......... .......... .......... .......... .......... 96% 21.8M 0s
 15150K .......... .......... .......... .......... .......... 97% 16.8M 0s
 15200K .......... .......... .......... .......... .......... 97% 12.5M 0s
 15250K .......... .......... .......... .......... .......... 97% 21.7M 0s
 15300K .......... .......... .......... .......... .......... 98% 11.6M 0s
 15350K .......... .......... .......... .......... .......... 98% 31.6M 0s
 15400K .......... .......... .......... .......... .......... 98% 33.7M 0s
 15450K .......... .......... .......... .......... .......... 99% 19.1M 0s
 15500K .......... .......... .......... .......... .......... 99% 17.9M 0s
 15550K .......... .......... .......... .......... .......... 99% 12.9M 0s
 15600K .......... .......... .....                           100%  110M=1.0s

2024-04-16 17:04:17 (15.8 MB/s) - ‘/home/feng/ros2_ws/build/multirobot_map_merge/2012-01-28-11-12-01.pgm’ saved [16000058/16000058]

In file included from [01m[K/home/feng/ros2_ws/src/m-explore-ros2/map_merge/src/map_merge.cpp:44[m[K:
[01m[K/opt/ros/humble/include/tf2_geometry_msgs/tf2_geometry_msgs/tf2_geometry_msgs.h:35:2:[m[K [01;35m[Kwarning: [m[K#warning This header is obsolete, please include tf2_geometry_msgs/tf2_geometry_msgs.hpp instead [[01;35m[K]8;;https://gcc.gnu.org/onlinedocs/gcc/Warning-Options.html#index-Wcpp-Wcpp]8;;[m[K]
   35 | #[01;35m[Kwarning[m[K This header is obsolete, please include tf2_geometry_msgs/tf2_geometry_msgs.hpp instead
      |  [01;35m[K^~~~~~~[m[K
In file included from [01m[K/home/feng/ros2_ws/src/m-explore-ros2/map_merge/test/testing_helpers.h:7[m[K,
                 from [01m[K/home/feng/ros2_ws/src/m-explore-ros2/map_merge/test/test_merging_pipeline.cpp:42[m[K:
[01m[K/opt/ros/humble/include/tf2_geometry_msgs/tf2_geometry_msgs/tf2_geometry_msgs.h:35:2:[m[K [01;35m[Kwarning: [m[K#warning This header is obsolete, please include tf2_geometry_msgs/tf2_geometry_msgs.hpp instead [[01;35m[K]8;;https://gcc.gnu.org/onlinedocs/gcc/Warning-Options.html#index-Wcpp-Wcpp]8;;[m[K]
   35 | #[01;35m[Kwarning[m[K This header is obsolete, please include tf2_geometry_msgs/tf2_geometry_msgs.hpp instead
      |  [01;35m[K^~~~~~~[m[K
