[0.029s] Invoking command in '/home/feng/ros2_ws/build/multirobot_map_merge': CMAKE_PREFIX_PATH=${CMAKE_PREFIX_PATH}:/home/feng/ros2_ws/install/navigation:/home/feng/ros2_ws/install/my_robot_controller:/home/feng/ros2_ws/src/install/my_robot_controller:/home/feng/rosbot_ws/install/rqt_joint_trajectory_controller:/home/feng/rosbot_ws/install/rosbot_xl_utils:/home/feng/rosbot_ws/install/rosbot_xl_gazebo:/home/feng/rosbot_ws/install/rosbot_xl_bringup:/home/feng/rosbot_ws/install/rosbot_xl_controller:/home/feng/rosbot_ws/install/ros2_controllers_test_nodes:/opt/ros/humble /usr/bin/cmake /home/feng/ros2_ws/src/m-explore-ros2/map_merge -DCMAKE_INSTALL_PREFIX=/home/feng/ros2_ws/install/multirobot_map_merge
[0.333s] -- The C compiler identification is GNU 11.4.0
[0.553s] -- The CXX compiler identification is GNU 11.4.0
[0.564s] -- Detecting C compiler ABI info
[0.686s] -- Detecting C compiler ABI info - done
[0.699s] -- Check for working C compiler: /usr/bin/cc - skipped
[0.699s] -- Detecting C compile features
[0.700s] -- Detecting C compile features - done
[0.707s] -- Detecting CXX compiler ABI info
[0.868s] -- Detecting CXX compiler ABI info - done
[0.881s] -- Check for working CXX compiler: /usr/bin/c++ - skipped
[0.881s] -- Detecting CXX compile features
[0.882s] -- Detecting CXX compile features - done
[0.891s] -- Found ament_cmake: 1.3.8 (/opt/ros/humble/share/ament_cmake/cmake)
[1.200s] -- Found Python3: /usr/bin/python3 (found version "3.10.12") found components: Interpreter 
[1.466s] -- Found rclcpp: 16.0.8 (/opt/ros/humble/share/rclcpp/cmake)
[1.642s] -- Found rosidl_generator_c: 3.1.5 (/opt/ros/humble/share/rosidl_generator_c/cmake)
[1.664s] -- Found rosidl_adapter: 3.1.5 (/opt/ros/humble/share/rosidl_adapter/cmake)
[1.695s] -- Found rosidl_generator_cpp: 3.1.5 (/opt/ros/humble/share/rosidl_generator_cpp/cmake)
[1.750s] -- Using all available rosidl_typesupport_c: rosidl_typesupport_fastrtps_c;rosidl_typesupport_introspection_c
[1.810s] -- Using all available rosidl_typesupport_cpp: rosidl_typesupport_fastrtps_cpp;rosidl_typesupport_introspection_cpp
[2.034s] -- Found rmw_implementation_cmake: 6.1.1 (/opt/ros/humble/share/rmw_implementation_cmake/cmake)
[2.048s] -- Found rmw_cyclonedds_cpp: 1.3.4 (/opt/ros/humble/share/rmw_cyclonedds_cpp/cmake)
[2.170s] -- Using RMW implementation 'rmw_cyclonedds_cpp' as default
[2.208s] -- Looking for pthread.h
[2.348s] -- Looking for pthread.h - found
[2.348s] -- Performing Test CMAKE_HAVE_LIBC_PTHREAD
[2.490s] -- Performing Test CMAKE_HAVE_LIBC_PTHREAD - Success
[2.490s] -- Found Threads: TRUE  
[2.868s] -- Found geometry_msgs: 4.2.3 (/opt/ros/humble/share/geometry_msgs/cmake)
[2.967s] -- Found image_geometry: 3.2.1 (/opt/ros/humble/share/image_geometry/cmake)
[3.195s] -- Found map_msgs: 2.1.0 (/opt/ros/humble/share/map_msgs/cmake)
[3.695s] -- Found tf2_geometry_msgs: 0.25.6 (/opt/ros/humble/share/tf2_geometry_msgs/cmake)
[3.755s] -- Found eigen3_cmake_module: 0.1.1 (/opt/ros/humble/share/eigen3_cmake_module/cmake)
[3.760s] -- Found Eigen3: TRUE (found version "3.4.0") 
[3.760s] -- Ensuring Eigen3 include directory is part of orocos-kdl CMake target
[4.577s] -- Found Boost: /usr/lib/aarch64-linux-gnu/cmake/Boost-1.74.0/BoostConfig.cmake (found version "1.74.0") found components: thread 
[4.586s] -- Found OpenCV: /usr (found version "4.5.4") 
[4.648s] -- Found ament_lint_auto: 0.12.10 (/opt/ros/humble/share/ament_lint_auto/cmake)
[4.845s] -- Found ament_cmake_gtest: 1.3.8 (/opt/ros/humble/share/ament_cmake_gtest/cmake)
[4.861s] --2024-04-16 17:04:04--  https://raw.githubusercontent.com/hrnr/m-explore-extra/master/map_merge/hector_maps/map00.pgm
[4.889s] Resolving raw.githubusercontent.com (raw.githubusercontent.com)... 185.199.110.133, 185.199.111.133, 185.199.108.133, ...
[4.895s] Connecting to raw.githubusercontent.com (raw.githubusercontent.com)|185.199.110.133|:443... connected.
[5.472s] HTTP request sent, awaiting response... 200 OK
[5.472s] Length: 4194362 (4.0M) [application/octet-stream]
[5.472s] Saving to: ‘/home/feng/ros2_ws/build/multirobot_map_merge/map00.pgm’
[5.472s] 
[5.480s]      0K .......... .......... .......... .......... ..........  1% 5.88M 1s
[5.488s]     50K .......... .......... .......... .......... ..........  2% 6.12M 1s
[5.491s]    100K .......... .......... .......... .......... ..........  3% 15.8M 1s
[5.495s]    150K .......... .......... .......... .......... ..........  4% 14.1M 0s
[5.499s]    200K .......... .......... .......... .......... ..........  6% 13.6M 0s
[5.501s]    250K .......... .......... .......... .......... ..........  7% 19.9M 0s
[5.503s]    300K .......... .......... .......... .......... ..........  8% 17.7M 0s
[5.507s]    350K .......... .......... .......... .......... ..........  9% 15.8M 0s
[5.511s]    400K .......... .......... .......... .......... .......... 10% 11.0M 0s
[5.513s]    450K .......... .......... .......... .......... .......... 12% 30.3M 0s
[5.516s]    500K .......... .......... .......... .......... .......... 13% 14.7M 0s
[5.521s]    550K .......... .......... .......... .......... .......... 14% 9.58M 0s
[5.522s]    600K .......... .......... .......... .......... .......... 15% 39.3M 0s
[5.528s]    650K .......... .......... .......... .......... .......... 17% 9.54M 0s
[5.530s]    700K .......... .......... .......... .......... .......... 18% 19.3M 0s
[5.533s]    750K .......... .......... .......... .......... .......... 19% 16.3M 0s
[5.542s]    800K .......... .......... .......... .......... .......... 20% 5.46M 0s
[5.543s]    850K .......... .......... .......... .......... .......... 21% 30.8M 0s
[5.561s]    900K .......... .......... .......... .......... .......... 23% 11.2M 0s
[5.561s]    950K .......... .......... .......... .......... .......... 24% 33.2M 0s
[5.561s]   1000K .......... .......... .......... .......... .......... 25% 13.0M 0s
[5.561s]   1050K .......... .......... .......... .......... .......... 26% 13.2M 0s
[5.561s]   1100K .......... .......... .......... .......... .......... 28% 22.2M 0s
[5.562s]   1150K .......... .......... .......... .......... .......... 29% 15.7M 0s
[5.566s]   1200K .......... .......... .......... .......... .......... 30% 11.6M 0s
[5.567s]   1250K .......... .......... .......... .......... .......... 31% 40.3M 0s
[5.570s]   1300K .......... .......... .......... .......... .......... 32% 21.4M 0s
[5.573s]   1350K .......... .......... .......... .......... .......... 34% 17.8M 0s
[5.578s]   1400K .......... .......... .......... .......... .......... 35% 8.27M 0s
[5.579s]   1450K .......... .......... .......... .......... .......... 36% 72.3M 0s
[5.587s]   1500K .......... .......... .......... .......... .......... 37% 7.10M 0s
[5.592s]   1550K .......... .......... .......... .......... .......... 39% 8.87M 0s
[5.592s]   1600K .......... .......... .......... .......... .......... 40% 45.0M 0s
[5.596s]   1650K .......... .......... .......... .......... .......... 41% 15.0M 0s
[5.597s]   1700K .......... .......... .......... .......... .......... 42% 38.4M 0s
[5.600s]   1750K .......... .......... .......... .......... .......... 43% 22.8M 0s
[5.602s]   1800K .......... .......... .......... .......... .......... 45% 18.4M 0s
[5.605s]   1850K .......... .......... .......... .......... .......... 46% 14.6M 0s
[5.607s]   1900K .......... .......... .......... .......... .......... 47% 24.6M 0s
[5.615s]   1950K .......... .......... .......... .......... .......... 48% 17.9M 0s
[5.619s]   2000K .......... .......... .......... .......... .......... 50% 5.74M 0s
[5.624s]   2050K .......... .......... .......... .......... .......... 51% 9.35M 0s
[5.625s]   2100K .......... .......... .......... .......... .......... 52% 38.4M 0s
[5.627s]   2150K .......... .......... .......... .......... .......... 53% 31.2M 0s
[5.629s]   2200K .......... .......... .......... .......... .......... 54% 23.0M 0s
[5.632s]   2250K .......... .......... .......... .......... .......... 56% 13.2M 0s
[5.634s]   2300K .......... .......... .......... .......... .......... 57% 27.9M 0s
[5.638s]   2350K .......... .......... .......... .......... .......... 58% 11.7M 0s
[5.642s]   2400K .......... .......... .......... .......... .......... 59% 12.2M 0s
[5.650s]   2450K .......... .......... .......... .......... .......... 61% 6.38M 0s
[5.651s]   2500K .......... .......... .......... .......... .......... 62% 60.6M 0s
[5.662s]   2550K .......... .......... .......... .......... .......... 63% 4.52M 0s
[5.664s]   2600K .......... .......... .......... .......... .......... 64% 59.6M 0s
[5.664s]   2650K .......... .......... .......... .......... .......... 65% 67.4M 0s
[5.665s]   2700K .......... .......... .......... .......... .......... 67% 68.8M 0s
[5.677s]   2750K .......... .......... .......... .......... .......... 68% 16.2M 0s
[5.680s]   2800K .......... .......... .......... .......... .......... 69% 3.58M 0s
[5.685s]   2850K .......... .......... .......... .......... .......... 70% 10.8M 0s
[5.687s]   2900K .......... .......... .......... .......... .......... 72% 21.6M 0s
[5.691s]   2950K .......... .......... .......... .......... .......... 73% 14.4M 0s
[5.691s]   3000K .......... .......... .......... .......... .......... 74% 51.8M 0s
[5.694s]   3050K .......... .......... .......... .......... .......... 75% 18.7M 0s
[5.697s]   3100K .......... .......... .......... .......... .......... 76% 19.4M 0s
[5.701s]   3150K .......... .......... .......... .......... .......... 78% 15.1M 0s
[5.706s]   3200K .......... .......... .......... .......... .......... 79% 8.03M 0s
[5.710s]   3250K .......... .......... .......... .......... .......... 80% 12.8M 0s
[5.712s]   3300K .......... .......... .......... .......... .......... 81% 21.7M 0s
[5.716s]   3350K .......... .......... .......... .......... .......... 83% 12.0M 0s
[5.719s]   3400K .......... .......... .......... .......... .......... 84% 20.1M 0s
[5.721s]   3450K .......... .......... .......... .......... .......... 85% 16.1M 0s
[5.724s]   3500K .......... .......... .......... .......... .......... 86% 21.3M 0s
[5.727s]   3550K .......... .......... .......... .......... .......... 87% 17.0M 0s
[5.730s]   3600K .......... .......... .......... .......... .......... 89% 13.3M 0s
[5.734s]   3650K .......... .......... .......... .......... .......... 90% 14.2M 0s
[5.737s]   3700K .......... .......... .......... .......... .......... 91% 16.0M 0s
[5.740s]   3750K .......... .......... .......... .......... .......... 92% 17.1M 0s
[5.743s]   3800K .......... .......... .......... .......... .......... 93% 14.8M 0s
[5.755s]   3850K .......... .......... .......... .......... .......... 95% 18.2M 0s
[5.756s]   3900K .......... .......... .......... .......... .......... 96% 15.9M 0s
[5.759s]   3950K .......... .......... .......... .......... .......... 97% 6.52M 0s
[5.760s]   4000K .......... .......... .......... .......... .......... 98% 13.3M 0s
[5.761s]   4050K .......... .......... .......... .......... ......    100% 47.2M=0.3s
[5.761s] 
[5.761s] 2024-04-16 17:04:05 (13.8 MB/s) - ‘/home/feng/ros2_ws/build/multirobot_map_merge/map00.pgm’ saved [4194362/4194362]
[5.761s] 
[5.766s] Checking MD5 sum of /home/feng/ros2_ws/build/multirobot_map_merge/map00.pgm
[5.785s] /home/feng/ros2_ws/build/multirobot_map_merge/map00.pgm: OK
[5.794s] --2024-04-16 17:04:05--  https://raw.githubusercontent.com/hrnr/m-explore-extra/master/map_merge/hector_maps/map05.pgm
[5.798s] Resolving raw.githubusercontent.com (raw.githubusercontent.com)... 185.199.109.133, 185.199.111.133, 185.199.110.133, ...
[5.806s] Connecting to raw.githubusercontent.com (raw.githubusercontent.com)|185.199.109.133|:443... connected.
[6.388s] HTTP request sent, awaiting response... 200 OK
[6.388s] Length: 4194362 (4.0M) [application/octet-stream]
[6.388s] Saving to: ‘/home/feng/ros2_ws/build/multirobot_map_merge/map05.pgm’
[6.388s] 
[6.395s]      0K .......... .......... .......... .......... ..........  1% 6.80M 1s
[6.401s]     50K .......... .......... .......... .......... ..........  2% 8.52M 1s
[6.403s]    100K .......... .......... .......... .......... ..........  3% 18.2M 0s
[6.408s]    150K .......... .......... .......... .......... ..........  4% 11.5M 0s
[6.411s]    200K .......... .......... .......... .......... ..........  6% 17.0M 0s
[6.413s]    250K .......... .......... .......... .......... ..........  7% 19.3M 0s
[6.417s]    300K .......... .......... .......... .......... ..........  8% 12.8M 0s
[6.421s]    350K .......... .......... .......... .......... ..........  9% 19.7M 0s
[6.424s]    400K .......... .......... .......... .......... .......... 10% 16.1M 0s
[6.427s]    450K .......... .......... .......... .......... .......... 12% 11.9M 0s
[6.435s]    500K .......... .......... .......... .......... .......... 13% 6.02M 0s
[6.437s]    550K .......... .......... .......... .......... .......... 14% 30.7M 0s
[6.439s]    600K .......... .......... .......... .......... .......... 15% 18.1M 0s
[6.442s]    650K .......... .......... .......... .......... .......... 17% 16.8M 0s
[6.445s]    700K .......... .......... .......... .......... .......... 18% 15.1M 0s
[6.450s]    750K .......... .......... .......... .......... .......... 19% 9.77M 0s
[6.451s]    800K .......... .......... .......... .......... .......... 20% 61.3M 0s
[6.466s]    850K .......... .......... .......... .......... .......... 21% 3.39M 0s
[6.469s]    900K .......... .......... .......... .......... .......... 23% 40.2M 0s
[6.470s]    950K .......... .......... .......... .......... .......... 24% 32.5M 0s
[6.470s]   1000K .......... .......... .......... .......... .......... 25%  113M 0s
[6.470s]   1050K .......... .......... .......... .......... .......... 26%  108M 0s
[6.470s]   1100K .......... .......... .......... .......... .......... 28%  211M 0s
[6.472s]   1150K .......... .......... .......... .......... .......... 29% 14.4M 0s
[6.476s]   1200K .......... .......... .......... .......... .......... 30% 16.5M 0s
[6.481s]   1250K .......... .......... .......... .......... .......... 31% 12.6M 0s
[6.482s]   1300K .......... .......... .......... .......... .......... 32% 18.7M 0s
[6.487s]   1350K .......... .......... .......... .......... .......... 34% 11.1M 0s
[6.489s]   1400K .......... .......... .......... .......... .......... 35% 21.0M 0s
[6.493s]   1450K .......... .......... .......... .......... .......... 36% 11.4M 0s
[6.497s]   1500K .......... .......... .......... .......... .......... 37% 13.2M 0s
[6.499s]   1550K .......... .......... .......... .......... .......... 39% 23.6M 0s
[6.506s]   1600K .......... .......... .......... .......... .......... 40% 6.98M 0s
[6.509s]   1650K .......... .......... .......... .......... .......... 41% 17.5M 0s
[6.514s]   1700K .......... .......... .......... .......... .......... 42% 11.3M 0s
[6.515s]   1750K .......... .......... .......... .......... .......... 43% 22.7M 0s
[6.517s]   1800K .......... .......... .......... .......... .......... 45% 25.7M 0s
[6.520s]   1850K .......... .......... .......... .......... .......... 46% 14.6M 0s
[6.524s]   1900K .......... .......... .......... .......... .......... 47% 14.2M 0s
[6.526s]   1950K .......... .......... .......... .......... .......... 48% 17.1M 0s
[6.529s]   2000K .......... .......... .......... .......... .......... 50% 33.7M 0s
[6.531s]   2050K .......... .......... .......... .......... .......... 51% 15.1M 0s
[6.534s]   2100K .......... .......... .......... .......... .......... 52% 15.6M 0s
[6.535s]   2150K .......... .......... .......... .......... .......... 53% 79.6M 0s
[6.540s]   2200K .......... .......... .......... .......... .......... 54% 13.9M 0s
[6.542s]   2250K .......... .......... .......... .......... .......... 56% 19.5M 0s
[6.544s]   2300K .......... .......... .......... .......... .......... 57% 16.3M 0s
[6.547s]   2350K .......... .......... .......... .......... .......... 58% 16.7M 0s
[6.550s]   2400K .......... .......... .......... .......... .......... 59% 34.5M 0s
[6.556s]   2450K .......... .......... .......... .......... .......... 61% 14.0M 0s
[6.556s]   2500K .......... .......... .......... .......... .......... 62% 14.0M 0s
[6.558s]   2550K .......... .......... .......... .......... .......... 63% 21.1M 0s
[6.569s]   2600K .......... .......... .......... .......... .......... 64% 4.47M 0s
[6.569s]   2650K .......... .......... .......... .......... .......... 65%  103M 0s
[6.571s]   2700K .......... .......... .......... .......... .......... 67% 32.8M 0s
[6.571s]   2750K .......... .......... .......... .......... .......... 68% 45.4M 0s
[6.574s]   2800K .......... .......... .......... .......... .......... 69% 23.3M 0s
[6.575s]   2850K .......... .......... .......... .......... .......... 70% 36.2M 0s
[6.578s]   2900K .......... .......... .......... .......... .......... 72% 16.6M 0s
[6.579s]   2950K .......... .......... .......... .......... .......... 73% 34.5M 0s
[6.583s]   3000K .......... .......... .......... .......... .......... 74% 16.0M 0s
[6.586s]   3050K .......... .......... .......... .......... .......... 75% 14.0M 0s
[6.590s]   3100K .......... .......... .......... .......... .......... 76% 12.0M 0s
[6.591s]   3150K .......... .......... .......... .......... .......... 78% 43.1M 0s
[6.597s]   3200K .......... .......... .......... .......... .......... 79% 17.1M 0s
[6.598s]   3250K .......... .......... .......... .......... .......... 80% 12.6M 0s
[6.600s]   3300K .......... .......... .......... .......... .......... 81% 26.7M 0s
[6.603s]   3350K .......... .......... .......... .......... .......... 83% 14.6M 0s
[6.605s]   3400K .......... .......... .......... .......... .......... 84% 23.3M 0s
[6.608s]   3450K .......... .......... .......... .......... .......... 85% 17.6M 0s
[6.610s]   3500K .......... .......... .......... .......... .......... 86% 18.6M 0s
[6.612s]   3550K .......... .......... .......... .......... .......... 87% 26.9M 0s
[6.616s]   3600K .......... .......... .......... .......... .......... 89% 13.8M 0s
[6.619s]   3650K .......... .......... .......... .......... .......... 90% 14.5M 0s
[6.621s]   3700K .......... .......... .......... .......... .......... 91% 26.1M 0s
[6.624s]   3750K .......... .......... .......... .......... .......... 92% 17.9M 0s
[6.627s]   3800K .......... .......... .......... .......... .......... 93% 16.0M 0s
[6.629s]   3850K .......... .......... .......... .......... .......... 95% 25.7M 0s
[6.632s]   3900K .......... .......... .......... .......... .......... 96% 13.6M 0s
[6.635s]   3950K .......... .......... .......... .......... .......... 97% 15.7M 0s
[6.640s]   4000K .......... .......... .......... .......... .......... 98% 17.2M 0s
[6.641s]   4050K .......... .......... .......... .......... ......    100% 18.7M=0.3s
[6.641s] 
[6.641s] 2024-04-16 17:04:06 (15.8 MB/s) - ‘/home/feng/ros2_ws/build/multirobot_map_merge/map05.pgm’ saved [4194362/4194362]
[6.641s] 
[6.644s] Checking MD5 sum of /home/feng/ros2_ws/build/multirobot_map_merge/map05.pgm
[6.667s] /home/feng/ros2_ws/build/multirobot_map_merge/map05.pgm: OK
[6.674s] --2024-04-16 17:04:06--  https://raw.githubusercontent.com/hrnr/m-explore-extra/master/map_merge/gmapping_maps/2011-08-09-12-22-52.pgm
[6.678s] Resolving raw.githubusercontent.com (raw.githubusercontent.com)... 185.199.110.133, 185.199.108.133, 185.199.109.133, ...
[6.685s] Connecting to raw.githubusercontent.com (raw.githubusercontent.com)|185.199.110.133|:443... connected.
[14.683s] HTTP request sent, awaiting response... 200 OK
[14.683s] Length: 16000058 (15M) [text/plain]
[14.683s] Saving to: ‘/home/feng/ros2_ws/build/multirobot_map_merge/2011-08-09-12-22-52.pgm’
[14.683s] 
[14.691s]      0K .......... .......... .......... .......... ..........  0% 6.14M 2s
[14.699s]     50K .......... .......... .......... .......... ..........  0% 6.16M 2s
[14.705s]    100K .......... .......... .......... .......... ..........  0% 7.96M 2s
[14.708s]    150K .......... .......... .......... .......... ..........  1% 14.9M 2s
[14.712s]    200K .......... .......... .......... .......... ..........  1% 11.6M 2s
[14.715s]    250K .......... .......... .......... .......... ..........  1% 17.6M 2s
[14.717s]    300K .......... .......... .......... .......... ..........  2% 22.6M 2s
[14.723s]    350K .......... .......... .......... .......... ..........  2% 10.3M 1s
[14.726s]    400K .......... .......... .......... .......... ..........  2% 11.6M 1s
[14.728s]    450K .......... .......... .......... .......... ..........  3% 21.8M 1s
[14.732s]    500K .......... .......... .......... .......... ..........  3% 14.7M 1s
[14.735s]    550K .......... .......... .......... .......... ..........  3% 17.9M 1s
[14.738s]    600K .......... .......... .......... .......... ..........  4% 17.9M 1s
[14.746s]    650K .......... .......... .......... .......... ..........  4% 10.7M 1s
[14.746s]    700K .......... .......... .......... .......... ..........  4%  172M 1s
[14.747s]    750K .......... .......... .......... .......... ..........  5% 21.0M 1s
[14.750s]    800K .......... .......... .......... .......... ..........  5% 8.89M 1s
[14.751s]    850K .......... .......... .......... .......... ..........  5% 39.9M 1s
[14.754s]    900K .......... .......... .......... .......... ..........  6% 15.0M 1s
[14.758s]    950K .......... .......... .......... .......... ..........  6% 14.8M 1s
[14.758s]   1000K .......... .......... .......... .......... ..........  6% 64.0M 1s
[14.763s]   1050K .......... .......... .......... .......... ..........  7% 12.1M 1s
[14.764s]   1100K .......... .......... .......... .......... ..........  7% 44.3M 1s
[14.769s]   1150K .......... .......... .......... .......... ..........  7% 9.46M 1s
[14.771s]   1200K .......... .......... .......... .......... ..........  7% 25.4M 1s
[14.774s]   1250K .......... .......... .......... .......... ..........  8% 14.6M 1s
[14.778s]   1300K .......... .......... .......... .......... ..........  8% 12.7M 1s
[14.783s]   1350K .......... .......... .......... .......... ..........  8% 9.71M 1s
[14.785s]   1400K .......... .......... .......... .......... ..........  9% 29.5M 1s
[14.790s]   1450K .......... .......... .......... .......... ..........  9% 8.97M 1s
[14.791s]   1500K .......... .......... .......... .......... ..........  9% 37.9M 1s
[14.802s]   1550K .......... .......... .......... .......... .......... 10% 6.62M 1s
[14.814s]   1600K .......... .......... .......... .......... .......... 10% 3.16M 1s
[14.815s]   1650K .......... .......... .......... .......... .......... 10% 45.8M 1s
[14.820s]   1700K .......... .......... .......... .......... .......... 11% 9.92M 1s
[14.822s]   1750K .......... .......... .......... .......... .......... 11% 24.8M 1s
[14.826s]   1800K .......... .......... .......... .......... .......... 11% 12.3M 1s
[14.826s]   1850K .......... .......... .......... .......... .......... 12%  207M 1s
[14.831s]   1900K .......... .......... .......... .......... .......... 12% 11.6M 1s
[14.838s]   1950K .......... .......... .......... .......... .......... 12% 23.7M 1s
[14.839s]   2000K .......... .......... .......... .......... .......... 13% 13.7M 1s
[14.851s]   2050K .......... .......... .......... .......... .......... 13% 8.43M 1s
[14.852s]   2100K .......... .......... .......... .......... .......... 13%  133M 1s
[14.852s]   2150K .......... .......... .......... .......... .......... 14% 14.6M 1s
[14.852s]   2200K .......... .......... .......... .......... .......... 14% 17.9M 1s
[14.854s]   2250K .......... .......... .......... .......... .......... 14% 20.2M 1s
[14.855s]   2300K .......... .......... .......... .......... .......... 15% 11.2M 1s
[14.858s]   2350K .......... .......... .......... .......... .......... 15% 22.0M 1s
[14.860s]   2400K .......... .......... .......... .......... .......... 15% 15.5M 1s
[14.864s]   2450K .......... .......... .......... .......... .......... 15% 14.1M 1s
[14.867s]   2500K .......... .......... .......... .......... .......... 16% 16.5M 1s
[14.868s]   2550K .......... .......... .......... .......... .......... 16% 29.1M 1s
[14.873s]   2600K .......... .......... .......... .......... .......... 16% 11.3M 1s
[14.877s]   2650K .......... .......... .......... .......... .......... 17% 12.0M 1s
[14.879s]   2700K .......... .......... .......... .......... .......... 17% 21.9M 1s
[14.894s]   2750K .......... .......... .......... .......... .......... 17% 3.31M 1s
[14.898s]   2800K .......... .......... .......... .......... .......... 18% 12.1M 1s
[14.900s]   2850K .......... .......... .......... .......... .......... 18% 20.0M 1s
[14.904s]   2900K .......... .......... .......... .......... .......... 18% 14.4M 1s
[14.909s]   2950K .......... .......... .......... .......... .......... 19% 11.1M 1s
[14.912s]   3000K .......... .......... .......... .......... .......... 19% 12.6M 1s
[14.914s]   3050K .......... .......... .......... .......... .......... 19% 21.4M 1s
[14.923s]   3100K .......... .......... .......... .......... .......... 20% 5.85M 1s
[14.926s]   3150K .......... .......... .......... .......... .......... 20% 18.2M 1s
[14.930s]   3200K .......... .......... .......... .......... .......... 20% 11.5M 1s
[14.943s]   3250K .......... .......... .......... .......... .......... 21% 10.2M 1s
[14.943s]   3300K .......... .......... .......... .......... .......... 21% 5.41M 1s
[14.946s]   3350K .......... .......... .......... .......... .......... 21% 22.1M 1s
[14.947s]   3400K .......... .......... .......... .......... .......... 22% 45.8M 1s
[14.948s]   3450K .......... .......... .......... .......... .......... 22% 35.9M 1s
[14.952s]   3500K .......... .......... .......... .......... .......... 22% 12.5M 1s
[14.958s]   3550K .......... .......... .......... .......... .......... 23% 17.3M 1s
[14.960s]   3600K .......... .......... .......... .......... .......... 23% 9.70M 1s
[14.963s]   3650K .......... .......... .......... .......... .......... 23% 17.7M 1s
[14.967s]   3700K .......... .......... .......... .......... .......... 23% 11.7M 1s
[14.970s]   3750K .......... .......... .......... .......... .......... 24% 15.0M 1s
[14.974s]   3800K .......... .......... .......... .......... .......... 24% 12.6M 1s
[14.978s]   3850K .......... .......... .......... .......... .......... 24% 14.8M 1s
[14.980s]   3900K .......... .......... .......... .......... .......... 25% 16.9M 1s
[14.987s]   3950K .......... .......... .......... .......... .......... 25% 11.4M 1s
[14.988s]   4000K .......... .......... .......... .......... .......... 25% 12.8M 1s
[14.994s]   4050K .......... .......... .......... .......... .......... 26% 10.6M 1s
[14.994s]   4100K .......... .......... .......... .......... .......... 26% 36.5M 1s
[14.999s]   4150K .......... .......... .......... .......... .......... 26% 11.4M 1s
[15.001s]   4200K .......... .......... .......... .......... .......... 27% 17.6M 1s
[15.004s]   4250K .......... .......... .......... .......... .......... 27% 15.3M 1s
[15.007s]   4300K .......... .......... .......... .......... .......... 27% 20.6M 1s
[15.013s]   4350K .......... .......... .......... .......... .......... 28% 15.2M 1s
[15.013s]   4400K .......... .......... .......... .......... .......... 28% 15.3M 1s
[15.016s]   4450K .......... .......... .......... .......... .......... 28% 18.4M 1s
[15.020s]   4500K .......... .......... .......... .......... .......... 29% 12.6M 1s
[15.022s]   4550K .......... .......... .......... .......... .......... 29% 24.4M 1s
[15.026s]   4600K .......... .......... .......... .......... .......... 29% 11.0M 1s
[15.031s]   4650K .......... .......... .......... .......... .......... 30% 10.6M 1s
[15.031s]   4700K .......... .......... .......... .......... .......... 30% 55.5M 1s
[15.050s]   4750K .......... .......... .......... .......... .......... 30% 12.6M 1s
[15.050s]   4800K .......... .......... .......... .......... .......... 31% 6.28M 1s
[15.050s]   4850K .......... .......... .......... .......... .......... 31% 11.1M 1s
[15.050s]   4900K .......... .......... .......... .......... .......... 31% 57.0M 1s
[15.050s]   4950K .......... .......... .......... .......... .......... 31% 54.3M 1s
[15.051s]   5000K .......... .......... .......... .......... .......... 32% 31.7M 1s
[15.054s]   5050K .......... .......... .......... .......... .......... 32% 22.2M 1s
[15.055s]   5100K .......... .......... .......... .......... .......... 32% 26.1M 1s
[15.059s]   5150K .......... .......... .......... .......... .......... 33% 13.8M 1s
[15.062s]   5200K .......... .......... .......... .......... .......... 33% 15.3M 1s
[15.065s]   5250K .......... .......... .......... .......... .......... 33% 17.4M 1s
[15.066s]   5300K .......... .......... .......... .......... .......... 34% 27.9M 1s
[15.069s]   5350K .......... .......... .......... .......... .......... 34% 17.5M 1s
[15.074s]   5400K .......... .......... .......... .......... .......... 34% 9.70M 1s
[15.076s]   5450K .......... .......... .......... .......... .......... 35% 26.7M 1s
[15.081s]   5500K .......... .......... .......... .......... .......... 35% 10.4M 1s
[15.083s]   5550K .......... .......... .......... .......... .......... 35% 24.3M 1s
[15.087s]   5600K .......... .......... .......... .......... .......... 36% 11.7M 1s
[15.094s]   5650K .......... .......... .......... .......... .......... 36% 10.2M 1s
[15.095s]   5700K .......... .......... .......... .......... .......... 36% 17.3M 1s
[15.098s]   5750K .......... .......... .......... .......... .......... 37% 21.4M 1s
[15.100s]   5800K .......... .......... .......... .......... .......... 37% 15.8M 1s
[15.102s]   5850K .......... .......... .......... .......... .......... 37% 21.7M 1s
[15.107s]   5900K .......... .......... .......... .......... .......... 38% 11.5M 1s
[15.109s]   5950K .......... .......... .......... .......... .......... 38% 23.6M 1s
[15.111s]   6000K .......... .......... .......... .......... .......... 38% 18.8M 1s
[15.117s]   6050K .......... .......... .......... .......... .......... 39% 13.2M 1s
[15.118s]   6100K .......... .......... .......... .......... .......... 39% 15.6M 1s
[15.122s]   6150K .......... .......... .......... .......... .......... 39% 13.9M 1s
[15.124s]   6200K .......... .......... .......... .......... .......... 39% 18.6M 1s
[15.128s]   6250K .......... .......... .......... .......... .......... 40% 14.3M 1s
[15.131s]   6300K .......... .......... .......... .......... .......... 40% 14.9M 1s
[15.136s]   6350K .......... .......... .......... .......... .......... 40% 29.3M 1s
[15.151s]   6400K .......... .......... .......... .......... .......... 41% 7.83M 1s
[15.152s]   6450K .......... .......... .......... .......... .......... 41% 23.6M 1s
[15.152s]   6500K .......... .......... .......... .......... .......... 41% 23.9M 1s
[15.152s]   6550K .......... .......... .......... .......... .......... 42% 16.0M 1s
[15.152s]   6600K .......... .......... .......... .......... .......... 42% 8.87M 1s
[15.152s]   6650K .......... .......... .......... .......... .......... 42% 54.8M 1s
[15.158s]   6700K .......... .......... .......... .......... .......... 43% 8.43M 1s
[15.159s]   6750K .......... .......... .......... .......... .......... 43% 45.4M 1s
[15.161s]   6800K .......... .......... .......... .......... .......... 43% 25.0M 1s
[15.164s]   6850K .......... .......... .......... .......... .......... 44% 15.3M 1s
[15.168s]   6900K .......... .......... .......... .......... .......... 44% 12.3M 1s
[15.170s]   6950K .......... .......... .......... .......... .......... 44% 26.8M 1s
[15.187s]   7000K .......... .......... .......... .......... .......... 45% 9.12M 1s
[15.187s]   7050K .......... .......... .......... .......... .......... 45% 45.2M 1s
[15.188s]   7100K .......... .......... .......... .......... .......... 45% 4.31M 1s
[15.189s]   7150K .......... .......... .......... .......... .......... 46% 36.1M 1s
[15.190s]   7200K .......... .......... .......... .......... .......... 46% 59.8M 1s
[15.190s]   7250K .......... .......... .......... .......... .......... 46%  222M 1s
[15.190s]   7300K .......... .......... .......... .......... .......... 47%  324M 1s
[15.198s]   7350K .......... .......... .......... .......... .......... 47% 6.98M 1s
[15.204s]   7400K .......... .......... .......... .......... .......... 47% 7.60M 1s
[15.206s]   7450K .......... .......... .......... .......... .......... 47% 25.5M 1s
[15.209s]   7500K .......... .......... .......... .......... .......... 48% 14.4M 1s
[15.211s]   7550K .......... .......... .......... .......... .......... 48% 29.8M 1s
[15.215s]   7600K .......... .......... .......... .......... .......... 48% 11.3M 1s
[15.218s]   7650K .......... .......... .......... .......... .......... 49% 18.0M 1s
[15.219s]   7700K .......... .......... .......... .......... .......... 49% 47.5M 1s
[15.222s]   7750K .......... .......... .......... .......... .......... 49% 13.1M 1s
[15.224s]   7800K .......... .......... .......... .......... .......... 50% 37.5M 1s
[15.229s]   7850K .......... .......... .......... .......... .......... 50% 9.21M 1s
[15.232s]   7900K .......... .......... .......... .......... .......... 50% 18.5M 1s
[15.243s]   7950K .......... .......... .......... .......... .......... 51% 16.5M 1s
[15.243s]   8000K .......... .......... .......... .......... .......... 51% 30.4M 1s
[15.248s]   8050K .......... .......... .......... .......... .......... 51% 6.46M 1s
[15.248s]   8100K .......... .......... .......... .......... .......... 52% 13.6M 1s
[15.249s]   8150K .......... .......... .......... .......... .......... 52% 42.1M 1s
[15.250s]   8200K .......... .......... .......... .......... .......... 52% 31.0M 1s
[15.252s]   8250K .......... .......... .......... .......... .......... 53% 36.0M 1s
[15.253s]   8300K .......... .......... .......... .......... .......... 53% 28.0M 0s
[15.256s]   8350K .......... .......... .......... .......... .......... 53% 23.3M 0s
[15.257s]   8400K .......... .......... .......... .......... .......... 54% 27.0M 0s
[15.260s]   8450K .......... .......... .......... .......... .......... 54% 14.9M 0s
[15.262s]   8500K .......... .......... .......... .......... .......... 54% 29.2M 0s
[15.265s]   8550K .......... .......... .......... .......... .......... 55% 16.2M 0s
[15.271s]   8600K .......... .......... .......... .......... .......... 55% 8.64M 0s
[15.273s]   8650K .......... .......... .......... .......... .......... 55% 32.1M 0s
[15.275s]   8700K .......... .......... .......... .......... .......... 55% 16.2M 0s
[15.279s]   8750K .......... .......... .......... .......... .......... 56% 18.8M 0s
[15.281s]   8800K .......... .......... .......... .......... .......... 56% 15.4M 0s
[15.284s]   8850K .......... .......... .......... .......... .......... 56% 15.3M 0s
[15.288s]   8900K .......... .......... .......... .......... .......... 57% 14.0M 0s
[15.289s]   8950K .......... .......... .......... .......... .......... 57% 36.1M 0s
[15.293s]   9000K .......... .......... .......... .......... .......... 57% 12.6M 0s
[15.296s]   9050K .......... .......... .......... .......... .......... 58% 15.2M 0s
[15.299s]   9100K .......... .......... .......... .......... .......... 58% 15.6M 0s
[15.301s]   9150K .......... .......... .......... .......... .......... 58% 41.0M 0s
[15.304s]   9200K .......... .......... .......... .......... .......... 59% 13.7M 0s
[15.307s]   9250K .......... .......... .......... .......... .......... 59% 16.6M 0s
[15.310s]   9300K .......... .......... .......... .......... .......... 59% 14.4M 0s
[15.312s]   9350K .......... .......... .......... .......... .......... 60% 25.9M 0s
[15.314s]   9400K .......... .......... .......... .......... .......... 60% 26.6M 0s
[15.318s]   9450K .......... .......... .......... .......... .......... 60% 16.1M 0s
[15.319s]   9500K .......... .......... .......... .......... .......... 61% 25.6M 0s
[15.324s]   9550K .......... .......... .......... .......... .......... 61% 10.9M 0s
[15.325s]   9600K .......... .......... .......... .......... .......... 61% 29.3M 0s
[15.328s]   9650K .......... .......... .......... .......... .......... 62% 19.1M 0s
[15.330s]   9700K .......... .......... .......... .......... .......... 62% 18.4M 0s
[15.349s]   9750K .......... .......... .......... .......... .......... 62% 12.0M 0s
[15.350s]   9800K .......... .......... .......... .......... .......... 63% 19.7M 0s
[15.350s]   9850K .......... .......... .......... .......... .......... 63% 23.2M 0s
[15.351s]   9900K .......... .......... .......... .......... .......... 63% 4.74M 0s
[15.351s]   9950K .......... .......... .......... .......... .......... 63% 40.7M 0s
[15.352s]  10000K .......... .......... .......... .......... .......... 64% 59.2M 0s
[15.352s]  10050K .......... .......... .......... .......... .......... 64% 68.7M 0s
[15.356s]  10100K .......... .......... .......... .......... .......... 64% 12.2M 0s
[15.366s]  10150K .......... .......... .......... .......... .......... 65% 5.00M 0s
[15.367s]  10200K .......... .......... .......... .......... .......... 65% 31.7M 0s
[15.370s]  10250K .......... .......... .......... .......... .......... 65% 18.5M 0s
[15.372s]  10300K .......... .......... .......... .......... .......... 66% 23.4M 0s
[15.377s]  10350K .......... .......... .......... .......... .......... 66% 11.2M 0s
[15.379s]  10400K .......... .......... .......... .......... .......... 66% 18.4M 0s
[15.384s]  10450K .......... .......... .......... .......... .......... 67% 10.2M 0s
[15.388s]  10500K .......... .......... .......... .......... .......... 67% 13.4M 0s
[15.390s]  10550K .......... .......... .......... .......... .......... 67% 20.4M 0s
[15.392s]  10600K .......... .......... .......... .......... .......... 68% 20.2M 0s
[15.397s]  10650K .......... .......... .......... .......... .......... 68% 11.3M 0s
[15.399s]  10700K .......... .......... .......... .......... .......... 68% 16.8M 0s
[15.403s]  10750K .......... .......... .......... .......... .......... 69% 15.1M 0s
[15.407s]  10800K .......... .......... .......... .......... .......... 69% 12.4M 0s
[15.409s]  10850K .......... .......... .......... .......... .......... 69% 21.5M 0s
[15.412s]  10900K .......... .......... .......... .......... .......... 70% 17.7M 0s
[15.416s]  10950K .......... .......... .......... .......... .......... 70% 12.6M 0s
[15.419s]  11000K .......... .......... .......... .......... .......... 70% 29.4M 0s
[15.421s]  11050K .......... .......... .......... .......... .......... 71% 13.3M 0s
[15.423s]  11100K .......... .......... .......... .......... .......... 71% 19.3M 0s
[15.427s]  11150K .......... .......... .......... .......... .......... 71% 18.6M 0s
[15.430s]  11200K .......... .......... .......... .......... .......... 71% 12.2M 0s
[15.433s]  11250K .......... .......... .......... .......... .......... 72% 18.4M 0s
[15.439s]  11300K .......... .......... .......... .......... .......... 72% 16.2M 0s
[15.453s]  11350K .......... .......... .......... .......... .......... 72% 10.6M 0s
[15.453s]  11400K .......... .......... .......... .......... .......... 73% 18.2M 0s
[15.453s]  11450K .......... .......... .......... .......... .......... 73% 46.6M 0s
[15.456s]  11500K .......... .......... .......... .......... .......... 73% 4.27M 0s
[15.462s]  11550K .......... .......... .......... .......... .......... 74% 7.40M 0s
[15.464s]  11600K .......... .......... .......... .......... .......... 74% 26.8M 0s
[15.466s]  11650K .......... .......... .......... .......... .......... 74% 28.6M 0s
[15.470s]  11700K .......... .......... .......... .......... .......... 75% 14.5M 0s
[15.472s]  11750K .......... .......... .......... .......... .......... 75% 17.4M 0s
[15.475s]  11800K .......... .......... .......... .......... .......... 75% 14.6M 0s
[15.478s]  11850K .......... .......... .......... .......... .......... 76% 17.3M 0s
[15.481s]  11900K .......... .......... .......... .......... .......... 76% 17.8M 0s
[15.484s]  11950K .......... .......... .......... .......... .......... 76% 22.1M 0s
[15.486s]  12000K .......... .......... .......... .......... .......... 77% 14.7M 0s
[15.489s]  12050K .......... .......... .......... .......... .......... 77% 19.1M 0s
[15.491s]  12100K .......... .......... .......... .......... .......... 77% 18.5M 0s
[15.495s]  12150K .......... .......... .......... .......... .......... 78% 15.6M 0s
[15.499s]  12200K .......... .......... .......... .......... .......... 78% 11.7M 0s
[15.502s]  12250K .......... .......... .......... .......... .......... 78% 15.3M 0s
[15.507s]  12300K .......... .......... .......... .......... .......... 79% 10.6M 0s
[15.509s]  12350K .......... .......... .......... .......... .......... 79% 18.1M 0s
[15.513s]  12400K .......... .......... .......... .......... .......... 79% 13.8M 0s
[15.517s]  12450K .......... .......... .......... .......... .......... 79% 11.7M 0s
[15.519s]  12500K .......... .......... .......... .......... .......... 80% 19.8M 0s
[15.523s]  12550K .......... .......... .......... .......... .......... 80% 14.3M 0s
[15.527s]  12600K .......... .......... .......... .......... .......... 80% 12.3M 0s
[15.529s]  12650K .......... .......... .......... .......... .......... 81% 19.4M 0s
[15.531s]  12700K .......... .......... .......... .......... .......... 81% 23.5M 0s
[15.535s]  12750K .......... .......... .......... .......... .......... 81% 14.0M 0s
[15.538s]  12800K .......... .......... .......... .......... .......... 82% 15.4M 0s
[15.541s]  12850K .......... .......... .......... .......... .......... 82% 14.3M 0s
[15.543s]  12900K .......... .......... .......... .......... .......... 82% 24.3M 0s
[15.546s]  12950K .......... .......... .......... .......... .......... 83% 26.9M 0s
[15.548s]  13000K .......... .......... .......... .......... .......... 83% 17.4M 0s
[15.551s]  13050K .......... .......... .......... .......... .......... 83% 16.5M 0s
[15.554s]  13100K .......... .......... .......... .......... .......... 84% 21.8M 0s
[15.556s]  13150K .......... .......... .......... .......... .......... 84% 23.7M 0s
[15.608s]  13200K .......... .......... .......... .......... .......... 84%  947K 0s
[15.610s]  13250K .......... .......... .......... .......... .......... 85% 23.6M 0s
[15.612s]  13300K .......... .......... .......... .......... .......... 85% 24.7M 0s
[15.615s]  13350K .......... .......... .......... .......... .......... 85% 22.4M 0s
[15.616s]  13400K .......... .......... .......... .......... .......... 86% 22.5M 0s
[15.618s]  13450K .......... .......... .......... .......... .......... 86% 24.4M 0s
[15.621s]  13500K .......... .......... .......... .......... .......... 86% 22.4M 0s
[15.623s]  13550K .......... .......... .......... .......... .......... 87% 26.6M 0s
[15.625s]  13600K .......... .......... .......... .......... .......... 87% 22.5M 0s
[15.627s]  13650K .......... .......... .......... .......... .......... 87% 25.3M 0s
[15.629s]  13700K .......... .......... .......... .......... .......... 87% 21.2M 0s
[15.631s]  13750K .......... .......... .......... .......... .......... 88% 23.6M 0s
[15.633s]  13800K .......... .......... .......... .......... .......... 88% 29.8M 0s
[15.636s]  13850K .......... .......... .......... .......... .......... 88% 18.6M 0s
[15.638s]  13900K .......... .......... .......... .......... .......... 89% 17.5M 0s
[15.640s]  13950K .......... .......... .......... .......... .......... 89% 26.1M 0s
[15.642s]  14000K .......... .......... .......... .......... .......... 89% 20.6M 0s
[15.644s]  14050K .......... .......... .......... .......... .......... 90% 28.6M 0s
[15.647s]  14100K .......... .......... .......... .......... .......... 90% 18.4M 0s
[15.648s]  14150K .......... .......... .......... .......... .......... 90% 28.6M 0s
[15.651s]  14200K .......... .......... .......... .......... .......... 91% 20.9M 0s
[15.654s]  14250K .......... .......... .......... .......... .......... 91% 16.5M 0s
[15.656s]  14300K .......... .......... .......... .......... .......... 91% 26.3M 0s
[15.658s]  14350K .......... .......... .......... .......... .......... 92% 22.0M 0s
[15.660s]  14400K .......... .......... .......... .......... .......... 92% 24.0M 0s
[15.663s]  14450K .......... .......... .......... .......... .......... 92% 17.3M 0s
[15.664s]  14500K .......... .......... .......... .......... .......... 93% 27.0M 0s
[15.667s]  14550K .......... .......... .......... .......... .......... 93% 22.3M 0s
[15.668s]  14600K .......... .......... .......... .......... .......... 93% 25.6M 0s
[15.671s]  14650K .......... .......... .......... .......... .......... 94% 22.5M 0s
[15.673s]  14700K .......... .......... .......... .......... .......... 94% 22.7M 0s
[15.675s]  14750K .......... .......... .......... .......... .......... 94% 22.6M 0s
[15.677s]  14800K .......... .......... .......... .......... .......... 95% 23.3M 0s
[15.678s]  14850K .......... .......... .......... .......... .......... 95% 72.5M 0s
[15.678s]  14900K .......... .......... .......... .......... .......... 95%  314M 0s
[15.678s]  14950K .......... .......... .......... .......... .......... 95%  327M 0s
[15.678s]  15000K .......... .......... .......... .......... .......... 96%  296M 0s
[15.678s]  15050K .......... .......... .......... .......... .......... 96%  322M 0s
[15.679s]  15100K .......... .......... .......... .......... .......... 96%  321M 0s
[15.679s]  15150K .......... .......... .......... .......... .......... 97%  334M 0s
[15.679s]  15200K .......... .......... .......... .......... .......... 97%  208M 0s
[15.679s]  15250K .......... .......... .......... .......... .......... 97%  267M 0s
[15.680s]  15300K .......... .......... .......... .......... .......... 98%  324M 0s
[15.681s]  15350K .......... .......... .......... .......... .......... 98%  258M 0s
[15.681s]  15400K .......... .......... .......... .......... .......... 98% 33.9M 0s
[15.682s]  15450K .......... .......... .......... .......... .......... 99% 45.0M 0s
[15.685s]  15500K .......... .......... .......... .......... .......... 99% 16.9M 0s
[15.688s]  15550K .......... .......... .......... .......... .......... 99% 24.1M 0s
[15.688s]  15600K .......... .......... .....                           100% 21.5M=1.0s
[15.688s] 
[15.688s] 2024-04-16 17:04:15 (15.2 MB/s) - ‘/home/feng/ros2_ws/build/multirobot_map_merge/2011-08-09-12-22-52.pgm’ saved [16000058/16000058]
[15.689s] 
[15.690s] Checking MD5 sum of /home/feng/ros2_ws/build/multirobot_map_merge/2011-08-09-12-22-52.pgm
[15.762s] /home/feng/ros2_ws/build/multirobot_map_merge/2011-08-09-12-22-52.pgm: OK
[15.769s] --2024-04-16 17:04:15--  https://raw.githubusercontent.com/hrnr/m-explore-extra/master/map_merge/gmapping_maps/2012-01-28-11-12-01.pgm
[15.774s] Resolving raw.githubusercontent.com (raw.githubusercontent.com)... 185.199.111.133, 185.199.108.133, 185.199.109.133, ...
[15.785s] Connecting to raw.githubusercontent.com (raw.githubusercontent.com)|185.199.111.133|:443... connected.
[17.039s] HTTP request sent, awaiting response... 200 OK
[17.039s] Length: 16000058 (15M) [text/plain]
[17.039s] Saving to: ‘/home/feng/ros2_ws/build/multirobot_map_merge/2012-01-28-11-12-01.pgm’
[17.039s] 
[17.045s]      0K .......... .......... .......... .......... ..........  0% 7.50M 2s
[17.051s]     50K .......... .......... .......... .......... ..........  0% 8.29M 2s
[17.054s]    100K .......... .......... .......... .......... ..........  0% 14.7M 2s
[17.060s]    150K .......... .......... .......... .......... ..........  1% 8.75M 2s
[17.063s]    200K .......... .......... .......... .......... ..........  1% 14.3M 2s
[17.066s]    250K .......... .......... .......... .......... ..........  1% 14.4M 1s
[17.072s]    300K .......... .......... .......... .......... ..........  2% 8.33M 1s
[17.076s]    350K .......... .......... .......... .......... ..........  2% 14.6M 1s
[17.083s]    400K .......... .......... .......... .......... ..........  2% 14.4M 1s
[17.084s]    450K .......... .......... .......... .......... ..........  3% 9.35M 1s
[17.088s]    500K .......... .......... .......... .......... ..........  3% 20.5M 1s
[17.091s]    550K .......... .......... .......... .......... ..........  3% 11.8M 1s
[17.096s]    600K .......... .......... .......... .......... ..........  4% 11.7M 1s
[17.099s]    650K .......... .......... .......... .......... ..........  4% 13.5M 1s
[17.101s]    700K .......... .......... .......... .......... ..........  4% 19.9M 1s
[17.104s]    750K .......... .......... .......... .......... ..........  5% 18.6M 1s
[17.109s]    800K .......... .......... .......... .......... ..........  5% 10.5M 1s
[17.112s]    850K .......... .......... .......... .......... ..........  5% 14.7M 1s
[17.115s]    900K .......... .......... .......... .......... ..........  6% 14.9M 1s
[17.119s]    950K .......... .......... .......... .......... ..........  6% 12.9M 1s
[17.122s]   1000K .......... .......... .......... .......... ..........  6% 17.0M 1s
[17.129s]   1050K .......... .......... .......... .......... ..........  7% 8.58M 1s
[17.131s]   1100K .......... .......... .......... .......... ..........  7% 13.5M 1s
[17.134s]   1150K .......... .......... .......... .......... ..........  7% 15.4M 1s
[17.139s]   1200K .......... .......... .......... .......... ..........  7% 10.0M 1s
[17.144s]   1250K .......... .......... .......... .......... ..........  8% 13.0M 1s
[17.146s]   1300K .......... .......... .......... .......... ..........  8% 19.5M 1s
[17.149s]   1350K .......... .......... .......... .......... ..........  8% 14.4M 1s
[17.151s]   1400K .......... .......... .......... .......... ..........  9% 18.2M 1s
[17.155s]   1450K .......... .......... .......... .......... ..........  9% 14.6M 1s
[17.158s]   1500K .......... .......... .......... .......... ..........  9% 14.2M 1s
[17.163s]   1550K .......... .......... .......... .......... .......... 10% 22.5M 1s
[17.176s]   1600K .......... .......... .......... .......... .......... 10% 4.17M 1s
[17.176s]   1650K .......... .......... .......... .......... .......... 10% 55.2M 1s
[17.176s]   1700K .......... .......... .......... .......... .......... 11% 47.7M 1s
[17.176s]   1750K .......... .......... .......... .......... .......... 11% 45.8M 1s
[17.180s]   1800K .......... .......... .......... .......... .......... 11% 11.6M 1s
[17.183s]   1850K .......... .......... .......... .......... .......... 12% 12.0M 1s
[17.186s]   1900K .......... .......... .......... .......... .......... 12% 20.4M 1s
[17.191s]   1950K .......... .......... .......... .......... .......... 12% 11.4M 1s
[17.191s]   2000K .......... .......... .......... .......... .......... 13% 40.9M 1s
[17.195s]   2050K .......... .......... .......... .......... .......... 13% 13.4M 1s
[17.198s]   2100K .......... .......... .......... .......... .......... 13% 15.2M 1s
[17.201s]   2150K .......... .......... .......... .......... .......... 14% 19.7M 1s
[17.204s]   2200K .......... .......... .......... .......... .......... 14% 13.3M 1s
[17.207s]   2250K .......... .......... .......... .......... .......... 14% 17.8M 1s
[17.209s]   2300K .......... .......... .......... .......... .......... 15% 24.8M 1s
[17.214s]   2350K .......... .......... .......... .......... .......... 15% 9.87M 1s
[17.220s]   2400K .......... .......... .......... .......... .......... 15% 10.4M 1s
[17.225s]   2450K .......... .......... .......... .......... .......... 15% 7.73M 1s
[17.230s]   2500K .......... .......... .......... .......... .......... 16% 11.7M 1s
[17.230s]   2550K .......... .......... .......... .......... .......... 16% 35.6M 1s
[17.234s]   2600K .......... .......... .......... .......... .......... 16% 14.1M 1s
[17.240s]   2650K .......... .......... .......... .......... .......... 17% 8.41M 1s
[17.242s]   2700K .......... .......... .......... .......... .......... 17% 18.0M 1s
[17.247s]   2750K .......... .......... .......... .......... .......... 17% 10.0M 1s
[17.250s]   2800K .......... .......... .......... .......... .......... 18% 20.8M 1s
[17.252s]   2850K .......... .......... .......... .......... .......... 18% 18.6M 1s
[17.257s]   2900K .......... .......... .......... .......... .......... 18% 11.1M 1s
[17.271s]   2950K .......... .......... .......... .......... .......... 19% 19.4M 1s
[17.272s]   3000K .......... .......... .......... .......... .......... 19% 16.9M 1s
[17.272s]   3050K .......... .......... .......... .......... .......... 19% 5.28M 1s
[17.280s]   3100K .......... .......... .......... .......... .......... 20% 18.7M 1s
[17.280s]   3150K .......... .......... .......... .......... .......... 20% 86.6M 1s
[17.280s]   3200K .......... .......... .......... .......... .......... 20% 34.5M 1s
[17.281s]   3250K .......... .......... .......... .......... .......... 21% 27.5M 1s
[17.292s]   3300K .......... .......... .......... .......... .......... 21% 11.2M 1s
[17.292s]   3350K .......... .......... .......... .......... .......... 21% 19.0M 1s
[17.292s]   3400K .......... .......... .......... .......... .......... 22% 8.58M 1s
[17.292s]   3450K .......... .......... .......... .......... .......... 22%  180M 1s
[17.295s]   3500K .......... .......... .......... .......... .......... 22% 10.8M 1s
[17.299s]   3550K .......... .......... .......... .......... .......... 23% 12.6M 1s
[17.303s]   3600K .......... .......... .......... .......... .......... 23% 45.8M 1s
[17.306s]   3650K .......... .......... .......... .......... .......... 23% 8.34M 1s
[17.312s]   3700K .......... .......... .......... .......... .......... 23% 8.29M 1s
[17.313s]   3750K .......... .......... .......... .......... .......... 24% 42.2M 1s
[17.315s]   3800K .......... .......... .......... .......... .......... 24% 18.0M 1s
[17.319s]   3850K .......... .......... .......... .......... .......... 24% 13.4M 1s
[17.325s]   3900K .......... .......... .......... .......... .......... 25% 8.92M 1s
[17.327s]   3950K .......... .......... .......... .......... .......... 25% 17.5M 1s
[17.334s]   4000K .......... .......... .......... .......... .......... 25% 11.8M 1s
[17.335s]   4050K .......... .......... .......... .......... .......... 26% 13.7M 1s
[17.337s]   4100K .......... .......... .......... .......... .......... 26% 27.5M 1s
[17.340s]   4150K .......... .......... .......... .......... .......... 26% 14.9M 1s
[17.346s]   4200K .......... .......... .......... .......... .......... 27% 8.56M 1s
[17.348s]   4250K .......... .......... .......... .......... .......... 27% 26.0M 1s
[17.352s]   4300K .......... .......... .......... .......... .......... 27% 12.8M 1s
[17.355s]   4350K .......... .......... .......... .......... .......... 28% 17.8M 1s
[17.380s]   4400K .......... .......... .......... .......... .......... 28% 22.4M 1s
[17.380s]   4450K .......... .......... .......... .......... .......... 28% 5.73M 1s
[17.381s]   4500K .......... .......... .......... .......... .......... 29% 44.1M 1s
[17.382s]   4550K .......... .......... .......... .......... .......... 29% 35.2M 1s
[17.383s]   4600K .......... .......... .......... .......... .......... 29% 14.9M 1s
[17.383s]   4650K .......... .......... .......... .......... .......... 30% 36.5M 1s
[17.383s]   4700K .......... .......... .......... .......... .......... 30% 15.4M 1s
[17.384s]   4750K .......... .......... .......... .......... .......... 30% 11.4M 1s
[17.384s]   4800K .......... .......... .......... .......... .......... 31% 29.7M 1s
[17.384s]   4850K .......... .......... .......... .......... .......... 31% 25.1M 1s
[17.386s]   4900K .......... .......... .......... .......... .......... 31% 25.4M 1s
[17.388s]   4950K .......... .......... .......... .......... .......... 31% 20.1M 1s
[17.391s]   5000K .......... .......... .......... .......... .......... 32% 15.0M 1s
[17.394s]   5050K .......... .......... .......... .......... .......... 32% 20.5M 1s
[17.399s]   5100K .......... .......... .......... .......... .......... 32% 7.96M 1s
[17.402s]   5150K .......... .......... .......... .......... .......... 33% 21.0M 1s
[17.407s]   5200K .......... .......... .......... .......... .......... 33% 15.4M 1s
[17.408s]   5250K .......... .......... .......... .......... .......... 33% 16.3M 1s
[17.410s]   5300K .......... .......... .......... .......... .......... 34% 25.8M 1s
[17.417s]   5350K .......... .......... .......... .......... .......... 34% 7.70M 1s
[17.419s]   5400K .......... .......... .......... .......... .......... 34% 16.8M 1s
[17.422s]   5450K .......... .......... .......... .......... .......... 35% 14.7M 1s
[17.428s]   5500K .......... .......... .......... .......... .......... 35% 9.08M 1s
[17.432s]   5550K .......... .......... .......... .......... .......... 35% 11.2M 1s
[17.434s]   5600K .......... .......... .......... .......... .......... 36% 39.3M 1s
[17.438s]   5650K .......... .......... .......... .......... .......... 36% 11.3M 1s
[17.440s]   5700K .......... .......... .......... .......... .......... 36% 27.3M 1s
[17.446s]   5750K .......... .......... .......... .......... .......... 37% 7.69M 1s
[17.448s]   5800K .......... .......... .......... .......... .......... 37% 22.5M 1s
[17.451s]   5850K .......... .......... .......... .......... .......... 37% 17.9M 1s
[17.454s]   5900K .......... .......... .......... .......... .......... 38% 14.4M 1s
[17.458s]   5950K .......... .......... .......... .......... .......... 38% 13.1M 1s
[17.472s]   6000K .......... .......... .......... .......... .......... 38% 8.19M 1s
[17.472s]   6050K .......... .......... .......... .......... .......... 39% 68.8M 1s
[17.475s]   6100K .......... .......... .......... .......... .......... 39% 5.28M 1s
[17.475s]   6150K .......... .......... .......... .......... .......... 39%  204M 1s
[17.475s]   6200K .......... .......... .......... .......... .......... 39%  293M 1s
[17.475s]   6250K .......... .......... .......... .......... .......... 40%  114M 1s
[17.479s]   6300K .......... .......... .......... .......... .......... 40% 14.7M 1s
[17.482s]   6350K .......... .......... .......... .......... .......... 40% 15.9M 1s
[17.484s]   6400K .......... .......... .......... .......... .......... 41% 17.0M 1s
[17.487s]   6450K .......... .......... .......... .......... .......... 41% 17.6M 1s
[17.490s]   6500K .......... .......... .......... .......... .......... 41% 15.3M 1s
[17.496s]   6550K .......... .......... .......... .......... .......... 42% 16.3M 1s
[17.498s]   6600K .......... .......... .......... .......... .......... 42% 9.83M 1s
[17.500s]   6650K .......... .......... .......... .......... .......... 42% 21.8M 1s
[17.502s]   6700K .......... .......... .......... .......... .......... 43% 28.9M 1s
[17.506s]   6750K .......... .......... .......... .......... .......... 43% 15.9M 1s
[17.510s]   6800K .......... .......... .......... .......... .......... 43% 12.3M 1s
[17.511s]   6850K .......... .......... .......... .......... .......... 44% 18.5M 1s
[17.515s]   6900K .......... .......... .......... .......... .......... 44% 14.5M 1s
[17.518s]   6950K .......... .......... .......... .......... .......... 44% 15.7M 1s
[17.520s]   7000K .......... .......... .......... .......... .......... 45% 22.6M 1s
[17.523s]   7050K .......... .......... .......... .......... .......... 45% 14.7M 1s
[17.526s]   7100K .......... .......... .......... .......... .......... 45% 20.3M 1s
[17.528s]   7150K .......... .......... .......... .......... .......... 46% 19.1M 1s
[17.533s]   7200K .......... .......... .......... .......... .......... 46% 11.3M 1s
[17.536s]   7250K .......... .......... .......... .......... .......... 46% 14.2M 1s
[17.539s]   7300K .......... .......... .......... .......... .......... 47% 19.6M 1s
[17.542s]   7350K .......... .......... .......... .......... .......... 47% 17.9M 1s
[17.544s]   7400K .......... .......... .......... .......... .......... 47% 19.7M 1s
[17.549s]   7450K .......... .......... .......... .......... .......... 47% 10.2M 1s
[17.552s]   7500K .......... .......... .......... .......... .......... 48% 14.9M 1s
[17.554s]   7550K .......... .......... .......... .......... .......... 48% 19.6M 1s
[17.559s]   7600K .......... .......... .......... .......... .......... 48% 14.1M 1s
[17.577s]   7650K .......... .......... .......... .......... .......... 49% 6.82M 1s
[17.577s]   7700K .......... .......... .......... .......... .......... 49% 43.2M 1s
[17.578s]   7750K .......... .......... .......... .......... .......... 49% 29.5M 1s
[17.578s]   7800K .......... .......... .......... .......... .......... 50% 25.4M 1s
[17.583s]   7850K .......... .......... .......... .......... .......... 50% 3.87M 1s
[17.584s]   7900K .......... .......... .......... .......... .......... 50% 31.0M 1s
[17.586s]   7950K .......... .......... .......... .......... .......... 51% 24.8M 1s
[17.588s]   8000K .......... .......... .......... .......... .......... 51% 28.1M 1s
[17.589s]   8050K .......... .......... .......... .......... .......... 51% 39.9M 1s
[17.591s]   8100K .......... .......... .......... .......... .......... 52% 35.4M 1s
[17.591s]   8150K .......... .......... .......... .......... .......... 52% 48.3M 1s
[17.594s]   8200K .......... .......... .......... .......... .......... 52% 17.3M 0s
[17.597s]   8250K .......... .......... .......... .......... .......... 53% 16.6M 0s
[17.608s]   8300K .......... .......... .......... .......... .......... 53% 4.98M 0s
[17.609s]   8350K .......... .......... .......... .......... .......... 53% 40.3M 0s
[17.610s]   8400K .......... .......... .......... .......... .......... 54% 38.0M 0s
[17.612s]   8450K .......... .......... .......... .......... .......... 54% 37.6M 0s
[17.612s]   8500K .......... .......... .......... .......... .......... 54% 33.3M 0s
[17.616s]   8550K .......... .......... .......... .......... .......... 55% 14.2M 0s
[17.618s]   8600K .......... .......... .......... .......... .......... 55% 21.2M 0s
[17.621s]   8650K .......... .......... .......... .......... .......... 55% 20.0M 0s
[17.622s]   8700K .......... .......... .......... .......... .......... 55% 23.7M 0s
[17.627s]   8750K .......... .......... .......... .......... .......... 56% 10.3M 0s
[17.632s]   8800K .......... .......... .......... .......... .......... 56% 13.0M 0s
[17.632s]   8850K .......... .......... .......... .......... .......... 56% 48.8M 0s
[17.636s]   8900K .......... .......... .......... .......... .......... 57% 16.2M 0s
[17.640s]   8950K .......... .......... .......... .......... .......... 57% 12.7M 0s
[17.641s]   9000K .......... .......... .......... .......... .......... 57% 28.5M 0s
[17.643s]   9050K .......... .......... .......... .......... .......... 58% 19.5M 0s
[17.645s]   9100K .......... .......... .......... .......... .......... 58% 24.3M 0s
[17.647s]   9150K .......... .......... .......... .......... .......... 58% 20.3M 0s
[17.658s]   9200K .......... .......... .......... .......... .......... 59% 6.14M 0s
[17.660s]   9250K .......... .......... .......... .......... .......... 59% 11.4M 0s
[17.675s]   9300K .......... .......... .......... .......... .......... 59% 10.3M 0s
[17.678s]   9350K .......... .......... .......... .......... .......... 60% 18.4M 0s
[17.680s]   9400K .......... .......... .......... .......... .......... 60% 42.4M 0s
[17.680s]   9450K .......... .......... .......... .......... .......... 60% 42.2M 0s
[17.681s]   9500K .......... .......... .......... .......... .......... 61% 5.25M 0s
[17.682s]   9550K .......... .......... .......... .......... .......... 61% 35.0M 0s
[17.682s]   9600K .......... .......... .......... .......... .......... 61% 63.0M 0s
[17.683s]   9650K .......... .......... .......... .......... .......... 62% 28.2M 0s
[17.684s]   9700K .......... .......... .......... .......... .......... 62% 45.9M 0s
[17.689s]   9750K .......... .......... .......... .......... .......... 62% 11.0M 0s
[17.690s]   9800K .......... .......... .......... .......... .......... 63% 45.8M 0s
[17.696s]   9850K .......... .......... .......... .......... .......... 63% 8.75M 0s
[17.696s]   9900K .......... .......... .......... .......... .......... 63% 48.5M 0s
[17.699s]   9950K .......... .......... .......... .......... .......... 63% 18.7M 0s
[17.701s]  10000K .......... .......... .......... .......... .......... 64% 64.4M 0s
[17.703s]  10050K .......... .......... .......... .......... .......... 64% 11.9M 0s
[17.706s]  10100K .......... .......... .......... .......... .......... 64% 15.8M 0s
[17.707s]  10150K .......... .......... .......... .......... .......... 65% 48.1M 0s
[17.710s]  10200K .......... .......... .......... .......... .......... 65% 16.0M 0s
[17.715s]  10250K .......... .......... .......... .......... .......... 65% 11.3M 0s
[17.715s]  10300K .......... .......... .......... .......... .......... 66% 57.4M 0s
[17.719s]  10350K .......... .......... .......... .......... .......... 66% 14.6M 0s
[17.723s]  10400K .......... .......... .......... .......... .......... 66% 11.5M 0s
[17.725s]  10450K .......... .......... .......... .......... .......... 67% 29.2M 0s
[17.728s]  10500K .......... .......... .......... .......... .......... 67% 15.2M 0s
[17.731s]  10550K .......... .......... .......... .......... .......... 67% 20.0M 0s
[17.733s]  10600K .......... .......... .......... .......... .......... 68% 24.4M 0s
[17.735s]  10650K .......... .......... .......... .......... .......... 68% 18.4M 0s
[17.738s]  10700K .......... .......... .......... .......... .......... 68% 24.2M 0s
[17.742s]  10750K .......... .......... .......... .......... .......... 69% 11.5M 0s
[17.743s]  10800K .......... .......... .......... .......... .......... 69% 38.0M 0s
[17.746s]  10850K .......... .......... .......... .......... .......... 69% 14.8M 0s
[17.748s]  10900K .......... .......... .......... .......... .......... 70% 27.1M 0s
[17.751s]  10950K .......... .......... .......... .......... .......... 70% 14.0M 0s
[17.754s]  11000K .......... .......... .......... .......... .......... 70% 18.3M 0s
[17.757s]  11050K .......... .......... .......... .......... .......... 71% 16.5M 0s
[17.759s]  11100K .......... .......... .......... .......... .......... 71% 21.2M 0s
[17.766s]  11150K .......... .......... .......... .......... .......... 71% 10.2M 0s
[17.766s]  11200K .......... .......... .......... .......... .......... 71% 34.9M 0s
[17.779s]  11250K .......... .......... .......... .......... .......... 72% 4.56M 0s
[17.780s]  11300K .......... .......... .......... .......... .......... 72% 13.1M 0s
[17.781s]  11350K .......... .......... .......... .......... .......... 72% 51.8M 0s
[17.782s]  11400K .......... .......... .......... .......... .......... 73% 46.0M 0s
[17.784s]  11450K .......... .......... .......... .......... .......... 73% 26.1M 0s
[17.784s]  11500K .......... .......... .......... .......... .......... 73% 69.3M 0s
[17.785s]  11550K .......... .......... .......... .......... .......... 74% 52.0M 0s
[17.788s]  11600K .......... .......... .......... .......... .......... 74% 40.5M 0s
[17.789s]  11650K .......... .......... .......... .......... .......... 74% 17.3M 0s
[17.794s]  11700K .......... .......... .......... .......... .......... 75% 10.1M 0s
[17.795s]  11750K .......... .......... .......... .......... .......... 75% 39.8M 0s
[17.796s]  11800K .......... .......... .......... .......... .......... 75% 44.5M 0s
[17.800s]  11850K .......... .......... .......... .......... .......... 76% 12.2M 0s
[17.802s]  11900K .......... .......... .......... .......... .......... 76% 26.4M 0s
[17.805s]  11950K .......... .......... .......... .......... .......... 76% 16.5M 0s
[17.807s]  12000K .......... .......... .......... .......... .......... 77% 31.5M 0s
[17.811s]  12050K .......... .......... .......... .......... .......... 77% 12.4M 0s
[17.815s]  12100K .......... .......... .......... .......... .......... 77% 12.5M 0s
[17.816s]  12150K .......... .......... .......... .......... .......... 78% 41.7M 0s
[17.821s]  12200K .......... .......... .......... .......... .......... 78% 13.0M 0s
[17.821s]  12250K .......... .......... .......... .......... .......... 78% 32.0M 0s
[17.823s]  12300K .......... .......... .......... .......... .......... 79% 20.7M 0s
[17.826s]  12350K .......... .......... .......... .......... .......... 79% 17.8M 0s
[17.829s]  12400K .......... .......... .......... .......... .......... 79% 17.0M 0s
[17.832s]  12450K .......... .......... .......... .......... .......... 79% 13.7M 0s
[17.836s]  12500K .......... .......... .......... .......... .......... 80% 14.6M 0s
[17.838s]  12550K .......... .......... .......... .......... .......... 80% 37.9M 0s
[17.840s]  12600K .......... .......... .......... .......... .......... 80% 20.2M 0s
[17.843s]  12650K .......... .......... .......... .......... .......... 81% 16.2M 0s
[17.846s]  12700K .......... .......... .......... .......... .......... 81% 20.9M 0s
[17.848s]  12750K .......... .......... .......... .......... .......... 81% 17.6M 0s
[17.851s]  12800K .......... .......... .......... .......... .......... 82% 13.3M 0s
[17.855s]  12850K .......... .......... .......... .......... .......... 82% 13.6M 0s
[17.858s]  12900K .......... .......... .......... .......... .......... 82% 17.0M 0s
[17.860s]  12950K .......... .......... .......... .......... .......... 83% 19.5M 0s
[17.866s]  13000K .......... .......... .......... .......... .......... 83% 32.1M 0s
[17.866s]  13050K .......... .......... .......... .......... .......... 83% 15.4M 0s
[17.877s]  13100K .......... .......... .......... .......... .......... 84% 18.9M 0s
[17.877s]  13150K .......... .......... .......... .......... .......... 84% 19.6M 0s
[17.879s]  13200K .......... .......... .......... .......... .......... 84% 18.4M 0s
[17.879s]  13250K .......... .......... .......... .......... .......... 85% 7.50M 0s
[17.879s]  13300K .......... .......... .......... .......... .......... 85%  166M 0s
[17.883s]  13350K .......... .......... .......... .......... .......... 85% 13.4M 0s
[17.884s]  13400K .......... .......... .......... .......... .......... 86% 61.9M 0s
[17.888s]  13450K .......... .......... .......... .......... .......... 86% 12.2M 0s
[17.891s]  13500K .......... .......... .......... .......... .......... 86% 18.4M 0s
[17.891s]  13550K .......... .......... .......... .......... .......... 87% 51.0M 0s
[17.897s]  13600K .......... .......... .......... .......... .......... 87% 9.68M 0s
[17.897s]  13650K .......... .......... .......... .......... .......... 87% 97.0M 0s
[17.906s]  13700K .......... .......... .......... .......... .......... 87% 5.52M 0s
[17.907s]  13750K .......... .......... .......... .......... .......... 88% 89.8M 0s
[17.907s]  13800K .......... .......... .......... .......... .......... 88%  232M 0s
[17.910s]  13850K .......... .......... .......... .......... .......... 88% 15.5M 0s
[17.911s]  13900K .......... .......... .......... .......... .......... 89% 39.1M 0s
[17.914s]  13950K .......... .......... .......... .......... .......... 89% 16.8M 0s
[17.918s]  14000K .......... .......... .......... .......... .......... 89% 37.7M 0s
[17.920s]  14050K .......... .......... .......... .......... .......... 90% 10.8M 0s
[17.925s]  14100K .......... .......... .......... .......... .......... 90% 10.3M 0s
[17.925s]  14150K .......... .......... .......... .......... .......... 90%  173M 0s
[17.928s]  14200K .......... .......... .......... .......... .......... 91% 17.9M 0s
[17.931s]  14250K .......... .......... .......... .......... .......... 91% 14.4M 0s
[17.932s]  14300K .......... .......... .......... .......... .......... 91% 38.4M 0s
[17.935s]  14350K .......... .......... .......... .......... .......... 92% 15.8M 0s
[17.939s]  14400K .......... .......... .......... .......... .......... 92% 17.6M 0s
[17.942s]  14450K .......... .......... .......... .......... .......... 92% 12.9M 0s
[17.944s]  14500K .......... .......... .......... .......... .......... 93% 23.0M 0s
[17.947s]  14550K .......... .......... .......... .......... .......... 93% 17.6M 0s
[17.949s]  14600K .......... .......... .......... .......... .......... 93% 23.5M 0s
[17.952s]  14650K .......... .......... .......... .......... .......... 94% 17.0M 0s
[17.961s]  14700K .......... .......... .......... .......... .......... 94% 5.23M 0s
[17.975s]  14750K .......... .......... .......... .......... .......... 94% 10.9M 0s
[17.976s]  14800K .......... .......... .......... .......... .......... 95% 14.3M 0s
[17.976s]  14850K .......... .......... .......... .......... .......... 95%  240M 0s
[17.976s]  14900K .......... .......... .......... .......... .......... 95% 22.0M 0s
[17.976s]  14950K .......... .......... .......... .......... .......... 95% 17.0M 0s
[17.976s]  15000K .......... .......... .......... .......... .......... 96% 34.6M 0s
[17.978s]  15050K .......... .......... .......... .......... .......... 96% 19.0M 0s
[17.980s]  15100K .......... .......... .......... .......... .......... 96% 21.8M 0s
[17.983s]  15150K .......... .......... .......... .......... .......... 97% 16.8M 0s
[17.988s]  15200K .......... .......... .......... .......... .......... 97% 12.5M 0s
[17.989s]  15250K .......... .......... .......... .......... .......... 97% 21.7M 0s
[17.994s]  15300K .......... .......... .......... .......... .......... 98% 11.6M 0s
[17.995s]  15350K .......... .......... .......... .......... .......... 98% 31.6M 0s
[17.997s]  15400K .......... .......... .......... .......... .......... 98% 33.7M 0s
[17.999s]  15450K .......... .......... .......... .......... .......... 99% 19.1M 0s
[18.002s]  15500K .......... .......... .......... .......... .......... 99% 17.9M 0s
[18.006s]  15550K .......... .......... .......... .......... .......... 99% 12.9M 0s
[18.006s]  15600K .......... .......... .....                           100%  110M=1.0s
[18.006s] 
[18.006s] 2024-04-16 17:04:17 (15.8 MB/s) - ‘/home/feng/ros2_ws/build/multirobot_map_merge/2012-01-28-11-12-01.pgm’ saved [16000058/16000058]
[18.006s] 
[18.008s] Checking MD5 sum of /home/feng/ros2_ws/build/multirobot_map_merge/2012-01-28-11-12-01.pgm
[18.083s] /home/feng/ros2_ws/build/multirobot_map_merge/2012-01-28-11-12-01.pgm: OK
[18.092s] -- Found gtest sources under '/opt/ros/humble/src/gtest_vendor': C++ tests using 'Google Test' will be built
[18.108s] -- Added test 'cppcheck' to perform static code analysis on C / C++ code
[18.109s] -- Configured cppcheck include dirs: /home/feng/ros2_ws/src/m-explore-ros2/map_merge/include;$<BUILD_INTERFACE:/home/feng/ros2_ws/src/m-explore-ros2/map_merge/include>
[18.109s] -- Configured cppcheck exclude dirs and/or files: 
[18.111s] -- Added test 'flake8' to check Python code syntax and style conventions
[18.113s] -- Added test 'lint_cmake' to check CMake code style
[18.115s] -- Added test 'pep257' to check Python code against some of the docstring style conventions in PEP 257
[18.119s] -- Added test 'uncrustify' to check C / C++ code style
[18.119s] -- Configured uncrustify additional arguments: 
[18.121s] -- Added test 'xmllint' to check XML markup files
[18.127s] -- Configuring done
[18.247s] -- Generating done
[18.250s] -- Build files have been written to: /home/feng/ros2_ws/build/multirobot_map_merge
[18.266s] Invoked command in '/home/feng/ros2_ws/build/multirobot_map_merge' returned '0': CMAKE_PREFIX_PATH=${CMAKE_PREFIX_PATH}:/home/feng/ros2_ws/install/navigation:/home/feng/ros2_ws/install/my_robot_controller:/home/feng/ros2_ws/src/install/my_robot_controller:/home/feng/rosbot_ws/install/rqt_joint_trajectory_controller:/home/feng/rosbot_ws/install/rosbot_xl_utils:/home/feng/rosbot_ws/install/rosbot_xl_gazebo:/home/feng/rosbot_ws/install/rosbot_xl_bringup:/home/feng/rosbot_ws/install/rosbot_xl_controller:/home/feng/rosbot_ws/install/ros2_controllers_test_nodes:/opt/ros/humble /usr/bin/cmake /home/feng/ros2_ws/src/m-explore-ros2/map_merge -DCMAKE_INSTALL_PREFIX=/home/feng/ros2_ws/install/multirobot_map_merge
[18.266s] Invoking command in '/home/feng/ros2_ws/build/multirobot_map_merge': CMAKE_PREFIX_PATH=${CMAKE_PREFIX_PATH}:/home/feng/ros2_ws/install/navigation:/home/feng/ros2_ws/install/my_robot_controller:/home/feng/ros2_ws/src/install/my_robot_controller:/home/feng/rosbot_ws/install/rqt_joint_trajectory_controller:/home/feng/rosbot_ws/install/rosbot_xl_utils:/home/feng/rosbot_ws/install/rosbot_xl_gazebo:/home/feng/rosbot_ws/install/rosbot_xl_bringup:/home/feng/rosbot_ws/install/rosbot_xl_controller:/home/feng/rosbot_ws/install/ros2_controllers_test_nodes:/opt/ros/humble /usr/bin/cmake --build /home/feng/ros2_ws/build/multirobot_map_merge -- -j4 -l4
[18.356s] [  8%] [32mBuilding CXX object CMakeFiles/combine_grids.dir/src/combine_grids/grid_compositor.cpp.o[0m
[20.594s] [ 16%] [32mBuilding CXX object CMakeFiles/combine_grids.dir/src/combine_grids/grid_warper.cpp.o[0m
[22.546s] [ 25%] [32mBuilding CXX object CMakeFiles/combine_grids.dir/src/combine_grids/merging_pipeline.cpp.o[0m
[29.198s] [ 33%] [32m[1mLinking CXX static library libcombine_grids.a[0m
[29.605s] [ 33%] Built target combine_grids
[29.640s] [ 41%] [32mBuilding CXX object gtest/CMakeFiles/gtest.dir/src/gtest-all.cc.o[0m
[34.470s] [ 50%] [32m[1mLinking CXX static library libgtest.a[0m
[34.615s] [ 50%] Built target gtest
[34.658s] [ 58%] [32mBuilding CXX object CMakeFiles/map_merge.dir/src/map_merge.cpp.o[0m
[36.904s] In file included from [01m[K/home/feng/ros2_ws/src/m-explore-ros2/map_merge/src/map_merge.cpp:44[m[K:
[36.904s] [01m[K/opt/ros/humble/include/tf2_geometry_msgs/tf2_geometry_msgs/tf2_geometry_msgs.h:35:2:[m[K [01;35m[Kwarning: [m[K#warning This header is obsolete, please include tf2_geometry_msgs/tf2_geometry_msgs.hpp instead [[01;35m[K]8;;https://gcc.gnu.org/onlinedocs/gcc/Warning-Options.html#index-Wcpp-Wcpp]8;;[m[K]
[36.904s]    35 | #[01;35m[Kwarning[m[K This header is obsolete, please include tf2_geometry_msgs/tf2_geometry_msgs.hpp instead
[36.904s]       |  [01;35m[K^~~~~~~[m[K
[57.041s] [ 66%] [32m[1mLinking CXX executable map_merge[0m
[59.845s] [ 66%] Built target map_merge
[59.887s] [ 75%] [32mBuilding CXX object gtest/CMakeFiles/gtest_main.dir/src/gtest_main.cc.o[0m
[61.261s] [ 83%] [32m[1mLinking CXX static library libgtest_main.a[0m
[61.404s] [ 83%] Built target gtest_main
[61.447s] [ 91%] [32mBuilding CXX object CMakeFiles/test_merging_pipeline.dir/test/test_merging_pipeline.cpp.o[0m
[61.853s] In file included from [01m[K/home/feng/ros2_ws/src/m-explore-ros2/map_merge/test/testing_helpers.h:7[m[K,
[61.853s]                  from [01m[K/home/feng/ros2_ws/src/m-explore-ros2/map_merge/test/test_merging_pipeline.cpp:42[m[K:
[61.854s] [01m[K/opt/ros/humble/include/tf2_geometry_msgs/tf2_geometry_msgs/tf2_geometry_msgs.h:35:2:[m[K [01;35m[Kwarning: [m[K#warning This header is obsolete, please include tf2_geometry_msgs/tf2_geometry_msgs.hpp instead [[01;35m[K]8;;https://gcc.gnu.org/onlinedocs/gcc/Warning-Options.html#index-Wcpp-Wcpp]8;;[m[K]
[61.854s]    35 | #[01;35m[Kwarning[m[K This header is obsolete, please include tf2_geometry_msgs/tf2_geometry_msgs.hpp instead
[61.854s]       |  [01;35m[K^~~~~~~[m[K
[69.197s] [100%] [32m[1mLinking CXX executable test_merging_pipeline[0m
[70.196s] [100%] Built target test_merging_pipeline
[70.208s] Invoked command in '/home/feng/ros2_ws/build/multirobot_map_merge' returned '0': CMAKE_PREFIX_PATH=${CMAKE_PREFIX_PATH}:/home/feng/ros2_ws/install/navigation:/home/feng/ros2_ws/install/my_robot_controller:/home/feng/ros2_ws/src/install/my_robot_controller:/home/feng/rosbot_ws/install/rqt_joint_trajectory_controller:/home/feng/rosbot_ws/install/rosbot_xl_utils:/home/feng/rosbot_ws/install/rosbot_xl_gazebo:/home/feng/rosbot_ws/install/rosbot_xl_bringup:/home/feng/rosbot_ws/install/rosbot_xl_controller:/home/feng/rosbot_ws/install/ros2_controllers_test_nodes:/opt/ros/humble /usr/bin/cmake --build /home/feng/ros2_ws/build/multirobot_map_merge -- -j4 -l4
[70.273s] Invoking command in '/home/feng/ros2_ws/build/multirobot_map_merge': CMAKE_PREFIX_PATH=${CMAKE_PREFIX_PATH}:/home/feng/ros2_ws/install/navigation:/home/feng/ros2_ws/install/my_robot_controller:/home/feng/ros2_ws/src/install/my_robot_controller:/home/feng/rosbot_ws/install/rqt_joint_trajectory_controller:/home/feng/rosbot_ws/install/rosbot_xl_utils:/home/feng/rosbot_ws/install/rosbot_xl_gazebo:/home/feng/rosbot_ws/install/rosbot_xl_bringup:/home/feng/rosbot_ws/install/rosbot_xl_controller:/home/feng/rosbot_ws/install/ros2_controllers_test_nodes:/opt/ros/humble /usr/bin/cmake --install /home/feng/ros2_ws/build/multirobot_map_merge
[70.283s] -- Install configuration: ""
[70.284s] -- Installing: /home/feng/ros2_ws/install/multirobot_map_merge/include/map_merge/
[70.284s] -- Installing: /home/feng/ros2_ws/install/multirobot_map_merge/include/map_merge//map_merge.h
[70.284s] -- Installing: /home/feng/ros2_ws/install/multirobot_map_merge/include/map_merge//ros1_names.hpp
[70.285s] -- Installing: /home/feng/ros2_ws/install/multirobot_map_merge/share/multirobot_map_merge/launch
[70.286s] -- Installing: /home/feng/ros2_ws/install/multirobot_map_merge/share/multirobot_map_merge/launch/tb3_simulation
[70.286s] -- Installing: /home/feng/ros2_ws/install/multirobot_map_merge/share/multirobot_map_merge/launch/tb3_simulation/slam_toolbox.py
[70.286s] -- Installing: /home/feng/ros2_ws/install/multirobot_map_merge/share/multirobot_map_merge/launch/tb3_simulation/bringup_launch.py
[70.293s] -- Installing: /home/feng/ros2_ws/install/multirobot_map_merge/share/multirobot_map_merge/launch/tb3_simulation/config
[70.293s] -- Installing: /home/feng/ros2_ws/install/multirobot_map_merge/share/multirobot_map_merge/launch/tb3_simulation/config/nav2_multirobot_params_2.yaml
[70.293s] -- Installing: /home/feng/ros2_ws/install/multirobot_map_merge/share/multirobot_map_merge/launch/tb3_simulation/config/nav2_multirobot_params_1.yaml
[70.293s] -- Installing: /home/feng/ros2_ws/install/multirobot_map_merge/share/multirobot_map_merge/launch/tb3_simulation/multi_tb3_simulation_launch.py
[70.293s] -- Installing: /home/feng/ros2_ws/install/multirobot_map_merge/share/multirobot_map_merge/launch/tb3_simulation/tb3_simulation_launch.py
[70.294s] -- Installing: /home/feng/ros2_ws/install/multirobot_map_merge/share/multirobot_map_merge/launch/tb3_simulation/worlds
[70.294s] -- Installing: /home/feng/ros2_ws/install/multirobot_map_merge/share/multirobot_map_merge/launch/tb3_simulation/worlds/world_only.model
[70.294s] -- Installing: /home/feng/ros2_ws/install/multirobot_map_merge/share/multirobot_map_merge/launch/map_merge.rviz
[70.294s] -- Installing: /home/feng/ros2_ws/install/multirobot_map_merge/share/multirobot_map_merge/launch/map_merge.launch.py
[70.294s] -- Installing: /home/feng/ros2_ws/install/multirobot_map_merge/share/multirobot_map_merge/launch/from_map_server.launch.py
[70.294s] -- Installing: /home/feng/ros2_ws/install/multirobot_map_merge/share/multirobot_map_merge/config
[70.294s] -- Installing: /home/feng/ros2_ws/install/multirobot_map_merge/share/multirobot_map_merge/config/params.yaml
[70.294s] -- Installing: /home/feng/ros2_ws/install/multirobot_map_merge/lib/libcombine_grids.a
[70.294s] -- Installing: /home/feng/ros2_ws/install/multirobot_map_merge/lib/multirobot_map_merge/map_merge
[70.301s] -- Set runtime path of "/home/feng/ros2_ws/install/multirobot_map_merge/lib/multirobot_map_merge/map_merge" to ""
[70.301s] -- Installing: /home/feng/ros2_ws/install/multirobot_map_merge/share/multirobot_map_merge/environment/library_path.sh
[70.302s] -- Installing: /home/feng/ros2_ws/install/multirobot_map_merge/share/multirobot_map_merge/environment/library_path.dsv
[70.303s] -- Installing: /home/feng/ros2_ws/install/multirobot_map_merge/share/ament_index/resource_index/package_run_dependencies/multirobot_map_merge
[70.303s] -- Installing: /home/feng/ros2_ws/install/multirobot_map_merge/share/ament_index/resource_index/parent_prefix_path/multirobot_map_merge
[70.303s] -- Installing: /home/feng/ros2_ws/install/multirobot_map_merge/share/multirobot_map_merge/environment/ament_prefix_path.sh
[70.304s] -- Installing: /home/feng/ros2_ws/install/multirobot_map_merge/share/multirobot_map_merge/environment/ament_prefix_path.dsv
[70.304s] -- Installing: /home/feng/ros2_ws/install/multirobot_map_merge/share/multirobot_map_merge/environment/path.sh
[70.304s] -- Installing: /home/feng/ros2_ws/install/multirobot_map_merge/share/multirobot_map_merge/environment/path.dsv
[70.304s] -- Installing: /home/feng/ros2_ws/install/multirobot_map_merge/share/multirobot_map_merge/local_setup.bash
[70.307s] -- Installing: /home/feng/ros2_ws/install/multirobot_map_merge/share/multirobot_map_merge/local_setup.sh
[70.307s] -- Installing: /home/feng/ros2_ws/install/multirobot_map_merge/share/multirobot_map_merge/local_setup.zsh
[70.307s] -- Installing: /home/feng/ros2_ws/install/multirobot_map_merge/share/multirobot_map_merge/local_setup.dsv
[70.308s] -- Installing: /home/feng/ros2_ws/install/multirobot_map_merge/share/multirobot_map_merge/package.dsv
[70.308s] -- Installing: /home/feng/ros2_ws/install/multirobot_map_merge/share/ament_index/resource_index/packages/multirobot_map_merge
[70.309s] -- Installing: /home/feng/ros2_ws/install/multirobot_map_merge/share/multirobot_map_merge/cmake/ament_cmake_export_include_directories-extras.cmake
[70.309s] -- Installing: /home/feng/ros2_ws/install/multirobot_map_merge/share/multirobot_map_merge/cmake/ament_cmake_export_libraries-extras.cmake
[70.311s] -- Installing: /home/feng/ros2_ws/install/multirobot_map_merge/share/multirobot_map_merge/cmake/multirobot_map_mergeConfig.cmake
[70.311s] -- Installing: /home/feng/ros2_ws/install/multirobot_map_merge/share/multirobot_map_merge/cmake/multirobot_map_mergeConfig-version.cmake
[70.312s] -- Installing: /home/feng/ros2_ws/install/multirobot_map_merge/share/multirobot_map_merge/package.xml
[70.321s] Invoked command in '/home/feng/ros2_ws/build/multirobot_map_merge' returned '0': CMAKE_PREFIX_PATH=${CMAKE_PREFIX_PATH}:/home/feng/ros2_ws/install/navigation:/home/feng/ros2_ws/install/my_robot_controller:/home/feng/ros2_ws/src/install/my_robot_controller:/home/feng/rosbot_ws/install/rqt_joint_trajectory_controller:/home/feng/rosbot_ws/install/rosbot_xl_utils:/home/feng/rosbot_ws/install/rosbot_xl_gazebo:/home/feng/rosbot_ws/install/rosbot_xl_bringup:/home/feng/rosbot_ws/install/rosbot_xl_controller:/home/feng/rosbot_ws/install/ros2_controllers_test_nodes:/opt/ros/humble /usr/bin/cmake --install /home/feng/ros2_ws/build/multirobot_map_merge
