[0.052s] Invoking command in '/home/feng/ros2_ws/build/explore_lite': CMAKE_PREFIX_PATH=${CMAKE_PREFIX_PATH}:/home/feng/ros2_ws/install/navigation:/home/feng/ros2_ws/install/my_robot_controller:/home/feng/ros2_ws/src/install/my_robot_controller:/home/feng/rosbot_ws/install/rqt_joint_trajectory_controller:/home/feng/rosbot_ws/install/rosbot_xl_utils:/home/feng/rosbot_ws/install/rosbot_xl_gazebo:/home/feng/rosbot_ws/install/rosbot_xl_bringup:/home/feng/rosbot_ws/install/rosbot_xl_controller:/home/feng/rosbot_ws/install/ros2_controllers_test_nodes:/opt/ros/humble /usr/bin/cmake /home/feng/ros2_ws/src/m-explore-ros2/explore -DAMENT_CMAKE_SYMLINK_INSTALL=1 -DCMAKE_INSTALL_PREFIX=/home/feng/ros2_ws/install/explore_lite
[0.093s] -- BuilD for ROS2: humble
[0.095s] -- Found ament_cmake: 1.3.8 (/opt/ros/humble/share/ament_cmake/cmake)
[0.358s] -- Override CMake install command with custom implementation using symlinks instead of copying resources
[0.400s] -- Found rclcpp: 16.0.8 (/opt/ros/humble/share/rclcpp/cmake)
[0.506s] -- Found rosidl_generator_c: 3.1.5 (/opt/ros/humble/share/rosidl_generator_c/cmake)
[0.515s] -- Found rosidl_adapter: 3.1.5 (/opt/ros/humble/share/rosidl_adapter/cmake)
[0.534s] -- Found rosidl_generator_cpp: 3.1.5 (/opt/ros/humble/share/rosidl_generator_cpp/cmake)
[0.572s] -- Using all available rosidl_typesupport_c: rosidl_typesupport_fastrtps_c;rosidl_typesupport_introspection_c
[0.614s] -- Using all available rosidl_typesupport_cpp: rosidl_typesupport_fastrtps_cpp;rosidl_typesupport_introspection_cpp
[0.772s] -- Found rmw_implementation_cmake: 6.1.1 (/opt/ros/humble/share/rmw_implementation_cmake/cmake)
[0.780s] -- Found rmw_cyclonedds_cpp: 1.3.4 (/opt/ros/humble/share/rmw_cyclonedds_cpp/cmake)
[0.875s] -- Using RMW implementation 'rmw_cyclonedds_cpp' as default
[1.240s] -- Found sensor_msgs: 4.2.3 (/opt/ros/humble/share/sensor_msgs/cmake)
[1.515s] -- Found tf2_ros: 0.25.6 (/opt/ros/humble/share/tf2_ros/cmake)
[2.251s] -- Found tf2_geometry_msgs: 0.25.6 (/opt/ros/humble/share/tf2_geometry_msgs/cmake)
[2.264s] -- Found eigen3_cmake_module: 0.1.1 (/opt/ros/humble/share/eigen3_cmake_module/cmake)
[2.270s] -- Ensuring Eigen3 include directory is part of orocos-kdl CMake target
[2.288s] -- Found nav2_msgs: 1.1.13 (/opt/ros/humble/share/nav2_msgs/cmake)
[2.832s] -- Found map_msgs: 2.1.0 (/opt/ros/humble/share/map_msgs/cmake)
[3.064s] -- Found visualization_msgs: 4.2.3 (/opt/ros/humble/share/visualization_msgs/cmake)
[3.307s] -- Found nav2_costmap_2d: 1.1.13 (/opt/ros/humble/share/nav2_costmap_2d/cmake)
[6.260s] -- Found ament_lint_auto: 0.12.10 (/opt/ros/humble/share/ament_lint_auto/cmake)
[6.393s] -- Found ament_cmake_gtest: 1.3.8 (/opt/ros/humble/share/ament_cmake_gtest/cmake)
[6.402s] -- Found gtest sources under '/opt/ros/humble/src/gtest_vendor': C++ tests using 'Google Test' will be built
[7.552s] -- Added test 'cppcheck' to perform static code analysis on C / C++ code
[7.553s] -- Configured cppcheck include dirs: /home/feng/ros2_ws/src/m-explore-ros2/explore/include;$<BUILD_INTERFACE:/home/feng/ros2_ws/src/m-explore-ros2/explore/include>
[7.553s] -- Configured cppcheck exclude dirs and/or files: 
[7.554s] -- Added test 'flake8' to check Python code syntax and style conventions
[7.555s] -- Added test 'lint_cmake' to check CMake code style
[7.556s] -- Added test 'pep257' to check Python code against some of the docstring style conventions in PEP 257
[7.559s] -- Added test 'uncrustify' to check C / C++ code style
[7.559s] -- Configured uncrustify additional arguments: 
[7.560s] -- Added test 'xmllint' to check XML markup files
[7.570s] -- Configuring done
[7.781s] -- Generating done
[7.790s] -- Build files have been written to: /home/feng/ros2_ws/build/explore_lite
[7.801s] Invoked command in '/home/feng/ros2_ws/build/explore_lite' returned '0': CMAKE_PREFIX_PATH=${CMAKE_PREFIX_PATH}:/home/feng/ros2_ws/install/navigation:/home/feng/ros2_ws/install/my_robot_controller:/home/feng/ros2_ws/src/install/my_robot_controller:/home/feng/rosbot_ws/install/rqt_joint_trajectory_controller:/home/feng/rosbot_ws/install/rosbot_xl_utils:/home/feng/rosbot_ws/install/rosbot_xl_gazebo:/home/feng/rosbot_ws/install/rosbot_xl_bringup:/home/feng/rosbot_ws/install/rosbot_xl_controller:/home/feng/rosbot_ws/install/ros2_controllers_test_nodes:/opt/ros/humble /usr/bin/cmake /home/feng/ros2_ws/src/m-explore-ros2/explore -DAMENT_CMAKE_SYMLINK_INSTALL=1 -DCMAKE_INSTALL_PREFIX=/home/feng/ros2_ws/install/explore_lite
[7.806s] Invoking command in '/home/feng/ros2_ws/build/explore_lite': CMAKE_PREFIX_PATH=${CMAKE_PREFIX_PATH}:/home/feng/ros2_ws/install/navigation:/home/feng/ros2_ws/install/my_robot_controller:/home/feng/ros2_ws/src/install/my_robot_controller:/home/feng/rosbot_ws/install/rqt_joint_trajectory_controller:/home/feng/rosbot_ws/install/rosbot_xl_utils:/home/feng/rosbot_ws/install/rosbot_xl_gazebo:/home/feng/rosbot_ws/install/rosbot_xl_bringup:/home/feng/rosbot_ws/install/rosbot_xl_controller:/home/feng/rosbot_ws/install/ros2_controllers_test_nodes:/opt/ros/humble /usr/bin/cmake --build /home/feng/ros2_ws/build/explore_lite -- -j4 -l4
[7.882s] [35m[1mConsolidate compiler generated dependencies of target gtest_main[0m
[7.897s] [35m[1mConsolidate compiler generated dependencies of target gtest[0m
[7.910s] [35m[1mConsolidate compiler generated dependencies of target explore[0m
[7.919s] [ 30%] Built target gtest_main
[7.919s] [ 40%] Built target gtest
[7.945s] [35m[1mConsolidate compiler generated dependencies of target test_explore[0m
[7.971s] [ 50%] [32mBuilding CXX object CMakeFiles/explore.dir/src/explore.cpp.o[0m
[7.973s] [ 70%] Built target test_explore
[25.868s] [ 80%] [32m[1mLinking CXX executable explore[0m
[30.359s] [100%] Built target explore
[30.398s] Invoked command in '/home/feng/ros2_ws/build/explore_lite' returned '0': CMAKE_PREFIX_PATH=${CMAKE_PREFIX_PATH}:/home/feng/ros2_ws/install/navigation:/home/feng/ros2_ws/install/my_robot_controller:/home/feng/ros2_ws/src/install/my_robot_controller:/home/feng/rosbot_ws/install/rqt_joint_trajectory_controller:/home/feng/rosbot_ws/install/rosbot_xl_utils:/home/feng/rosbot_ws/install/rosbot_xl_gazebo:/home/feng/rosbot_ws/install/rosbot_xl_bringup:/home/feng/rosbot_ws/install/rosbot_xl_controller:/home/feng/rosbot_ws/install/ros2_controllers_test_nodes:/opt/ros/humble /usr/bin/cmake --build /home/feng/ros2_ws/build/explore_lite -- -j4 -l4
[30.486s] Invoking command in '/home/feng/ros2_ws/build/explore_lite': CMAKE_PREFIX_PATH=${CMAKE_PREFIX_PATH}:/home/feng/ros2_ws/install/navigation:/home/feng/ros2_ws/install/my_robot_controller:/home/feng/ros2_ws/src/install/my_robot_controller:/home/feng/rosbot_ws/install/rqt_joint_trajectory_controller:/home/feng/rosbot_ws/install/rosbot_xl_utils:/home/feng/rosbot_ws/install/rosbot_xl_gazebo:/home/feng/rosbot_ws/install/rosbot_xl_bringup:/home/feng/rosbot_ws/install/rosbot_xl_controller:/home/feng/rosbot_ws/install/ros2_controllers_test_nodes:/opt/ros/humble /usr/bin/cmake --install /home/feng/ros2_ws/build/explore_lite
[30.500s] -- Install configuration: ""
[30.500s] -- Execute custom install script
[30.502s] -- Symlinking: /home/feng/ros2_ws/install/explore_lite/include/explore//costmap_client.h
[30.514s] -- Symlinking: /home/feng/ros2_ws/install/explore_lite/include/explore//costmap_tools.h
[30.526s] -- Symlinking: /home/feng/ros2_ws/install/explore_lite/include/explore//explore.h
[30.550s] -- Symlinking: /home/feng/ros2_ws/install/explore_lite/include/explore//frontier_search.h
[30.568s] -- Symlinking: /home/feng/ros2_ws/install/explore_lite/share/explore_lite/config/params.yaml
[30.585s] -- Symlinking: /home/feng/ros2_ws/install/explore_lite/share/explore_lite/config/params_costmap.yaml
[30.599s] -- Symlinking: /home/feng/ros2_ws/install/explore_lite/share/explore_lite/launch/explore.launch.py
[30.613s] -- Symlinking: /home/feng/ros2_ws/install/explore_lite/lib/explore_lite/explore
[30.625s] -- Symlinking: /home/feng/ros2_ws/install/explore_lite/share/ament_index/resource_index/package_run_dependencies/explore_lite
[30.649s] -- Symlinking: /home/feng/ros2_ws/install/explore_lite/share/ament_index/resource_index/parent_prefix_path/explore_lite
[30.665s] -- Symlinking: /home/feng/ros2_ws/install/explore_lite/share/explore_lite/environment/ament_prefix_path.sh
[30.678s] -- Symlinking: /home/feng/ros2_ws/install/explore_lite/share/explore_lite/environment/ament_prefix_path.dsv
[30.694s] -- Symlinking: /home/feng/ros2_ws/install/explore_lite/share/explore_lite/environment/path.sh
[30.710s] -- Symlinking: /home/feng/ros2_ws/install/explore_lite/share/explore_lite/environment/path.dsv
[30.725s] -- Symlinking: /home/feng/ros2_ws/install/explore_lite/share/explore_lite/local_setup.bash
[30.738s] -- Symlinking: /home/feng/ros2_ws/install/explore_lite/share/explore_lite/local_setup.sh
[30.752s] -- Symlinking: /home/feng/ros2_ws/install/explore_lite/share/explore_lite/local_setup.zsh
[30.766s] -- Symlinking: /home/feng/ros2_ws/install/explore_lite/share/explore_lite/local_setup.dsv
[30.777s] -- Symlinking: /home/feng/ros2_ws/install/explore_lite/share/explore_lite/package.dsv
[30.796s] -- Symlinking: /home/feng/ros2_ws/install/explore_lite/share/ament_index/resource_index/packages/explore_lite
[30.808s] -- Symlinking: /home/feng/ros2_ws/install/explore_lite/share/explore_lite/cmake/ament_cmake_export_include_directories-extras.cmake
[30.820s] -- Symlinking: /home/feng/ros2_ws/install/explore_lite/share/explore_lite/cmake/explore_liteConfig.cmake
[30.839s] -- Symlinking: /home/feng/ros2_ws/install/explore_lite/share/explore_lite/cmake/explore_liteConfig-version.cmake
[30.855s] -- Symlinking: /home/feng/ros2_ws/install/explore_lite/share/explore_lite/package.xml
[30.872s] Invoked command in '/home/feng/ros2_ws/build/explore_lite' returned '0': CMAKE_PREFIX_PATH=${CMAKE_PREFIX_PATH}:/home/feng/ros2_ws/install/navigation:/home/feng/ros2_ws/install/my_robot_controller:/home/feng/ros2_ws/src/install/my_robot_controller:/home/feng/rosbot_ws/install/rqt_joint_trajectory_controller:/home/feng/rosbot_ws/install/rosbot_xl_utils:/home/feng/rosbot_ws/install/rosbot_xl_gazebo:/home/feng/rosbot_ws/install/rosbot_xl_bringup:/home/feng/rosbot_ws/install/rosbot_xl_controller:/home/feng/rosbot_ws/install/ros2_controllers_test_nodes:/opt/ros/humble /usr/bin/cmake --install /home/feng/ros2_ws/build/explore_lite
