[0.818s] Invoking command in '/home/feng/ros2_ws/src/my_robot_controller': PYTHONPATH=/home/feng/ros2_ws/build/my_robot_controller/prefix_override:/home/feng/ros2_ws/install/my_robot_controller/lib/python3.10/site-packages:${PYTHONPATH} /usr/bin/python3 -W ignore:setup.py install is deprecated setup.py egg_info --egg-base ../../build/my_robot_controller build --build-base /home/feng/ros2_ws/build/my_robot_controller/build install --record /home/feng/ros2_ws/build/my_robot_controller/install.log --single-version-externally-managed install_data
[1.010s] running egg_info
[1.011s] creating ../../build/my_robot_controller/my_robot_controller.egg-info
[1.011s] writing ../../build/my_robot_controller/my_robot_controller.egg-info/PKG-INFO
[1.011s] writing dependency_links to ../../build/my_robot_controller/my_robot_controller.egg-info/dependency_links.txt
[1.012s] writing entry points to ../../build/my_robot_controller/my_robot_controller.egg-info/entry_points.txt
[1.012s] writing requirements to ../../build/my_robot_controller/my_robot_controller.egg-info/requires.txt
[1.012s] writing top-level names to ../../build/my_robot_controller/my_robot_controller.egg-info/top_level.txt
[1.012s] writing manifest file '../../build/my_robot_controller/my_robot_controller.egg-info/SOURCES.txt'
[1.013s] reading manifest file '../../build/my_robot_controller/my_robot_controller.egg-info/SOURCES.txt'
[1.013s] writing manifest file '../../build/my_robot_controller/my_robot_controller.egg-info/SOURCES.txt'
[1.013s] running build
[1.013s] running build_py
[1.014s] creating /home/feng/ros2_ws/build/my_robot_controller/build
[1.014s] creating /home/feng/ros2_ws/build/my_robot_controller/build/lib
[1.014s] creating /home/feng/ros2_ws/build/my_robot_controller/build/lib/my_robot_controller
[1.014s] copying my_robot_controller/__init__.py -> /home/feng/ros2_ws/build/my_robot_controller/build/lib/my_robot_controller
[1.014s] running install
[1.014s] running install_lib
[1.017s] creating /home/feng/ros2_ws/install/my_robot_controller/lib/python3.10/site-packages/my_robot_controller
[1.017s] copying /home/feng/ros2_ws/build/my_robot_controller/build/lib/my_robot_controller/__init__.py -> /home/feng/ros2_ws/install/my_robot_controller/lib/python3.10/site-packages/my_robot_controller
[1.018s] byte-compiling /home/feng/ros2_ws/install/my_robot_controller/lib/python3.10/site-packages/my_robot_controller/__init__.py to __init__.cpython-310.pyc
[1.018s] running install_data
[1.019s] creating /home/feng/ros2_ws/install/my_robot_controller/share/ament_index
[1.019s] creating /home/feng/ros2_ws/install/my_robot_controller/share/ament_index/resource_index
[1.019s] creating /home/feng/ros2_ws/install/my_robot_controller/share/ament_index/resource_index/packages
[1.019s] copying resource/my_robot_controller -> /home/feng/ros2_ws/install/my_robot_controller/share/ament_index/resource_index/packages
[1.019s] copying package.xml -> /home/feng/ros2_ws/install/my_robot_controller/share/my_robot_controller
[1.019s] running install_egg_info
[1.020s] Copying ../../build/my_robot_controller/my_robot_controller.egg-info to /home/feng/ros2_ws/install/my_robot_controller/lib/python3.10/site-packages/my_robot_controller-0.0.0-py3.10.egg-info
[1.021s] running install_scripts
[1.033s] writing list of installed files to '/home/feng/ros2_ws/build/my_robot_controller/install.log'
[1.045s] Invoked command in '/home/feng/ros2_ws/src/my_robot_controller' returned '0': PYTHONPATH=/home/feng/ros2_ws/build/my_robot_controller/prefix_override:/home/feng/ros2_ws/install/my_robot_controller/lib/python3.10/site-packages:${PYTHONPATH} /usr/bin/python3 -W ignore:setup.py install is deprecated setup.py egg_info --egg-base ../../build/my_robot_controller build --build-base /home/feng/ros2_ws/build/my_robot_controller/build install --record /home/feng/ros2_ws/build/my_robot_controller/install.log --single-version-externally-managed install_data
