[0.760s] Invoking command in '/home/feng/ros2_ws/build/tutorial_pkg': CMAKE_PREFIX_PATH=${CMAKE_PREFIX_PATH}:/home/feng/ros2_ws/install/my_robot_controller:/home/feng/ros2_ws/src/install/my_robot_controller:/home/feng/rosbot_ws/install/rqt_joint_trajectory_controller:/home/feng/rosbot_ws/install/rosbot_xl_utils:/home/feng/rosbot_ws/install/rosbot_xl_gazebo:/home/feng/rosbot_ws/install/rosbot_xl_bringup:/home/feng/rosbot_ws/install/rosbot_xl_controller:/home/feng/rosbot_ws/install/ros2_controllers_test_nodes:/opt/ros/humble /usr/bin/cmake /home/feng/ros2_ws/src/tutorial_pkg -DCMAKE_INSTALL_PREFIX=/home/feng/ros2_ws/install/tutorial_pkg
[1.036s] -- The C compiler identification is GNU 11.4.0
[1.240s] -- The CXX compiler identification is GNU 11.4.0
[1.267s] -- Detecting C compiler ABI info
[1.402s] -- Detecting C compiler ABI info - done
[1.416s] -- Check for working C compiler: /usr/bin/cc - skipped
[1.417s] -- Detecting C compile features
[1.419s] -- Detecting C compile features - done
[1.428s] -- Detecting CXX compiler ABI info
[1.554s] -- Detecting CXX compiler ABI info - done
[1.567s] -- Check for working CXX compiler: /usr/bin/c++ - skipped
[1.567s] -- Detecting CXX compile features
[1.568s] -- Detecting CXX compile features - done
[1.606s] -- Found OpenCV: /usr (found version "4.5.4") 
[1.617s] -- Found cv_bridge: 3.2.1 (/opt/ros/humble/share/cv_bridge/cmake)
[1.950s] -- Found Python3: /usr/bin/python3 (found version "3.10.12") found components: Interpreter 
[2.413s] -- Found rosidl_generator_c: 3.1.5 (/opt/ros/humble/share/rosidl_generator_c/cmake)
[2.451s] -- Found rosidl_adapter: 3.1.5 (/opt/ros/humble/share/rosidl_adapter/cmake)
[2.479s] -- Found rosidl_generator_cpp: 3.1.5 (/opt/ros/humble/share/rosidl_generator_cpp/cmake)
[2.524s] -- Using all available rosidl_typesupport_c: rosidl_typesupport_fastrtps_c;rosidl_typesupport_introspection_c
[2.581s] -- Using all available rosidl_typesupport_cpp: rosidl_typesupport_fastrtps_cpp;rosidl_typesupport_introspection_cpp
[3.012s] -- Found rclcpp: 16.0.8 (/opt/ros/humble/share/rclcpp/cmake)
[3.193s] -- Found rmw_implementation_cmake: 6.1.1 (/opt/ros/humble/share/rmw_implementation_cmake/cmake)
[3.205s] -- Found rmw_cyclonedds_cpp: 1.3.4 (/opt/ros/humble/share/rmw_cyclonedds_cpp/cmake)
[3.312s] -- Using RMW implementation 'rmw_cyclonedds_cpp' as default
[3.349s] -- Looking for pthread.h
[3.470s] -- Looking for pthread.h - found
[3.470s] -- Performing Test CMAKE_HAVE_LIBC_PTHREAD
[3.572s] -- Performing Test CMAKE_HAVE_LIBC_PTHREAD - Success
[3.575s] -- Found Threads: TRUE  
[3.836s] -- Found std_srvs: 4.2.3 (/opt/ros/humble/share/std_srvs/cmake)
[3.885s] -- Found tf2: 0.25.6 (/opt/ros/humble/share/tf2/cmake)
[3.926s] -- Found tf2_ros: 0.25.6 (/opt/ros/humble/share/tf2_ros/cmake)
[4.735s] -- Configuring done
[4.768s] -- Generating done
[4.771s] -- Build files have been written to: /home/feng/ros2_ws/build/tutorial_pkg
[4.781s] Invoked command in '/home/feng/ros2_ws/build/tutorial_pkg' returned '0': CMAKE_PREFIX_PATH=${CMAKE_PREFIX_PATH}:/home/feng/ros2_ws/install/my_robot_controller:/home/feng/ros2_ws/src/install/my_robot_controller:/home/feng/rosbot_ws/install/rqt_joint_trajectory_controller:/home/feng/rosbot_ws/install/rosbot_xl_utils:/home/feng/rosbot_ws/install/rosbot_xl_gazebo:/home/feng/rosbot_ws/install/rosbot_xl_bringup:/home/feng/rosbot_ws/install/rosbot_xl_controller:/home/feng/rosbot_ws/install/ros2_controllers_test_nodes:/opt/ros/humble /usr/bin/cmake /home/feng/ros2_ws/src/tutorial_pkg -DCMAKE_INSTALL_PREFIX=/home/feng/ros2_ws/install/tutorial_pkg
[4.784s] Invoking command in '/home/feng/ros2_ws/build/tutorial_pkg': CMAKE_PREFIX_PATH=${CMAKE_PREFIX_PATH}:/home/feng/ros2_ws/install/my_robot_controller:/home/feng/ros2_ws/src/install/my_robot_controller:/home/feng/rosbot_ws/install/rqt_joint_trajectory_controller:/home/feng/rosbot_ws/install/rosbot_xl_utils:/home/feng/rosbot_ws/install/rosbot_xl_gazebo:/home/feng/rosbot_ws/install/rosbot_xl_bringup:/home/feng/rosbot_ws/install/rosbot_xl_controller:/home/feng/rosbot_ws/install/ros2_controllers_test_nodes:/opt/ros/humble /usr/bin/cmake --build /home/feng/ros2_ws/build/tutorial_pkg -- -j4 -l4
[4.856s] [ 12%] [32mBuilding CXX object CMakeFiles/tracker.dir/src/tracker.cpp.o[0m
[4.857s] [ 25%] [32mBuilding CXX object CMakeFiles/tf_broadcaster.dir/src/tf_broadcaster.cpp.o[0m
[4.860s] [ 37%] [32mBuilding CXX object CMakeFiles/tf_listener.dir/src/tf_listener.cpp.o[0m
[4.862s] [ 50%] [32mBuilding CXX object CMakeFiles/my_first_node.dir/src/my_first_node.cpp.o[0m
[10.366s] [01m[K/home/feng/ros2_ws/src/tutorial_pkg/src/my_first_node.cpp:[m[K In member function ‘[01m[Kvoid MyNode::counter_callback(std_srvs::srv::Trigger_Request_<std::allocator<void> >::SharedPtr, std_srvs::srv::Trigger_Response_<std::allocator<void> >::SharedPtr)[m[K’:
[10.366s] [01m[K/home/feng/ros2_ws/src/tutorial_pkg/src/my_first_node.cpp:61:54:[m[K [01;35m[Kwarning: [m[Kunused parameter ‘[01m[Kreq[m[K’ [[01;35m[K]8;;https://gcc.gnu.org/onlinedocs/gcc/Warning-Options.html#index-Wunused-parameter-Wunused-parameter]8;;[m[K]
[10.367s]    61 |     [01;35m[Kconst std_srvs::srv::Trigger::Request::SharedPtr req[m[K,
[10.367s]       |     [01;35m[K~~~~~~~~~~~~~~~~~~~~~~~~~~~~~~~~~~~~~~~~~~~~~~~~~^~~[m[K
[12.021s] [ 62%] [32m[1mLinking CXX executable tf_listener[0m
[12.389s] [ 62%] Built target tf_listener
[13.296s] [ 75%] [32m[1mLinking CXX executable tf_broadcaster[0m
[13.680s] [ 75%] Built target tf_broadcaster
[21.270s] [ 87%] [32m[1mLinking CXX executable my_first_node[0m
[22.113s] [ 87%] Built target my_first_node
[22.217s] [100%] [32m[1mLinking CXX executable tracker[0m
[23.593s] [100%] Built target tracker
[23.613s] Invoked command in '/home/feng/ros2_ws/build/tutorial_pkg' returned '0': CMAKE_PREFIX_PATH=${CMAKE_PREFIX_PATH}:/home/feng/ros2_ws/install/my_robot_controller:/home/feng/ros2_ws/src/install/my_robot_controller:/home/feng/rosbot_ws/install/rqt_joint_trajectory_controller:/home/feng/rosbot_ws/install/rosbot_xl_utils:/home/feng/rosbot_ws/install/rosbot_xl_gazebo:/home/feng/rosbot_ws/install/rosbot_xl_bringup:/home/feng/rosbot_ws/install/rosbot_xl_controller:/home/feng/rosbot_ws/install/ros2_controllers_test_nodes:/opt/ros/humble /usr/bin/cmake --build /home/feng/ros2_ws/build/tutorial_pkg -- -j4 -l4
[23.687s] Invoking command in '/home/feng/ros2_ws/build/tutorial_pkg': CMAKE_PREFIX_PATH=${CMAKE_PREFIX_PATH}:/home/feng/ros2_ws/install/my_robot_controller:/home/feng/ros2_ws/src/install/my_robot_controller:/home/feng/rosbot_ws/install/rqt_joint_trajectory_controller:/home/feng/rosbot_ws/install/rosbot_xl_utils:/home/feng/rosbot_ws/install/rosbot_xl_gazebo:/home/feng/rosbot_ws/install/rosbot_xl_bringup:/home/feng/rosbot_ws/install/rosbot_xl_controller:/home/feng/rosbot_ws/install/ros2_controllers_test_nodes:/opt/ros/humble /usr/bin/cmake --install /home/feng/ros2_ws/build/tutorial_pkg
[23.697s] -- Install configuration: ""
[23.698s] -- Installing: /home/feng/ros2_ws/install/tutorial_pkg/lib/tutorial_pkg/my_first_node
[23.705s] -- Set runtime path of "/home/feng/ros2_ws/install/tutorial_pkg/lib/tutorial_pkg/my_first_node" to ""
[23.705s] -- Installing: /home/feng/ros2_ws/install/tutorial_pkg/lib/tutorial_pkg/tracker
[23.709s] -- Set runtime path of "/home/feng/ros2_ws/install/tutorial_pkg/lib/tutorial_pkg/tracker" to ""
[23.709s] -- Installing: /home/feng/ros2_ws/install/tutorial_pkg/lib/tutorial_pkg/tf_broadcaster
[23.710s] -- Set runtime path of "/home/feng/ros2_ws/install/tutorial_pkg/lib/tutorial_pkg/tf_broadcaster" to ""
[23.710s] -- Installing: /home/feng/ros2_ws/install/tutorial_pkg/lib/tutorial_pkg/tf_listener
[23.711s] -- Set runtime path of "/home/feng/ros2_ws/install/tutorial_pkg/lib/tutorial_pkg/tf_listener" to ""
[23.711s] -- Installing: /home/feng/ros2_ws/install/tutorial_pkg/share/tutorial_pkg/config
[23.711s] -- Installing: /home/feng/ros2_ws/install/tutorial_pkg/share/tutorial_pkg/config/navigation.yaml
[23.711s] -- Installing: /home/feng/ros2_ws/install/tutorial_pkg/share/tutorial_pkg/config/amcl.yaml
[23.712s] -- Installing: /home/feng/ros2_ws/install/tutorial_pkg/share/tutorial_pkg/config/explore.yaml
[23.712s] -- Installing: /home/feng/ros2_ws/install/tutorial_pkg/share/tutorial_pkg/config/slam.yaml
[23.712s] -- Installing: /home/feng/ros2_ws/install/tutorial_pkg/share/tutorial_pkg/launch
[23.712s] -- Installing: /home/feng/ros2_ws/install/tutorial_pkg/share/tutorial_pkg/launch/explore.launch.py
[23.713s] -- Installing: /home/feng/ros2_ws/install/tutorial_pkg/share/tutorial_pkg/launch/amcl.launch.py
[23.713s] -- Installing: /home/feng/ros2_ws/install/tutorial_pkg/share/tutorial_pkg/launch/my_launch_file.yaml
[23.713s] -- Installing: /home/feng/ros2_ws/install/tutorial_pkg/share/tutorial_pkg/launch/navigation.launch.py
[23.713s] -- Installing: /home/feng/ros2_ws/install/tutorial_pkg/share/tutorial_pkg/launch/my_launch_file.launch.py
[23.713s] -- Installing: /home/feng/ros2_ws/install/tutorial_pkg/share/tutorial_pkg/launch/my_launch_file.xml
[23.713s] -- Installing: /home/feng/ros2_ws/install/tutorial_pkg/share/tutorial_pkg/launch/slam.launch.py
[23.714s] -- Installing: /home/feng/ros2_ws/install/tutorial_pkg/share/tutorial_pkg/maps
[23.715s] -- Installing: /home/feng/ros2_ws/install/tutorial_pkg/share/tutorial_pkg/maps/map_serialized.data
[23.728s] -- Installing: /home/feng/ros2_ws/install/tutorial_pkg/share/tutorial_pkg/maps/map_serialized.posegraph
[23.756s] -- Installing: /home/feng/ros2_ws/install/tutorial_pkg/share/tutorial_pkg/maps/map.pgm
[23.757s] -- Installing: /home/feng/ros2_ws/install/tutorial_pkg/share/tutorial_pkg/maps/map.yaml
[23.757s] -- Installing: /home/feng/ros2_ws/install/tutorial_pkg/share/tutorial_pkg/rviz
[23.758s] -- Installing: /home/feng/ros2_ws/install/tutorial_pkg/share/tutorial_pkg/rviz/explore.rviz
[23.758s] -- Installing: /home/feng/ros2_ws/install/tutorial_pkg/share/tutorial_pkg/rviz/navigation.rviz
[23.758s] -- Installing: /home/feng/ros2_ws/install/tutorial_pkg/share/tutorial_pkg/rviz/amcl.rviz
[23.758s] -- Installing: /home/feng/ros2_ws/install/tutorial_pkg/share/tutorial_pkg/rviz/slam.rviz
[23.758s] -- Installing: /home/feng/ros2_ws/install/tutorial_pkg/share/ament_index/resource_index/package_run_dependencies/tutorial_pkg
[23.759s] -- Installing: /home/feng/ros2_ws/install/tutorial_pkg/share/ament_index/resource_index/parent_prefix_path/tutorial_pkg
[23.759s] -- Installing: /home/feng/ros2_ws/install/tutorial_pkg/share/tutorial_pkg/environment/ament_prefix_path.sh
[23.759s] -- Installing: /home/feng/ros2_ws/install/tutorial_pkg/share/tutorial_pkg/environment/ament_prefix_path.dsv
[23.759s] -- Installing: /home/feng/ros2_ws/install/tutorial_pkg/share/tutorial_pkg/environment/path.sh
[23.759s] -- Installing: /home/feng/ros2_ws/install/tutorial_pkg/share/tutorial_pkg/environment/path.dsv
[23.760s] -- Installing: /home/feng/ros2_ws/install/tutorial_pkg/share/tutorial_pkg/local_setup.bash
[23.760s] -- Installing: /home/feng/ros2_ws/install/tutorial_pkg/share/tutorial_pkg/local_setup.sh
[23.760s] -- Installing: /home/feng/ros2_ws/install/tutorial_pkg/share/tutorial_pkg/local_setup.zsh
[23.760s] -- Installing: /home/feng/ros2_ws/install/tutorial_pkg/share/tutorial_pkg/local_setup.dsv
[23.760s] -- Installing: /home/feng/ros2_ws/install/tutorial_pkg/share/tutorial_pkg/package.dsv
[23.761s] -- Installing: /home/feng/ros2_ws/install/tutorial_pkg/share/ament_index/resource_index/packages/tutorial_pkg
[23.761s] -- Installing: /home/feng/ros2_ws/install/tutorial_pkg/share/tutorial_pkg/cmake/tutorial_pkgConfig.cmake
[23.761s] -- Installing: /home/feng/ros2_ws/install/tutorial_pkg/share/tutorial_pkg/cmake/tutorial_pkgConfig-version.cmake
[23.761s] -- Installing: /home/feng/ros2_ws/install/tutorial_pkg/share/tutorial_pkg/package.xml
[23.765s] Invoked command in '/home/feng/ros2_ws/build/tutorial_pkg' returned '0': CMAKE_PREFIX_PATH=${CMAKE_PREFIX_PATH}:/home/feng/ros2_ws/install/my_robot_controller:/home/feng/ros2_ws/src/install/my_robot_controller:/home/feng/rosbot_ws/install/rqt_joint_trajectory_controller:/home/feng/rosbot_ws/install/rosbot_xl_utils:/home/feng/rosbot_ws/install/rosbot_xl_gazebo:/home/feng/rosbot_ws/install/rosbot_xl_bringup:/home/feng/rosbot_ws/install/rosbot_xl_controller:/home/feng/rosbot_ws/install/ros2_controllers_test_nodes:/opt/ros/humble /usr/bin/cmake --install /home/feng/ros2_ws/build/tutorial_pkg
