[0.258s] DEBUG:colcon:Command line arguments: ['/usr/bin/colcon', 'build']
[0.258s] DEBUG:colcon:Parsed command line arguments: Namespace(log_base=None, log_level=None, verb_name='build', build_base='build', install_base='install', merge_install=False, symlink_install=False, test_result_base=None, continue_on_error=False, executor='parallel', parallel_workers=4, event_handlers=None, ignore_user_meta=False, metas=['./colcon.meta'], base_paths=['.'], packages_ignore=None, packages_ignore_regex=None, paths=None, packages_up_to=None, packages_up_to_regex=None, packages_above=None, packages_above_and_dependencies=None, packages_above_depth=None, packages_select_by_dep=None, packages_skip_by_dep=None, packages_skip_up_to=None, packages_select_build_failed=False, packages_skip_build_finished=False, packages_select_test_failures=False, packages_skip_test_passed=False, packages_select=None, packages_skip=None, packages_select_regex=None, packages_skip_regex=None, packages_start=None, packages_end=None, allow_overriding=[], cmake_args=None, cmake_target=None, cmake_target_skip_unavailable=False, cmake_clean_cache=False, cmake_clean_first=False, cmake_force_configure=False, ament_cmake_args=None, catkin_cmake_args=None, catkin_skip_building_tests=False, verb_parser=<colcon_defaults.argument_parser.defaults.DefaultArgumentsDecorator object at 0xffff80d1fac0>, verb_extension=<colcon_core.verb.build.BuildVerb object at 0xffff80d1f5b0>, main=<bound method BuildVerb.main of <colcon_core.verb.build.BuildVerb object at 0xffff80d1f5b0>>)
[0.772s] Level 1:colcon.colcon_core.package_discovery:discover_packages(colcon_meta) check parameters
[0.772s] Level 1:colcon.colcon_core.package_discovery:discover_packages(recursive) check parameters
[0.772s] Level 1:colcon.colcon_core.package_discovery:discover_packages(ignore) check parameters
[0.772s] Level 1:colcon.colcon_core.package_discovery:discover_packages(path) check parameters
[0.772s] Level 1:colcon.colcon_core.package_discovery:discover_packages(colcon_meta) discover
[0.772s] Level 1:colcon.colcon_core.package_discovery:discover_packages(recursive) discover
[0.772s] INFO:colcon.colcon_core.package_discovery:Crawling recursively for packages in '/home/feng/ros2_ws'
[0.772s] Level 1:colcon.colcon_core.package_identification:_identify(.) by extensions ['ignore', 'ignore_ament_install']
[0.773s] Level 1:colcon.colcon_core.package_identification:_identify(.) by extension 'ignore'
[0.773s] Level 1:colcon.colcon_core.package_identification:_identify(.) by extension 'ignore_ament_install'
[0.773s] Level 1:colcon.colcon_core.package_identification:_identify(.) by extensions ['colcon_pkg']
[0.773s] Level 1:colcon.colcon_core.package_identification:_identify(.) by extension 'colcon_pkg'
[0.773s] Level 1:colcon.colcon_core.package_identification:_identify(.) by extensions ['colcon_meta']
[0.773s] Level 1:colcon.colcon_core.package_identification:_identify(.) by extension 'colcon_meta'
[0.773s] Level 1:colcon.colcon_core.package_identification:_identify(.) by extensions ['ros']
[0.773s] Level 1:colcon.colcon_core.package_identification:_identify(.) by extension 'ros'
[0.789s] Level 1:colcon.colcon_core.package_identification:_identify(.) by extensions ['cmake', 'python']
[0.790s] Level 1:colcon.colcon_core.package_identification:_identify(.) by extension 'cmake'
[0.790s] Level 1:colcon.colcon_core.package_identification:_identify(.) by extension 'python'
[0.790s] Level 1:colcon.colcon_core.package_identification:_identify(.) by extensions ['python_setup_py']
[0.790s] Level 1:colcon.colcon_core.package_identification:_identify(.) by extension 'python_setup_py'
[0.790s] Level 1:colcon.colcon_core.package_identification:_identify(build) by extensions ['ignore', 'ignore_ament_install']
[0.790s] Level 1:colcon.colcon_core.package_identification:_identify(build) by extension 'ignore'
[0.790s] Level 1:colcon.colcon_core.package_identification:_identify(build) ignored
[0.790s] Level 1:colcon.colcon_core.package_identification:_identify(install) by extensions ['ignore', 'ignore_ament_install']
[0.790s] Level 1:colcon.colcon_core.package_identification:_identify(install) by extension 'ignore'
[0.790s] Level 1:colcon.colcon_core.package_identification:_identify(install) ignored
[0.790s] Level 1:colcon.colcon_core.package_identification:_identify(log) by extensions ['ignore', 'ignore_ament_install']
[0.790s] Level 1:colcon.colcon_core.package_identification:_identify(log) by extension 'ignore'
[0.790s] Level 1:colcon.colcon_core.package_identification:_identify(log) ignored
[0.790s] Level 1:colcon.colcon_core.package_identification:_identify(src) by extensions ['ignore', 'ignore_ament_install']
[0.791s] Level 1:colcon.colcon_core.package_identification:_identify(src) by extension 'ignore'
[0.791s] Level 1:colcon.colcon_core.package_identification:_identify(src) by extension 'ignore_ament_install'
[0.791s] Level 1:colcon.colcon_core.package_identification:_identify(src) by extensions ['colcon_pkg']
[0.791s] Level 1:colcon.colcon_core.package_identification:_identify(src) by extension 'colcon_pkg'
[0.791s] Level 1:colcon.colcon_core.package_identification:_identify(src) by extensions ['colcon_meta']
[0.791s] Level 1:colcon.colcon_core.package_identification:_identify(src) by extension 'colcon_meta'
[0.791s] Level 1:colcon.colcon_core.package_identification:_identify(src) by extensions ['ros']
[0.791s] Level 1:colcon.colcon_core.package_identification:_identify(src) by extension 'ros'
[0.791s] Level 1:colcon.colcon_core.package_identification:_identify(src) by extensions ['cmake', 'python']
[0.791s] Level 1:colcon.colcon_core.package_identification:_identify(src) by extension 'cmake'
[0.791s] Level 1:colcon.colcon_core.package_identification:_identify(src) by extension 'python'
[0.791s] Level 1:colcon.colcon_core.package_identification:_identify(src) by extensions ['python_setup_py']
[0.791s] Level 1:colcon.colcon_core.package_identification:_identify(src) by extension 'python_setup_py'
[0.791s] Level 1:colcon.colcon_core.package_identification:_identify(src/build) by extensions ['ignore', 'ignore_ament_install']
[0.791s] Level 1:colcon.colcon_core.package_identification:_identify(src/build) by extension 'ignore'
[0.791s] Level 1:colcon.colcon_core.package_identification:_identify(src/build) ignored
[0.791s] Level 1:colcon.colcon_core.package_identification:_identify(src/install) by extensions ['ignore', 'ignore_ament_install']
[0.791s] Level 1:colcon.colcon_core.package_identification:_identify(src/install) by extension 'ignore'
[0.791s] Level 1:colcon.colcon_core.package_identification:_identify(src/install) ignored
[0.791s] Level 1:colcon.colcon_core.package_identification:_identify(src/log) by extensions ['ignore', 'ignore_ament_install']
[0.792s] Level 1:colcon.colcon_core.package_identification:_identify(src/log) by extension 'ignore'
[0.792s] Level 1:colcon.colcon_core.package_identification:_identify(src/log) ignored
[0.792s] Level 1:colcon.colcon_core.package_identification:_identify(src/my_robot_controller) by extensions ['ignore', 'ignore_ament_install']
[0.792s] Level 1:colcon.colcon_core.package_identification:_identify(src/my_robot_controller) by extension 'ignore'
[0.792s] Level 1:colcon.colcon_core.package_identification:_identify(src/my_robot_controller) by extension 'ignore_ament_install'
[0.792s] Level 1:colcon.colcon_core.package_identification:_identify(src/my_robot_controller) by extensions ['colcon_pkg']
[0.792s] Level 1:colcon.colcon_core.package_identification:_identify(src/my_robot_controller) by extension 'colcon_pkg'
[0.792s] Level 1:colcon.colcon_core.package_identification:_identify(src/my_robot_controller) by extensions ['colcon_meta']
[0.792s] Level 1:colcon.colcon_core.package_identification:_identify(src/my_robot_controller) by extension 'colcon_meta'
[0.792s] Level 1:colcon.colcon_core.package_identification:_identify(src/my_robot_controller) by extensions ['ros']
[0.792s] Level 1:colcon.colcon_core.package_identification:_identify(src/my_robot_controller) by extension 'ros'
[0.796s] DEBUG:colcon.colcon_core.package_identification:Package 'src/my_robot_controller' with type 'ros.ament_python' and name 'my_robot_controller'
[0.796s] Level 1:colcon.colcon_core.package_identification:_identify(src/navigation) by extensions ['ignore', 'ignore_ament_install']
[0.796s] Level 1:colcon.colcon_core.package_identification:_identify(src/navigation) by extension 'ignore'
[0.796s] Level 1:colcon.colcon_core.package_identification:_identify(src/navigation) by extension 'ignore_ament_install'
[0.796s] Level 1:colcon.colcon_core.package_identification:_identify(src/navigation) by extensions ['colcon_pkg']
[0.796s] Level 1:colcon.colcon_core.package_identification:_identify(src/navigation) by extension 'colcon_pkg'
[0.796s] Level 1:colcon.colcon_core.package_identification:_identify(src/navigation) by extensions ['colcon_meta']
[0.796s] Level 1:colcon.colcon_core.package_identification:_identify(src/navigation) by extension 'colcon_meta'
[0.796s] Level 1:colcon.colcon_core.package_identification:_identify(src/navigation) by extensions ['ros']
[0.796s] Level 1:colcon.colcon_core.package_identification:_identify(src/navigation) by extension 'ros'
[0.798s] DEBUG:colcon.colcon_core.package_identification:Package 'src/navigation' with type 'ros.ament_python' and name 'navigation'
[0.798s] Level 1:colcon.colcon_core.package_identification:_identify(src/tutorial_pkg) by extensions ['ignore', 'ignore_ament_install']
[0.798s] Level 1:colcon.colcon_core.package_identification:_identify(src/tutorial_pkg) by extension 'ignore'
[0.798s] Level 1:colcon.colcon_core.package_identification:_identify(src/tutorial_pkg) by extension 'ignore_ament_install'
[0.798s] Level 1:colcon.colcon_core.package_identification:_identify(src/tutorial_pkg) by extensions ['colcon_pkg']
[0.798s] Level 1:colcon.colcon_core.package_identification:_identify(src/tutorial_pkg) by extension 'colcon_pkg'
[0.798s] Level 1:colcon.colcon_core.package_identification:_identify(src/tutorial_pkg) by extensions ['colcon_meta']
[0.798s] Level 1:colcon.colcon_core.package_identification:_identify(src/tutorial_pkg) by extension 'colcon_meta'
[0.798s] Level 1:colcon.colcon_core.package_identification:_identify(src/tutorial_pkg) by extensions ['ros']
[0.798s] Level 1:colcon.colcon_core.package_identification:_identify(src/tutorial_pkg) by extension 'ros'
[0.800s] DEBUG:colcon.colcon_core.package_identification:Package 'src/tutorial_pkg' with type 'ros.ament_cmake' and name 'tutorial_pkg'
[0.800s] Level 1:colcon.colcon_core.package_discovery:discover_packages(recursive) using defaults
[0.800s] Level 1:colcon.colcon_core.package_discovery:discover_packages(ignore) discover
[0.800s] Level 1:colcon.colcon_core.package_discovery:discover_packages(ignore) using defaults
[0.800s] Level 1:colcon.colcon_core.package_discovery:discover_packages(path) discover
[0.800s] Level 1:colcon.colcon_core.package_discovery:discover_packages(path) using defaults
[0.856s] Level 1:colcon.colcon_core.package_discovery:discover_packages(prefix_path) check parameters
[0.856s] Level 1:colcon.colcon_core.package_discovery:discover_packages(prefix_path) discover
[0.863s] DEBUG:colcon.colcon_installed_package_information.package_discovery:Found 1 installed packages in /home/feng/ros2_ws/install
[0.863s] DEBUG:colcon.colcon_installed_package_information.package_discovery:Found 1 installed packages in /home/feng/ros2_ws/src/install
[0.865s] DEBUG:colcon.colcon_installed_package_information.package_discovery:Found 2 installed packages in /home/feng/aiil_workspace/humble_workspace/install
[0.866s] DEBUG:colcon.colcon_installed_package_information.package_discovery:Found 32 installed packages in /home/feng/rosbot_ws/install
[0.868s] DEBUG:colcon.colcon_installed_package_information.package_discovery:Found 397 installed packages in /opt/ros/humble
[0.870s] Level 1:colcon.colcon_core.package_discovery:discover_packages(prefix_path) using defaults
[0.983s] Level 5:colcon.colcon_core.verb:set package 'my_robot_controller' build argument 'cmake_args' from command line to 'None'
[0.983s] Level 5:colcon.colcon_core.verb:set package 'my_robot_controller' build argument 'cmake_target' from command line to 'None'
[0.983s] Level 5:colcon.colcon_core.verb:set package 'my_robot_controller' build argument 'cmake_target_skip_unavailable' from command line to 'False'
[0.983s] Level 5:colcon.colcon_core.verb:set package 'my_robot_controller' build argument 'cmake_clean_cache' from command line to 'False'
[0.983s] Level 5:colcon.colcon_core.verb:set package 'my_robot_controller' build argument 'cmake_clean_first' from command line to 'False'
[0.983s] Level 5:colcon.colcon_core.verb:set package 'my_robot_controller' build argument 'cmake_force_configure' from command line to 'False'
[0.983s] Level 5:colcon.colcon_core.verb:set package 'my_robot_controller' build argument 'ament_cmake_args' from command line to 'None'
[0.983s] Level 5:colcon.colcon_core.verb:set package 'my_robot_controller' build argument 'catkin_cmake_args' from command line to 'None'
[0.983s] Level 5:colcon.colcon_core.verb:set package 'my_robot_controller' build argument 'catkin_skip_building_tests' from command line to 'False'
[0.983s] DEBUG:colcon.colcon_core.verb:Building package 'my_robot_controller' with the following arguments: {'ament_cmake_args': None, 'build_base': '/home/feng/ros2_ws/build/my_robot_controller', 'catkin_cmake_args': None, 'catkin_skip_building_tests': False, 'cmake_args': None, 'cmake_clean_cache': False, 'cmake_clean_first': False, 'cmake_force_configure': False, 'cmake_target': None, 'cmake_target_skip_unavailable': False, 'install_base': '/home/feng/ros2_ws/install/my_robot_controller', 'merge_install': False, 'path': '/home/feng/ros2_ws/src/my_robot_controller', 'symlink_install': False, 'test_result_base': None}
[0.984s] Level 5:colcon.colcon_core.verb:set package 'navigation' build argument 'cmake_args' from command line to 'None'
[0.984s] Level 5:colcon.colcon_core.verb:set package 'navigation' build argument 'cmake_target' from command line to 'None'
[0.984s] Level 5:colcon.colcon_core.verb:set package 'navigation' build argument 'cmake_target_skip_unavailable' from command line to 'False'
[0.984s] Level 5:colcon.colcon_core.verb:set package 'navigation' build argument 'cmake_clean_cache' from command line to 'False'
[0.984s] Level 5:colcon.colcon_core.verb:set package 'navigation' build argument 'cmake_clean_first' from command line to 'False'
[0.984s] Level 5:colcon.colcon_core.verb:set package 'navigation' build argument 'cmake_force_configure' from command line to 'False'
[0.984s] Level 5:colcon.colcon_core.verb:set package 'navigation' build argument 'ament_cmake_args' from command line to 'None'
[0.984s] Level 5:colcon.colcon_core.verb:set package 'navigation' build argument 'catkin_cmake_args' from command line to 'None'
[0.984s] Level 5:colcon.colcon_core.verb:set package 'navigation' build argument 'catkin_skip_building_tests' from command line to 'False'
[0.984s] DEBUG:colcon.colcon_core.verb:Building package 'navigation' with the following arguments: {'ament_cmake_args': None, 'build_base': '/home/feng/ros2_ws/build/navigation', 'catkin_cmake_args': None, 'catkin_skip_building_tests': False, 'cmake_args': None, 'cmake_clean_cache': False, 'cmake_clean_first': False, 'cmake_force_configure': False, 'cmake_target': None, 'cmake_target_skip_unavailable': False, 'install_base': '/home/feng/ros2_ws/install/navigation', 'merge_install': False, 'path': '/home/feng/ros2_ws/src/navigation', 'symlink_install': False, 'test_result_base': None}
[0.984s] Level 5:colcon.colcon_core.verb:set package 'tutorial_pkg' build argument 'cmake_args' from command line to 'None'
[0.984s] Level 5:colcon.colcon_core.verb:set package 'tutorial_pkg' build argument 'cmake_target' from command line to 'None'
[0.984s] Level 5:colcon.colcon_core.verb:set package 'tutorial_pkg' build argument 'cmake_target_skip_unavailable' from command line to 'False'
[0.984s] Level 5:colcon.colcon_core.verb:set package 'tutorial_pkg' build argument 'cmake_clean_cache' from command line to 'False'
[0.984s] Level 5:colcon.colcon_core.verb:set package 'tutorial_pkg' build argument 'cmake_clean_first' from command line to 'False'
[0.984s] Level 5:colcon.colcon_core.verb:set package 'tutorial_pkg' build argument 'cmake_force_configure' from command line to 'False'
[0.984s] Level 5:colcon.colcon_core.verb:set package 'tutorial_pkg' build argument 'ament_cmake_args' from command line to 'None'
[0.984s] Level 5:colcon.colcon_core.verb:set package 'tutorial_pkg' build argument 'catkin_cmake_args' from command line to 'None'
[0.984s] Level 5:colcon.colcon_core.verb:set package 'tutorial_pkg' build argument 'catkin_skip_building_tests' from command line to 'False'
[0.984s] DEBUG:colcon.colcon_core.verb:Building package 'tutorial_pkg' with the following arguments: {'ament_cmake_args': None, 'build_base': '/home/feng/ros2_ws/build/tutorial_pkg', 'catkin_cmake_args': None, 'catkin_skip_building_tests': False, 'cmake_args': None, 'cmake_clean_cache': False, 'cmake_clean_first': False, 'cmake_force_configure': False, 'cmake_target': None, 'cmake_target_skip_unavailable': False, 'install_base': '/home/feng/ros2_ws/install/tutorial_pkg', 'merge_install': False, 'path': '/home/feng/ros2_ws/src/tutorial_pkg', 'symlink_install': False, 'test_result_base': None}
[0.984s] INFO:colcon.colcon_core.executor:Executing jobs using 'parallel' executor
[0.986s] DEBUG:colcon.colcon_parallel_executor.executor.parallel:run_until_complete
[0.986s] INFO:colcon.colcon_ros.task.ament_python.build:Building ROS package in '/home/feng/ros2_ws/src/my_robot_controller' with build type 'ament_python'
[0.986s] Level 1:colcon.colcon_core.shell:create_environment_hook('my_robot_controller', 'ament_prefix_path')
[0.996s] INFO:colcon.colcon_core.plugin_system:Skipping extension 'colcon_core.shell.bat': Not used on non-Windows systems
[0.996s] INFO:colcon.colcon_core.shell:Creating environment hook '/home/feng/ros2_ws/install/my_robot_controller/share/my_robot_controller/hook/ament_prefix_path.ps1'
[0.998s] INFO:colcon.colcon_core.shell:Creating environment descriptor '/home/feng/ros2_ws/install/my_robot_controller/share/my_robot_controller/hook/ament_prefix_path.dsv'
[0.999s] INFO:colcon.colcon_core.shell:Creating environment hook '/home/feng/ros2_ws/install/my_robot_controller/share/my_robot_controller/hook/ament_prefix_path.sh'
[1.000s] INFO:colcon.colcon_core.shell:Skip shell extension 'powershell' for command environment: Not usable outside of PowerShell
[1.001s] DEBUG:colcon.colcon_core.shell:Skip shell extension 'dsv' for command environment
[1.014s] INFO:colcon.colcon_ros.task.ament_python.build:Building ROS package in '/home/feng/ros2_ws/src/navigation' with build type 'ament_python'
[1.014s] Level 1:colcon.colcon_core.shell:create_environment_hook('navigation', 'ament_prefix_path')
[1.015s] INFO:colcon.colcon_core.shell:Creating environment hook '/home/feng/ros2_ws/install/navigation/share/navigation/hook/ament_prefix_path.ps1'
[1.016s] INFO:colcon.colcon_core.shell:Creating environment descriptor '/home/feng/ros2_ws/install/navigation/share/navigation/hook/ament_prefix_path.dsv'
[1.017s] INFO:colcon.colcon_core.shell:Creating environment hook '/home/feng/ros2_ws/install/navigation/share/navigation/hook/ament_prefix_path.sh'
[1.018s] INFO:colcon.colcon_core.shell:Skip shell extension 'powershell' for command environment: Not usable outside of PowerShell
[1.018s] DEBUG:colcon.colcon_core.shell:Skip shell extension 'dsv' for command environment
[1.027s] INFO:colcon.colcon_ros.task.ament_cmake.build:Building ROS package in '/home/feng/ros2_ws/src/tutorial_pkg' with build type 'ament_cmake'
[1.027s] INFO:colcon.colcon_cmake.task.cmake.build:Building CMake package in '/home/feng/ros2_ws/src/tutorial_pkg'
[1.027s] INFO:colcon.colcon_core.shell:Skip shell extension 'powershell' for command environment: Not usable outside of PowerShell
[1.028s] DEBUG:colcon.colcon_core.shell:Skip shell extension 'dsv' for command environment
[1.426s] INFO:colcon.colcon_core.task.python.build:Building Python package in '/home/feng/ros2_ws/src/my_robot_controller'
[1.427s] INFO:colcon.colcon_core.shell:Skip shell extension 'powershell' for command environment: Not usable outside of PowerShell
[1.427s] DEBUG:colcon.colcon_core.shell:Skip shell extension 'dsv' for command environment
[1.774s] INFO:colcon.colcon_core.task.python.build:Building Python package in '/home/feng/ros2_ws/src/navigation'
[1.774s] INFO:colcon.colcon_core.shell:Skip shell extension 'powershell' for command environment: Not usable outside of PowerShell
[1.774s] DEBUG:colcon.colcon_core.shell:Skip shell extension 'dsv' for command environment
[1.788s] DEBUG:colcon.colcon_core.event_handler.log_command:Invoking command in '/home/feng/ros2_ws/build/tutorial_pkg': CMAKE_PREFIX_PATH=${CMAKE_PREFIX_PATH}:/home/feng/ros2_ws/install/my_robot_controller:/home/feng/ros2_ws/src/install/my_robot_controller:/home/feng/rosbot_ws/install/rqt_joint_trajectory_controller:/home/feng/rosbot_ws/install/rosbot_xl_utils:/home/feng/rosbot_ws/install/rosbot_xl_gazebo:/home/feng/rosbot_ws/install/rosbot_xl_bringup:/home/feng/rosbot_ws/install/rosbot_xl_controller:/home/feng/rosbot_ws/install/ros2_controllers_test_nodes:/opt/ros/humble /usr/bin/cmake /home/feng/ros2_ws/src/tutorial_pkg -DCMAKE_INSTALL_PREFIX=/home/feng/ros2_ws/install/tutorial_pkg
[2.812s] DEBUG:colcon.colcon_core.event_handler.log_command:Invoking command in '/home/feng/ros2_ws/src/my_robot_controller': PYTHONPATH=/home/feng/ros2_ws/build/my_robot_controller/prefix_override:/home/feng/ros2_ws/install/my_robot_controller/lib/python3.10/site-packages:${PYTHONPATH} /usr/bin/python3 -W ignore:setup.py install is deprecated setup.py egg_info --egg-base ../../build/my_robot_controller build --build-base /home/feng/ros2_ws/build/my_robot_controller/build install --record /home/feng/ros2_ws/build/my_robot_controller/install.log --single-version-externally-managed install_data
[2.819s] DEBUG:colcon.colcon_core.event_handler.log_command:Invoking command in '/home/feng/ros2_ws/src/navigation': PYTHONPATH=/home/feng/ros2_ws/build/navigation/prefix_override:/home/feng/ros2_ws/install/navigation/lib/python3.10/site-packages:${PYTHONPATH} /usr/bin/python3 -W ignore:setup.py install is deprecated setup.py egg_info --egg-base ../../build/navigation build --build-base /home/feng/ros2_ws/build/navigation/build install --record /home/feng/ros2_ws/build/navigation/install.log --single-version-externally-managed install_data
[3.337s] DEBUG:colcon.colcon_core.event_handler.log_command:Invoked command in '/home/feng/ros2_ws/src/my_robot_controller' returned '0': PYTHONPATH=/home/feng/ros2_ws/build/my_robot_controller/prefix_override:/home/feng/ros2_ws/install/my_robot_controller/lib/python3.10/site-packages:${PYTHONPATH} /usr/bin/python3 -W ignore:setup.py install is deprecated setup.py egg_info --egg-base ../../build/my_robot_controller build --build-base /home/feng/ros2_ws/build/my_robot_controller/build install --record /home/feng/ros2_ws/build/my_robot_controller/install.log --single-version-externally-managed install_data
[3.355s] Level 1:colcon.colcon_core.environment:checking '/home/feng/ros2_ws/install/my_robot_controller' for CMake module files
[3.356s] Level 1:colcon.colcon_core.environment:checking '/home/feng/ros2_ws/install/my_robot_controller' for CMake config files
[3.357s] Level 1:colcon.colcon_core.environment:checking '/home/feng/ros2_ws/install/my_robot_controller/lib'
[3.357s] Level 1:colcon.colcon_core.environment:checking '/home/feng/ros2_ws/install/my_robot_controller/bin'
[3.357s] Level 1:colcon.colcon_core.environment:checking '/home/feng/ros2_ws/install/my_robot_controller/lib/pkgconfig/my_robot_controller.pc'
[3.357s] Level 1:colcon.colcon_core.environment:checking '/home/feng/ros2_ws/install/my_robot_controller/lib/python3.10/site-packages'
[3.357s] Level 1:colcon.colcon_core.shell:create_environment_hook('my_robot_controller', 'pythonpath')
[3.358s] INFO:colcon.colcon_core.shell:Creating environment hook '/home/feng/ros2_ws/install/my_robot_controller/share/my_robot_controller/hook/pythonpath.ps1'
[3.358s] INFO:colcon.colcon_core.shell:Creating environment descriptor '/home/feng/ros2_ws/install/my_robot_controller/share/my_robot_controller/hook/pythonpath.dsv'
[3.358s] INFO:colcon.colcon_core.shell:Creating environment hook '/home/feng/ros2_ws/install/my_robot_controller/share/my_robot_controller/hook/pythonpath.sh'
[3.360s] Level 1:colcon.colcon_core.environment:checking '/home/feng/ros2_ws/install/my_robot_controller/bin'
[3.360s] Level 1:colcon.colcon_core.environment:create_environment_scripts_only(my_robot_controller)
[3.361s] INFO:colcon.colcon_core.shell:Creating package script '/home/feng/ros2_ws/install/my_robot_controller/share/my_robot_controller/package.ps1'
[3.362s] INFO:colcon.colcon_core.shell:Creating package descriptor '/home/feng/ros2_ws/install/my_robot_controller/share/my_robot_controller/package.dsv'
[3.364s] INFO:colcon.colcon_core.shell:Creating package script '/home/feng/ros2_ws/install/my_robot_controller/share/my_robot_controller/package.sh'
[3.366s] INFO:colcon.colcon_core.shell:Creating package script '/home/feng/ros2_ws/install/my_robot_controller/share/my_robot_controller/package.bash'
[3.368s] INFO:colcon.colcon_core.shell:Creating package script '/home/feng/ros2_ws/install/my_robot_controller/share/my_robot_controller/package.zsh'
[3.370s] Level 1:colcon.colcon_core.environment:create_file_with_runtime_dependencies(/home/feng/ros2_ws/install/my_robot_controller/share/colcon-core/packages/my_robot_controller)
[3.374s] Level 1:colcon.colcon_core.environment:checking '/home/feng/ros2_ws/install/navigation' for CMake module files
[3.376s] DEBUG:colcon.colcon_core.event_handler.log_command:Invoked command in '/home/feng/ros2_ws/src/navigation' returned '0': PYTHONPATH=/home/feng/ros2_ws/build/navigation/prefix_override:/home/feng/ros2_ws/install/navigation/lib/python3.10/site-packages:${PYTHONPATH} /usr/bin/python3 -W ignore:setup.py install is deprecated setup.py egg_info --egg-base ../../build/navigation build --build-base /home/feng/ros2_ws/build/navigation/build install --record /home/feng/ros2_ws/build/navigation/install.log --single-version-externally-managed install_data
[3.377s] Level 1:colcon.colcon_core.environment:checking '/home/feng/ros2_ws/install/navigation' for CMake config files
[3.377s] Level 1:colcon.colcon_core.environment:checking '/home/feng/ros2_ws/install/navigation/lib'
[3.378s] Level 1:colcon.colcon_core.environment:checking '/home/feng/ros2_ws/install/navigation/bin'
[3.378s] Level 1:colcon.colcon_core.environment:checking '/home/feng/ros2_ws/install/navigation/lib/pkgconfig/navigation.pc'
[3.378s] Level 1:colcon.colcon_core.environment:checking '/home/feng/ros2_ws/install/navigation/lib/python3.10/site-packages'
[3.378s] Level 1:colcon.colcon_core.shell:create_environment_hook('navigation', 'pythonpath')
[3.378s] INFO:colcon.colcon_core.shell:Creating environment hook '/home/feng/ros2_ws/install/navigation/share/navigation/hook/pythonpath.ps1'
[3.379s] INFO:colcon.colcon_core.shell:Creating environment descriptor '/home/feng/ros2_ws/install/navigation/share/navigation/hook/pythonpath.dsv'
[3.379s] INFO:colcon.colcon_core.shell:Creating environment hook '/home/feng/ros2_ws/install/navigation/share/navigation/hook/pythonpath.sh'
[3.379s] Level 1:colcon.colcon_core.environment:checking '/home/feng/ros2_ws/install/navigation/bin'
[3.380s] Level 1:colcon.colcon_core.environment:create_environment_scripts_only(navigation)
[3.380s] INFO:colcon.colcon_core.shell:Creating package script '/home/feng/ros2_ws/install/navigation/share/navigation/package.ps1'
[3.380s] INFO:colcon.colcon_core.shell:Creating package descriptor '/home/feng/ros2_ws/install/navigation/share/navigation/package.dsv'
[3.381s] INFO:colcon.colcon_core.shell:Creating package script '/home/feng/ros2_ws/install/navigation/share/navigation/package.sh'
[3.381s] INFO:colcon.colcon_core.shell:Creating package script '/home/feng/ros2_ws/install/navigation/share/navigation/package.bash'
[3.381s] INFO:colcon.colcon_core.shell:Creating package script '/home/feng/ros2_ws/install/navigation/share/navigation/package.zsh'
[3.381s] Level 1:colcon.colcon_core.environment:create_file_with_runtime_dependencies(/home/feng/ros2_ws/install/navigation/share/colcon-core/packages/navigation)
[5.809s] DEBUG:colcon.colcon_core.event_handler.log_command:Invoked command in '/home/feng/ros2_ws/build/tutorial_pkg' returned '0': CMAKE_PREFIX_PATH=${CMAKE_PREFIX_PATH}:/home/feng/ros2_ws/install/my_robot_controller:/home/feng/ros2_ws/src/install/my_robot_controller:/home/feng/rosbot_ws/install/rqt_joint_trajectory_controller:/home/feng/rosbot_ws/install/rosbot_xl_utils:/home/feng/rosbot_ws/install/rosbot_xl_gazebo:/home/feng/rosbot_ws/install/rosbot_xl_bringup:/home/feng/rosbot_ws/install/rosbot_xl_controller:/home/feng/rosbot_ws/install/ros2_controllers_test_nodes:/opt/ros/humble /usr/bin/cmake /home/feng/ros2_ws/src/tutorial_pkg -DCMAKE_INSTALL_PREFIX=/home/feng/ros2_ws/install/tutorial_pkg
[5.812s] DEBUG:colcon.colcon_core.event_handler.log_command:Invoking command in '/home/feng/ros2_ws/build/tutorial_pkg': CMAKE_PREFIX_PATH=${CMAKE_PREFIX_PATH}:/home/feng/ros2_ws/install/my_robot_controller:/home/feng/ros2_ws/src/install/my_robot_controller:/home/feng/rosbot_ws/install/rqt_joint_trajectory_controller:/home/feng/rosbot_ws/install/rosbot_xl_utils:/home/feng/rosbot_ws/install/rosbot_xl_gazebo:/home/feng/rosbot_ws/install/rosbot_xl_bringup:/home/feng/rosbot_ws/install/rosbot_xl_controller:/home/feng/rosbot_ws/install/ros2_controllers_test_nodes:/opt/ros/humble /usr/bin/cmake --build /home/feng/ros2_ws/build/tutorial_pkg -- -j4 -l4
[24.641s] DEBUG:colcon.colcon_core.event_handler.log_command:Invoked command in '/home/feng/ros2_ws/build/tutorial_pkg' returned '0': CMAKE_PREFIX_PATH=${CMAKE_PREFIX_PATH}:/home/feng/ros2_ws/install/my_robot_controller:/home/feng/ros2_ws/src/install/my_robot_controller:/home/feng/rosbot_ws/install/rqt_joint_trajectory_controller:/home/feng/rosbot_ws/install/rosbot_xl_utils:/home/feng/rosbot_ws/install/rosbot_xl_gazebo:/home/feng/rosbot_ws/install/rosbot_xl_bringup:/home/feng/rosbot_ws/install/rosbot_xl_controller:/home/feng/rosbot_ws/install/ros2_controllers_test_nodes:/opt/ros/humble /usr/bin/cmake --build /home/feng/ros2_ws/build/tutorial_pkg -- -j4 -l4
[24.716s] DEBUG:colcon.colcon_core.event_handler.log_command:Invoking command in '/home/feng/ros2_ws/build/tutorial_pkg': CMAKE_PREFIX_PATH=${CMAKE_PREFIX_PATH}:/home/feng/ros2_ws/install/my_robot_controller:/home/feng/ros2_ws/src/install/my_robot_controller:/home/feng/rosbot_ws/install/rqt_joint_trajectory_controller:/home/feng/rosbot_ws/install/rosbot_xl_utils:/home/feng/rosbot_ws/install/rosbot_xl_gazebo:/home/feng/rosbot_ws/install/rosbot_xl_bringup:/home/feng/rosbot_ws/install/rosbot_xl_controller:/home/feng/rosbot_ws/install/ros2_controllers_test_nodes:/opt/ros/humble /usr/bin/cmake --install /home/feng/ros2_ws/build/tutorial_pkg
[24.791s] Level 1:colcon.colcon_core.environment:create_environment_scripts_only(tutorial_pkg)
[24.792s] Level 1:colcon.colcon_core.environment:checking '/home/feng/ros2_ws/install/tutorial_pkg' for CMake module files
[24.793s] DEBUG:colcon.colcon_core.event_handler.log_command:Invoked command in '/home/feng/ros2_ws/build/tutorial_pkg' returned '0': CMAKE_PREFIX_PATH=${CMAKE_PREFIX_PATH}:/home/feng/ros2_ws/install/my_robot_controller:/home/feng/ros2_ws/src/install/my_robot_controller:/home/feng/rosbot_ws/install/rqt_joint_trajectory_controller:/home/feng/rosbot_ws/install/rosbot_xl_utils:/home/feng/rosbot_ws/install/rosbot_xl_gazebo:/home/feng/rosbot_ws/install/rosbot_xl_bringup:/home/feng/rosbot_ws/install/rosbot_xl_controller:/home/feng/rosbot_ws/install/ros2_controllers_test_nodes:/opt/ros/humble /usr/bin/cmake --install /home/feng/ros2_ws/build/tutorial_pkg
[24.793s] Level 1:colcon.colcon_core.environment:checking '/home/feng/ros2_ws/install/tutorial_pkg' for CMake config files
[24.794s] Level 1:colcon.colcon_core.shell:create_environment_hook('tutorial_pkg', 'cmake_prefix_path')
[24.794s] INFO:colcon.colcon_core.shell:Creating environment hook '/home/feng/ros2_ws/install/tutorial_pkg/share/tutorial_pkg/hook/cmake_prefix_path.ps1'
[24.795s] INFO:colcon.colcon_core.shell:Creating environment descriptor '/home/feng/ros2_ws/install/tutorial_pkg/share/tutorial_pkg/hook/cmake_prefix_path.dsv'
[24.795s] INFO:colcon.colcon_core.shell:Creating environment hook '/home/feng/ros2_ws/install/tutorial_pkg/share/tutorial_pkg/hook/cmake_prefix_path.sh'
[24.796s] Level 1:colcon.colcon_core.environment:checking '/home/feng/ros2_ws/install/tutorial_pkg/lib'
[24.796s] Level 1:colcon.colcon_core.environment:checking '/home/feng/ros2_ws/install/tutorial_pkg/bin'
[24.796s] Level 1:colcon.colcon_core.environment:checking '/home/feng/ros2_ws/install/tutorial_pkg/lib/pkgconfig/tutorial_pkg.pc'
[24.796s] Level 1:colcon.colcon_core.environment:checking '/home/feng/ros2_ws/install/tutorial_pkg/lib/python3.10/site-packages'
[24.797s] Level 1:colcon.colcon_core.environment:checking '/home/feng/ros2_ws/install/tutorial_pkg/bin'
[24.797s] INFO:colcon.colcon_core.shell:Creating package script '/home/feng/ros2_ws/install/tutorial_pkg/share/tutorial_pkg/package.ps1'
[24.797s] INFO:colcon.colcon_core.shell:Creating package descriptor '/home/feng/ros2_ws/install/tutorial_pkg/share/tutorial_pkg/package.dsv'
[24.798s] INFO:colcon.colcon_core.shell:Creating package script '/home/feng/ros2_ws/install/tutorial_pkg/share/tutorial_pkg/package.sh'
[24.798s] INFO:colcon.colcon_core.shell:Creating package script '/home/feng/ros2_ws/install/tutorial_pkg/share/tutorial_pkg/package.bash'
[24.799s] INFO:colcon.colcon_core.shell:Creating package script '/home/feng/ros2_ws/install/tutorial_pkg/share/tutorial_pkg/package.zsh'
[24.800s] Level 1:colcon.colcon_core.environment:create_file_with_runtime_dependencies(/home/feng/ros2_ws/install/tutorial_pkg/share/colcon-core/packages/tutorial_pkg)
[24.861s] Level 1:colcon.colcon_core.environment:create_environment_scripts_only(tutorial_pkg)
[24.861s] Level 1:colcon.colcon_core.environment:checking '/home/feng/ros2_ws/install/tutorial_pkg' for CMake module files
[24.862s] Level 1:colcon.colcon_core.environment:checking '/home/feng/ros2_ws/install/tutorial_pkg' for CMake config files
[24.862s] Level 1:colcon.colcon_core.shell:create_environment_hook('tutorial_pkg', 'cmake_prefix_path')
[24.862s] INFO:colcon.colcon_core.shell:Creating environment hook '/home/feng/ros2_ws/install/tutorial_pkg/share/tutorial_pkg/hook/cmake_prefix_path.ps1'
[24.863s] INFO:colcon.colcon_core.shell:Creating environment descriptor '/home/feng/ros2_ws/install/tutorial_pkg/share/tutorial_pkg/hook/cmake_prefix_path.dsv'
[24.863s] INFO:colcon.colcon_core.shell:Creating environment hook '/home/feng/ros2_ws/install/tutorial_pkg/share/tutorial_pkg/hook/cmake_prefix_path.sh'
[24.864s] Level 1:colcon.colcon_core.environment:checking '/home/feng/ros2_ws/install/tutorial_pkg/lib'
[24.864s] Level 1:colcon.colcon_core.environment:checking '/home/feng/ros2_ws/install/tutorial_pkg/bin'
[24.864s] Level 1:colcon.colcon_core.environment:checking '/home/feng/ros2_ws/install/tutorial_pkg/lib/pkgconfig/tutorial_pkg.pc'
[24.865s] Level 1:colcon.colcon_core.environment:checking '/home/feng/ros2_ws/install/tutorial_pkg/lib/python3.10/site-packages'
[24.865s] Level 1:colcon.colcon_core.environment:checking '/home/feng/ros2_ws/install/tutorial_pkg/bin'
[24.865s] INFO:colcon.colcon_core.shell:Creating package script '/home/feng/ros2_ws/install/tutorial_pkg/share/tutorial_pkg/package.ps1'
[24.866s] INFO:colcon.colcon_core.shell:Creating package descriptor '/home/feng/ros2_ws/install/tutorial_pkg/share/tutorial_pkg/package.dsv'
[24.866s] INFO:colcon.colcon_core.shell:Creating package script '/home/feng/ros2_ws/install/tutorial_pkg/share/tutorial_pkg/package.sh'
[24.866s] INFO:colcon.colcon_core.shell:Creating package script '/home/feng/ros2_ws/install/tutorial_pkg/share/tutorial_pkg/package.bash'
[24.867s] INFO:colcon.colcon_core.shell:Creating package script '/home/feng/ros2_ws/install/tutorial_pkg/share/tutorial_pkg/package.zsh'
[24.867s] Level 1:colcon.colcon_core.environment:create_file_with_runtime_dependencies(/home/feng/ros2_ws/install/tutorial_pkg/share/colcon-core/packages/tutorial_pkg)
[24.868s] DEBUG:colcon.colcon_parallel_executor.executor.parallel:closing loop
[24.869s] DEBUG:colcon.colcon_parallel_executor.executor.parallel:loop closed
[24.869s] DEBUG:colcon.colcon_parallel_executor.executor.parallel:run_until_complete finished with '0'
[24.869s] DEBUG:colcon.colcon_core.event_reactor:joining thread
[24.884s] INFO:colcon.colcon_core.plugin_system:Skipping extension 'colcon_notification.desktop_notification.terminal_notifier': Not used on non-Darwin systems
[24.884s] INFO:colcon.colcon_core.plugin_system:Skipping extension 'colcon_notification.desktop_notification.win32': Not used on non-Windows systems
[24.884s] INFO:colcon.colcon_notification.desktop_notification:Sending desktop notification using 'notify2'
[24.957s] DEBUG:colcon.colcon_core.event_reactor:joined thread
[24.958s] INFO:colcon.colcon_core.shell:Creating prefix script '/home/feng/ros2_ws/install/local_setup.ps1'
[24.960s] INFO:colcon.colcon_core.shell:Creating prefix util module '/home/feng/ros2_ws/install/_local_setup_util_ps1.py'
[24.963s] INFO:colcon.colcon_core.shell:Creating prefix chain script '/home/feng/ros2_ws/install/setup.ps1'
[24.969s] INFO:colcon.colcon_core.shell:Creating prefix script '/home/feng/ros2_ws/install/local_setup.sh'
[24.972s] INFO:colcon.colcon_core.shell:Creating prefix util module '/home/feng/ros2_ws/install/_local_setup_util_sh.py'
[24.972s] INFO:colcon.colcon_core.shell:Creating prefix chain script '/home/feng/ros2_ws/install/setup.sh'
[24.977s] INFO:colcon.colcon_core.shell:Creating prefix script '/home/feng/ros2_ws/install/local_setup.bash'
[24.978s] INFO:colcon.colcon_core.shell:Creating prefix chain script '/home/feng/ros2_ws/install/setup.bash'
[24.984s] INFO:colcon.colcon_core.shell:Creating prefix script '/home/feng/ros2_ws/install/local_setup.zsh'
[24.985s] INFO:colcon.colcon_core.shell:Creating prefix chain script '/home/feng/ros2_ws/install/setup.zsh'
