[0.542s] Invoking command in '/home/feng/ros2_ws/src/my_robot_controller': PYTHONPATH=/home/feng/ros2_ws/build/my_robot_controller/prefix_override:/home/feng/ros2_ws/install/my_robot_controller/lib/python3.10/site-packages:${PYTHONPATH} /usr/bin/python3 -W ignore:setup.py install is deprecated setup.py egg_info --egg-base ../../build/my_robot_controller build --build-base /home/feng/ros2_ws/build/my_robot_controller/build install --record /home/feng/ros2_ws/build/my_robot_controller/install.log --single-version-externally-managed install_data
[0.717s] running egg_info
[0.717s] writing ../../build/my_robot_controller/my_robot_controller.egg-info/PKG-INFO
[0.717s] writing dependency_links to ../../build/my_robot_controller/my_robot_controller.egg-info/dependency_links.txt
[0.718s] writing entry points to ../../build/my_robot_controller/my_robot_controller.egg-info/entry_points.txt
[0.718s] writing requirements to ../../build/my_robot_controller/my_robot_controller.egg-info/requires.txt
[0.718s] writing top-level names to ../../build/my_robot_controller/my_robot_controller.egg-info/top_level.txt
[0.720s] reading manifest file '../../build/my_robot_controller/my_robot_controller.egg-info/SOURCES.txt'
[0.722s] writing manifest file '../../build/my_robot_controller/my_robot_controller.egg-info/SOURCES.txt'
[0.722s] running build
[0.722s] running build_py
[0.723s] copying my_robot_controller/my_first_node.py -> /home/feng/ros2_ws/build/my_robot_controller/build/lib/my_robot_controller
[0.723s] running install
[0.723s] running install_lib
[0.724s] copying /home/feng/ros2_ws/build/my_robot_controller/build/lib/my_robot_controller/my_first_node.py -> /home/feng/ros2_ws/install/my_robot_controller/lib/python3.10/site-packages/my_robot_controller
[0.725s] byte-compiling /home/feng/ros2_ws/install/my_robot_controller/lib/python3.10/site-packages/my_robot_controller/my_first_node.py to my_first_node.cpython-310.pyc
[0.725s] running install_data
[0.726s] running install_egg_info
[0.729s] removing '/home/feng/ros2_ws/install/my_robot_controller/lib/python3.10/site-packages/my_robot_controller-0.0.0-py3.10.egg-info' (and everything under it)
[0.729s] Copying ../../build/my_robot_controller/my_robot_controller.egg-info to /home/feng/ros2_ws/install/my_robot_controller/lib/python3.10/site-packages/my_robot_controller-0.0.0-py3.10.egg-info
[0.729s] running install_scripts
[0.751s] writing list of installed files to '/home/feng/ros2_ws/build/my_robot_controller/install.log'
[0.759s] Invoked command in '/home/feng/ros2_ws/src/my_robot_controller' returned '0': PYTHONPATH=/home/feng/ros2_ws/build/my_robot_controller/prefix_override:/home/feng/ros2_ws/install/my_robot_controller/lib/python3.10/site-packages:${PYTHONPATH} /usr/bin/python3 -W ignore:setup.py install is deprecated setup.py egg_info --egg-base ../../build/my_robot_controller build --build-base /home/feng/ros2_ws/build/my_robot_controller/build install --record /home/feng/ros2_ws/build/my_robot_controller/install.log --single-version-externally-managed install_data
