[0.061s] Invoking command in '/home/feng/ros2_ws/build/tutorial_pkg': AMENT_PREFIX_PATH=/home/feng/ros2_ws/install/explore_lite:${AMENT_PREFIX_PATH} CMAKE_PREFIX_PATH=/home/feng/ros2_ws/install/explore_lite:/home/feng/ros2_ws/install/tutorial_pkg:/home/feng/rosbot_ws/install/ros2_controllers:/home/feng/rosbot_ws/install/velocity_controllers:/home/feng/rosbot_ws/install/tricycle_steering_controller:/home/feng/rosbot_ws/install/tricycle_controller:/home/feng/rosbot_ws/install/bicycle_steering_controller:/home/feng/rosbot_ws/install/ackermann_steering_controller:/home/feng/rosbot_ws/install/steering_controllers_library:/home/feng/rosbot_ws/install/rosbot_xl:/home/feng/rosbot_ws/install/rosbot_xl_description:/home/feng/rosbot_ws/install/rosbot_hardware_interfaces:/home/feng/rosbot_ws/install/ros_components_description:/home/feng/rosbot_ws/install/range_sensor_broadcaster:/home/feng/rosbot_ws/install/position_controllers:/home/feng/rosbot_ws/install/micro_ros_agent:/home/feng/rosbot_ws/install/micro_ros_msgs:/home/feng/rosbot_ws/install/mecanum_drive_controller:/home/feng/rosbot_ws/install/admittance_controller:/home/feng/rosbot_ws/install/joint_trajectory_controller:/home/feng/rosbot_ws/install/joint_state_broadcaster:/home/feng/rosbot_ws/install/imu_sensor_broadcaster:/home/feng/rosbot_ws/install/husarion_office_gz:/home/feng/rosbot_ws/install/gripper_controllers:/home/feng/rosbot_ws/install/effort_controllers:/home/feng/rosbot_ws/install/forward_command_controller:/home/feng/rosbot_ws/install/force_torque_sensor_broadcaster:/home/feng/rosbot_ws/install/diff_drive_controller:/home/feng/ros2_ws/install/navigation:/home/feng/ros2_ws/install/my_robot_controller:/home/feng/ros2_ws/src/install/my_robot_controller:/home/feng/rosbot_ws/install/rqt_joint_trajectory_controller:/home/feng/rosbot_ws/install/rosbot_xl_utils:/home/feng/rosbot_ws/install/rosbot_xl_gazebo:/home/feng/rosbot_ws/install/rosbot_xl_bringup:/home/feng/rosbot_ws/install/rosbot_xl_controller:/home/feng/rosbot_ws/install/ros2_controllers_test_nodes:/opt/ros/humble /usr/bin/cmake /home/feng/ros2_ws/src/tutorial_pkg -DAMENT_CMAKE_SYMLINK_INSTALL=1 -DCMAKE_INSTALL_PREFIX=/home/feng/ros2_ws/install/tutorial_pkg
[0.111s] -- Found cv_bridge: 3.2.1 (/opt/ros/humble/share/cv_bridge/cmake)
[0.361s] -- Override CMake install command with custom implementation using symlinks instead of copying resources
[0.443s] -- Found rosidl_generator_c: 3.1.5 (/opt/ros/humble/share/rosidl_generator_c/cmake)
[0.448s] -- Found rosidl_adapter: 3.1.5 (/opt/ros/humble/share/rosidl_adapter/cmake)
[0.459s] -- Found rosidl_generator_cpp: 3.1.5 (/opt/ros/humble/share/rosidl_generator_cpp/cmake)
[0.484s] -- Using all available rosidl_typesupport_c: rosidl_typesupport_fastrtps_c;rosidl_typesupport_introspection_c
[0.517s] -- Using all available rosidl_typesupport_cpp: rosidl_typesupport_fastrtps_cpp;rosidl_typesupport_introspection_cpp
[1.006s] -- Found rclcpp: 16.0.8 (/opt/ros/humble/share/rclcpp/cmake)
[1.111s] -- Found rmw_implementation_cmake: 6.1.1 (/opt/ros/humble/share/rmw_implementation_cmake/cmake)
[1.120s] -- Found rmw_cyclonedds_cpp: 1.3.4 (/opt/ros/humble/share/rmw_cyclonedds_cpp/cmake)
[1.185s] -- Using RMW implementation 'rmw_cyclonedds_cpp' as default
[1.450s] -- Found std_srvs: 4.2.3 (/opt/ros/humble/share/std_srvs/cmake)
[1.481s] -- Found tf2: 0.25.6 (/opt/ros/humble/share/tf2/cmake)
[1.498s] -- Found tf2_ros: 0.25.6 (/opt/ros/humble/share/tf2_ros/cmake)
[2.336s] -- Configuring done
[2.400s] -- Generating done
[2.406s] -- Build files have been written to: /home/feng/ros2_ws/build/tutorial_pkg
[2.418s] Invoked command in '/home/feng/ros2_ws/build/tutorial_pkg' returned '0': AMENT_PREFIX_PATH=/home/feng/ros2_ws/install/explore_lite:${AMENT_PREFIX_PATH} CMAKE_PREFIX_PATH=/home/feng/ros2_ws/install/explore_lite:/home/feng/ros2_ws/install/tutorial_pkg:/home/feng/rosbot_ws/install/ros2_controllers:/home/feng/rosbot_ws/install/velocity_controllers:/home/feng/rosbot_ws/install/tricycle_steering_controller:/home/feng/rosbot_ws/install/tricycle_controller:/home/feng/rosbot_ws/install/bicycle_steering_controller:/home/feng/rosbot_ws/install/ackermann_steering_controller:/home/feng/rosbot_ws/install/steering_controllers_library:/home/feng/rosbot_ws/install/rosbot_xl:/home/feng/rosbot_ws/install/rosbot_xl_description:/home/feng/rosbot_ws/install/rosbot_hardware_interfaces:/home/feng/rosbot_ws/install/ros_components_description:/home/feng/rosbot_ws/install/range_sensor_broadcaster:/home/feng/rosbot_ws/install/position_controllers:/home/feng/rosbot_ws/install/micro_ros_agent:/home/feng/rosbot_ws/install/micro_ros_msgs:/home/feng/rosbot_ws/install/mecanum_drive_controller:/home/feng/rosbot_ws/install/admittance_controller:/home/feng/rosbot_ws/install/joint_trajectory_controller:/home/feng/rosbot_ws/install/joint_state_broadcaster:/home/feng/rosbot_ws/install/imu_sensor_broadcaster:/home/feng/rosbot_ws/install/husarion_office_gz:/home/feng/rosbot_ws/install/gripper_controllers:/home/feng/rosbot_ws/install/effort_controllers:/home/feng/rosbot_ws/install/forward_command_controller:/home/feng/rosbot_ws/install/force_torque_sensor_broadcaster:/home/feng/rosbot_ws/install/diff_drive_controller:/home/feng/ros2_ws/install/navigation:/home/feng/ros2_ws/install/my_robot_controller:/home/feng/ros2_ws/src/install/my_robot_controller:/home/feng/rosbot_ws/install/rqt_joint_trajectory_controller:/home/feng/rosbot_ws/install/rosbot_xl_utils:/home/feng/rosbot_ws/install/rosbot_xl_gazebo:/home/feng/rosbot_ws/install/rosbot_xl_bringup:/home/feng/rosbot_ws/install/rosbot_xl_controller:/home/feng/rosbot_ws/install/ros2_controllers_test_nodes:/opt/ros/humble /usr/bin/cmake /home/feng/ros2_ws/src/tutorial_pkg -DAMENT_CMAKE_SYMLINK_INSTALL=1 -DCMAKE_INSTALL_PREFIX=/home/feng/ros2_ws/install/tutorial_pkg
[2.421s] Invoking command in '/home/feng/ros2_ws/build/tutorial_pkg': AMENT_PREFIX_PATH=/home/feng/ros2_ws/install/explore_lite:${AMENT_PREFIX_PATH} CMAKE_PREFIX_PATH=/home/feng/ros2_ws/install/explore_lite:/home/feng/ros2_ws/install/tutorial_pkg:/home/feng/rosbot_ws/install/ros2_controllers:/home/feng/rosbot_ws/install/velocity_controllers:/home/feng/rosbot_ws/install/tricycle_steering_controller:/home/feng/rosbot_ws/install/tricycle_controller:/home/feng/rosbot_ws/install/bicycle_steering_controller:/home/feng/rosbot_ws/install/ackermann_steering_controller:/home/feng/rosbot_ws/install/steering_controllers_library:/home/feng/rosbot_ws/install/rosbot_xl:/home/feng/rosbot_ws/install/rosbot_xl_description:/home/feng/rosbot_ws/install/rosbot_hardware_interfaces:/home/feng/rosbot_ws/install/ros_components_description:/home/feng/rosbot_ws/install/range_sensor_broadcaster:/home/feng/rosbot_ws/install/position_controllers:/home/feng/rosbot_ws/install/micro_ros_agent:/home/feng/rosbot_ws/install/micro_ros_msgs:/home/feng/rosbot_ws/install/mecanum_drive_controller:/home/feng/rosbot_ws/install/admittance_controller:/home/feng/rosbot_ws/install/joint_trajectory_controller:/home/feng/rosbot_ws/install/joint_state_broadcaster:/home/feng/rosbot_ws/install/imu_sensor_broadcaster:/home/feng/rosbot_ws/install/husarion_office_gz:/home/feng/rosbot_ws/install/gripper_controllers:/home/feng/rosbot_ws/install/effort_controllers:/home/feng/rosbot_ws/install/forward_command_controller:/home/feng/rosbot_ws/install/force_torque_sensor_broadcaster:/home/feng/rosbot_ws/install/diff_drive_controller:/home/feng/ros2_ws/install/navigation:/home/feng/ros2_ws/install/my_robot_controller:/home/feng/ros2_ws/src/install/my_robot_controller:/home/feng/rosbot_ws/install/rqt_joint_trajectory_controller:/home/feng/rosbot_ws/install/rosbot_xl_utils:/home/feng/rosbot_ws/install/rosbot_xl_gazebo:/home/feng/rosbot_ws/install/rosbot_xl_bringup:/home/feng/rosbot_ws/install/rosbot_xl_controller:/home/feng/rosbot_ws/install/ros2_controllers_test_nodes:/opt/ros/humble /usr/bin/cmake --build /home/feng/ros2_ws/build/tutorial_pkg -- -j4 -l4
[2.515s] [35m[1mConsolidate compiler generated dependencies of target tf_broadcaster[0m
[2.519s] [35m[1mConsolidate compiler generated dependencies of target tracker[0m
[2.527s] [35m[1mConsolidate compiler generated dependencies of target my_first_node[0m
[2.528s] [35m[1mConsolidate compiler generated dependencies of target tf_listener[0m
[2.570s] [ 12%] [32m[1mLinking CXX executable my_first_node[0m
[2.591s] [ 25%] [32m[1mLinking CXX executable tracker[0m
[2.591s] [ 37%] [32m[1mLinking CXX executable tf_broadcaster[0m
[2.594s] [ 50%] [32m[1mLinking CXX executable tf_listener[0m
[3.079s] [ 62%] Built target tf_listener
[3.248s] [ 75%] Built target tf_broadcaster
[3.913s] [ 87%] Built target my_first_node
[4.829s] [100%] Built target tracker
[4.845s] Invoked command in '/home/feng/ros2_ws/build/tutorial_pkg' returned '0': AMENT_PREFIX_PATH=/home/feng/ros2_ws/install/explore_lite:${AMENT_PREFIX_PATH} CMAKE_PREFIX_PATH=/home/feng/ros2_ws/install/explore_lite:/home/feng/ros2_ws/install/tutorial_pkg:/home/feng/rosbot_ws/install/ros2_controllers:/home/feng/rosbot_ws/install/velocity_controllers:/home/feng/rosbot_ws/install/tricycle_steering_controller:/home/feng/rosbot_ws/install/tricycle_controller:/home/feng/rosbot_ws/install/bicycle_steering_controller:/home/feng/rosbot_ws/install/ackermann_steering_controller:/home/feng/rosbot_ws/install/steering_controllers_library:/home/feng/rosbot_ws/install/rosbot_xl:/home/feng/rosbot_ws/install/rosbot_xl_description:/home/feng/rosbot_ws/install/rosbot_hardware_interfaces:/home/feng/rosbot_ws/install/ros_components_description:/home/feng/rosbot_ws/install/range_sensor_broadcaster:/home/feng/rosbot_ws/install/position_controllers:/home/feng/rosbot_ws/install/micro_ros_agent:/home/feng/rosbot_ws/install/micro_ros_msgs:/home/feng/rosbot_ws/install/mecanum_drive_controller:/home/feng/rosbot_ws/install/admittance_controller:/home/feng/rosbot_ws/install/joint_trajectory_controller:/home/feng/rosbot_ws/install/joint_state_broadcaster:/home/feng/rosbot_ws/install/imu_sensor_broadcaster:/home/feng/rosbot_ws/install/husarion_office_gz:/home/feng/rosbot_ws/install/gripper_controllers:/home/feng/rosbot_ws/install/effort_controllers:/home/feng/rosbot_ws/install/forward_command_controller:/home/feng/rosbot_ws/install/force_torque_sensor_broadcaster:/home/feng/rosbot_ws/install/diff_drive_controller:/home/feng/ros2_ws/install/navigation:/home/feng/ros2_ws/install/my_robot_controller:/home/feng/ros2_ws/src/install/my_robot_controller:/home/feng/rosbot_ws/install/rqt_joint_trajectory_controller:/home/feng/rosbot_ws/install/rosbot_xl_utils:/home/feng/rosbot_ws/install/rosbot_xl_gazebo:/home/feng/rosbot_ws/install/rosbot_xl_bringup:/home/feng/rosbot_ws/install/rosbot_xl_controller:/home/feng/rosbot_ws/install/ros2_controllers_test_nodes:/opt/ros/humble /usr/bin/cmake --build /home/feng/ros2_ws/build/tutorial_pkg -- -j4 -l4
[4.940s] Invoking command in '/home/feng/ros2_ws/build/tutorial_pkg': AMENT_PREFIX_PATH=/home/feng/ros2_ws/install/explore_lite:${AMENT_PREFIX_PATH} CMAKE_PREFIX_PATH=/home/feng/ros2_ws/install/explore_lite:/home/feng/ros2_ws/install/tutorial_pkg:/home/feng/rosbot_ws/install/ros2_controllers:/home/feng/rosbot_ws/install/velocity_controllers:/home/feng/rosbot_ws/install/tricycle_steering_controller:/home/feng/rosbot_ws/install/tricycle_controller:/home/feng/rosbot_ws/install/bicycle_steering_controller:/home/feng/rosbot_ws/install/ackermann_steering_controller:/home/feng/rosbot_ws/install/steering_controllers_library:/home/feng/rosbot_ws/install/rosbot_xl:/home/feng/rosbot_ws/install/rosbot_xl_description:/home/feng/rosbot_ws/install/rosbot_hardware_interfaces:/home/feng/rosbot_ws/install/ros_components_description:/home/feng/rosbot_ws/install/range_sensor_broadcaster:/home/feng/rosbot_ws/install/position_controllers:/home/feng/rosbot_ws/install/micro_ros_agent:/home/feng/rosbot_ws/install/micro_ros_msgs:/home/feng/rosbot_ws/install/mecanum_drive_controller:/home/feng/rosbot_ws/install/admittance_controller:/home/feng/rosbot_ws/install/joint_trajectory_controller:/home/feng/rosbot_ws/install/joint_state_broadcaster:/home/feng/rosbot_ws/install/imu_sensor_broadcaster:/home/feng/rosbot_ws/install/husarion_office_gz:/home/feng/rosbot_ws/install/gripper_controllers:/home/feng/rosbot_ws/install/effort_controllers:/home/feng/rosbot_ws/install/forward_command_controller:/home/feng/rosbot_ws/install/force_torque_sensor_broadcaster:/home/feng/rosbot_ws/install/diff_drive_controller:/home/feng/ros2_ws/install/navigation:/home/feng/ros2_ws/install/my_robot_controller:/home/feng/ros2_ws/src/install/my_robot_controller:/home/feng/rosbot_ws/install/rqt_joint_trajectory_controller:/home/feng/rosbot_ws/install/rosbot_xl_utils:/home/feng/rosbot_ws/install/rosbot_xl_gazebo:/home/feng/rosbot_ws/install/rosbot_xl_bringup:/home/feng/rosbot_ws/install/rosbot_xl_controller:/home/feng/rosbot_ws/install/ros2_controllers_test_nodes:/opt/ros/humble /usr/bin/cmake --install /home/feng/ros2_ws/build/tutorial_pkg
[4.950s] -- Install configuration: ""
[4.950s] -- Execute custom install script
[4.951s] -- Symlinking: /home/feng/ros2_ws/install/tutorial_pkg/lib/tutorial_pkg/my_first_node
[4.966s] -- Symlinking: /home/feng/ros2_ws/install/tutorial_pkg/lib/tutorial_pkg/tracker
[4.978s] -- Symlinking: /home/feng/ros2_ws/install/tutorial_pkg/lib/tutorial_pkg/tf_broadcaster
[4.998s] -- Symlinking: /home/feng/ros2_ws/install/tutorial_pkg/lib/tutorial_pkg/tf_listener
[5.013s] -- Symlinking: /home/feng/ros2_ws/install/tutorial_pkg/share/tutorial_pkg/config/amcl.yaml
[5.035s] -- Symlinking: /home/feng/ros2_ws/install/tutorial_pkg/share/tutorial_pkg/config/explore.yaml
[5.051s] -- Symlinking: /home/feng/ros2_ws/install/tutorial_pkg/share/tutorial_pkg/config/navigation.yaml
[5.065s] -- Symlinking: /home/feng/ros2_ws/install/tutorial_pkg/share/tutorial_pkg/config/slam.yaml
[5.081s] -- Symlinking: /home/feng/ros2_ws/install/tutorial_pkg/share/tutorial_pkg/launch/amcl.launch.py
[5.095s] -- Symlinking: /home/feng/ros2_ws/install/tutorial_pkg/share/tutorial_pkg/launch/explore.launch.py
[5.110s] -- Symlinking: /home/feng/ros2_ws/install/tutorial_pkg/share/tutorial_pkg/launch/my_launch_file.launch.py
[5.123s] -- Symlinking: /home/feng/ros2_ws/install/tutorial_pkg/share/tutorial_pkg/launch/my_launch_file.xml
[5.135s] -- Symlinking: /home/feng/ros2_ws/install/tutorial_pkg/share/tutorial_pkg/launch/my_launch_file.yaml
[5.148s] -- Symlinking: /home/feng/ros2_ws/install/tutorial_pkg/share/tutorial_pkg/launch/navigation.launch.py
[5.159s] -- Symlinking: /home/feng/ros2_ws/install/tutorial_pkg/share/tutorial_pkg/launch/slam.launch.py
[5.179s] -- Symlinking: /home/feng/ros2_ws/install/tutorial_pkg/share/tutorial_pkg/maps/map.pgm
[5.192s] -- Symlinking: /home/feng/ros2_ws/install/tutorial_pkg/share/tutorial_pkg/maps/map.yaml
[5.206s] -- Symlinking: /home/feng/ros2_ws/install/tutorial_pkg/share/tutorial_pkg/maps/map_serialized.data
[5.228s] -- Symlinking: /home/feng/ros2_ws/install/tutorial_pkg/share/tutorial_pkg/maps/map_serialized.posegraph
[5.240s] -- Symlinking: /home/feng/ros2_ws/install/tutorial_pkg/share/tutorial_pkg/rviz/amcl.rviz
[5.253s] -- Symlinking: /home/feng/ros2_ws/install/tutorial_pkg/share/tutorial_pkg/rviz/explore.rviz
[5.264s] -- Symlinking: /home/feng/ros2_ws/install/tutorial_pkg/share/tutorial_pkg/rviz/navigation.rviz
[5.281s] -- Symlinking: /home/feng/ros2_ws/install/tutorial_pkg/share/tutorial_pkg/rviz/slam.rviz
[5.297s] -- Symlinking: /home/feng/ros2_ws/install/tutorial_pkg/share/ament_index/resource_index/package_run_dependencies/tutorial_pkg
[5.312s] -- Symlinking: /home/feng/ros2_ws/install/tutorial_pkg/share/ament_index/resource_index/parent_prefix_path/tutorial_pkg
[5.328s] -- Symlinking: /home/feng/ros2_ws/install/tutorial_pkg/share/tutorial_pkg/environment/ament_prefix_path.sh
[5.343s] -- Symlinking: /home/feng/ros2_ws/install/tutorial_pkg/share/tutorial_pkg/environment/ament_prefix_path.dsv
[5.356s] -- Symlinking: /home/feng/ros2_ws/install/tutorial_pkg/share/tutorial_pkg/environment/path.sh
[5.369s] -- Symlinking: /home/feng/ros2_ws/install/tutorial_pkg/share/tutorial_pkg/environment/path.dsv
[5.393s] -- Symlinking: /home/feng/ros2_ws/install/tutorial_pkg/share/tutorial_pkg/local_setup.bash
[5.408s] -- Symlinking: /home/feng/ros2_ws/install/tutorial_pkg/share/tutorial_pkg/local_setup.sh
[5.423s] -- Symlinking: /home/feng/ros2_ws/install/tutorial_pkg/share/tutorial_pkg/local_setup.zsh
[5.439s] -- Symlinking: /home/feng/ros2_ws/install/tutorial_pkg/share/tutorial_pkg/local_setup.dsv
[5.451s] -- Symlinking: /home/feng/ros2_ws/install/tutorial_pkg/share/tutorial_pkg/package.dsv
[5.465s] -- Symlinking: /home/feng/ros2_ws/install/tutorial_pkg/share/ament_index/resource_index/packages/tutorial_pkg
[5.486s] -- Symlinking: /home/feng/ros2_ws/install/tutorial_pkg/share/tutorial_pkg/cmake/tutorial_pkgConfig.cmake
[5.498s] -- Symlinking: /home/feng/ros2_ws/install/tutorial_pkg/share/tutorial_pkg/cmake/tutorial_pkgConfig-version.cmake
[5.510s] -- Symlinking: /home/feng/ros2_ws/install/tutorial_pkg/share/tutorial_pkg/package.xml
[5.533s] Invoked command in '/home/feng/ros2_ws/build/tutorial_pkg' returned '0': AMENT_PREFIX_PATH=/home/feng/ros2_ws/install/explore_lite:${AMENT_PREFIX_PATH} CMAKE_PREFIX_PATH=/home/feng/ros2_ws/install/explore_lite:/home/feng/ros2_ws/install/tutorial_pkg:/home/feng/rosbot_ws/install/ros2_controllers:/home/feng/rosbot_ws/install/velocity_controllers:/home/feng/rosbot_ws/install/tricycle_steering_controller:/home/feng/rosbot_ws/install/tricycle_controller:/home/feng/rosbot_ws/install/bicycle_steering_controller:/home/feng/rosbot_ws/install/ackermann_steering_controller:/home/feng/rosbot_ws/install/steering_controllers_library:/home/feng/rosbot_ws/install/rosbot_xl:/home/feng/rosbot_ws/install/rosbot_xl_description:/home/feng/rosbot_ws/install/rosbot_hardware_interfaces:/home/feng/rosbot_ws/install/ros_components_description:/home/feng/rosbot_ws/install/range_sensor_broadcaster:/home/feng/rosbot_ws/install/position_controllers:/home/feng/rosbot_ws/install/micro_ros_agent:/home/feng/rosbot_ws/install/micro_ros_msgs:/home/feng/rosbot_ws/install/mecanum_drive_controller:/home/feng/rosbot_ws/install/admittance_controller:/home/feng/rosbot_ws/install/joint_trajectory_controller:/home/feng/rosbot_ws/install/joint_state_broadcaster:/home/feng/rosbot_ws/install/imu_sensor_broadcaster:/home/feng/rosbot_ws/install/husarion_office_gz:/home/feng/rosbot_ws/install/gripper_controllers:/home/feng/rosbot_ws/install/effort_controllers:/home/feng/rosbot_ws/install/forward_command_controller:/home/feng/rosbot_ws/install/force_torque_sensor_broadcaster:/home/feng/rosbot_ws/install/diff_drive_controller:/home/feng/ros2_ws/install/navigation:/home/feng/ros2_ws/install/my_robot_controller:/home/feng/ros2_ws/src/install/my_robot_controller:/home/feng/rosbot_ws/install/rqt_joint_trajectory_controller:/home/feng/rosbot_ws/install/rosbot_xl_utils:/home/feng/rosbot_ws/install/rosbot_xl_gazebo:/home/feng/rosbot_ws/install/rosbot_xl_bringup:/home/feng/rosbot_ws/install/rosbot_xl_controller:/home/feng/rosbot_ws/install/ros2_controllers_test_nodes:/opt/ros/humble /usr/bin/cmake --install /home/feng/ros2_ws/build/tutorial_pkg
