[0.073s] Invoking command in '/home/feng/ros2_ws/build/tutorial_pkg': AMENT_PREFIX_PATH=/home/feng/ros2_ws/install/explore_lite:${AMENT_PREFIX_PATH} CMAKE_PREFIX_PATH=/home/feng/ros2_ws/install/explore_lite:/home/feng/ros2_ws/install/tutorial_pkg:/home/feng/rosbot_ws/install/ros2_controllers:/home/feng/rosbot_ws/install/velocity_controllers:/home/feng/rosbot_ws/install/tricycle_steering_controller:/home/feng/rosbot_ws/install/tricycle_controller:/home/feng/rosbot_ws/install/bicycle_steering_controller:/home/feng/rosbot_ws/install/ackermann_steering_controller:/home/feng/rosbot_ws/install/steering_controllers_library:/home/feng/rosbot_ws/install/rosbot_xl:/home/feng/rosbot_ws/install/rosbot_xl_description:/home/feng/rosbot_ws/install/rosbot_hardware_interfaces:/home/feng/rosbot_ws/install/ros_components_description:/home/feng/rosbot_ws/install/range_sensor_broadcaster:/home/feng/rosbot_ws/install/position_controllers:/home/feng/rosbot_ws/install/micro_ros_agent:/home/feng/rosbot_ws/install/micro_ros_msgs:/home/feng/rosbot_ws/install/mecanum_drive_controller:/home/feng/rosbot_ws/install/admittance_controller:/home/feng/rosbot_ws/install/joint_trajectory_controller:/home/feng/rosbot_ws/install/joint_state_broadcaster:/home/feng/rosbot_ws/install/imu_sensor_broadcaster:/home/feng/rosbot_ws/install/husarion_office_gz:/home/feng/rosbot_ws/install/gripper_controllers:/home/feng/rosbot_ws/install/effort_controllers:/home/feng/rosbot_ws/install/forward_command_controller:/home/feng/rosbot_ws/install/force_torque_sensor_broadcaster:/home/feng/rosbot_ws/install/diff_drive_controller:/home/feng/ros2_ws/install/navigation:/home/feng/ros2_ws/install/my_robot_controller:/home/feng/ros2_ws/src/install/my_robot_controller:/home/feng/rosbot_ws/install/rqt_joint_trajectory_controller:/home/feng/rosbot_ws/install/rosbot_xl_utils:/home/feng/rosbot_ws/install/rosbot_xl_gazebo:/home/feng/rosbot_ws/install/rosbot_xl_bringup:/home/feng/rosbot_ws/install/rosbot_xl_controller:/home/feng/rosbot_ws/install/ros2_controllers_test_nodes:/opt/ros/humble /usr/bin/cmake --build /home/feng/ros2_ws/build/tutorial_pkg -- -j4 -l4
[0.180s] [35m[1mConsolidate compiler generated dependencies of target my_first_node[0m
[0.215s] [ 25%] Built target my_first_node
[0.241s] [35m[1mConsolidate compiler generated dependencies of target tf_listener[0m
[0.275s] [ 50%] Built target tf_listener
[0.298s] [35m[1mConsolidate compiler generated dependencies of target tf_broadcaster[0m
[0.330s] [ 75%] Built target tf_broadcaster
[0.350s] [35m[1mConsolidate compiler generated dependencies of target tracker[0m
[0.397s] [100%] Built target tracker
[0.415s] Invoked command in '/home/feng/ros2_ws/build/tutorial_pkg' returned '0': AMENT_PREFIX_PATH=/home/feng/ros2_ws/install/explore_lite:${AMENT_PREFIX_PATH} CMAKE_PREFIX_PATH=/home/feng/ros2_ws/install/explore_lite:/home/feng/ros2_ws/install/tutorial_pkg:/home/feng/rosbot_ws/install/ros2_controllers:/home/feng/rosbot_ws/install/velocity_controllers:/home/feng/rosbot_ws/install/tricycle_steering_controller:/home/feng/rosbot_ws/install/tricycle_controller:/home/feng/rosbot_ws/install/bicycle_steering_controller:/home/feng/rosbot_ws/install/ackermann_steering_controller:/home/feng/rosbot_ws/install/steering_controllers_library:/home/feng/rosbot_ws/install/rosbot_xl:/home/feng/rosbot_ws/install/rosbot_xl_description:/home/feng/rosbot_ws/install/rosbot_hardware_interfaces:/home/feng/rosbot_ws/install/ros_components_description:/home/feng/rosbot_ws/install/range_sensor_broadcaster:/home/feng/rosbot_ws/install/position_controllers:/home/feng/rosbot_ws/install/micro_ros_agent:/home/feng/rosbot_ws/install/micro_ros_msgs:/home/feng/rosbot_ws/install/mecanum_drive_controller:/home/feng/rosbot_ws/install/admittance_controller:/home/feng/rosbot_ws/install/joint_trajectory_controller:/home/feng/rosbot_ws/install/joint_state_broadcaster:/home/feng/rosbot_ws/install/imu_sensor_broadcaster:/home/feng/rosbot_ws/install/husarion_office_gz:/home/feng/rosbot_ws/install/gripper_controllers:/home/feng/rosbot_ws/install/effort_controllers:/home/feng/rosbot_ws/install/forward_command_controller:/home/feng/rosbot_ws/install/force_torque_sensor_broadcaster:/home/feng/rosbot_ws/install/diff_drive_controller:/home/feng/ros2_ws/install/navigation:/home/feng/ros2_ws/install/my_robot_controller:/home/feng/ros2_ws/src/install/my_robot_controller:/home/feng/rosbot_ws/install/rqt_joint_trajectory_controller:/home/feng/rosbot_ws/install/rosbot_xl_utils:/home/feng/rosbot_ws/install/rosbot_xl_gazebo:/home/feng/rosbot_ws/install/rosbot_xl_bringup:/home/feng/rosbot_ws/install/rosbot_xl_controller:/home/feng/rosbot_ws/install/ros2_controllers_test_nodes:/opt/ros/humble /usr/bin/cmake --build /home/feng/ros2_ws/build/tutorial_pkg -- -j4 -l4
[0.508s] Invoking command in '/home/feng/ros2_ws/build/tutorial_pkg': AMENT_PREFIX_PATH=/home/feng/ros2_ws/install/explore_lite:${AMENT_PREFIX_PATH} CMAKE_PREFIX_PATH=/home/feng/ros2_ws/install/explore_lite:/home/feng/ros2_ws/install/tutorial_pkg:/home/feng/rosbot_ws/install/ros2_controllers:/home/feng/rosbot_ws/install/velocity_controllers:/home/feng/rosbot_ws/install/tricycle_steering_controller:/home/feng/rosbot_ws/install/tricycle_controller:/home/feng/rosbot_ws/install/bicycle_steering_controller:/home/feng/rosbot_ws/install/ackermann_steering_controller:/home/feng/rosbot_ws/install/steering_controllers_library:/home/feng/rosbot_ws/install/rosbot_xl:/home/feng/rosbot_ws/install/rosbot_xl_description:/home/feng/rosbot_ws/install/rosbot_hardware_interfaces:/home/feng/rosbot_ws/install/ros_components_description:/home/feng/rosbot_ws/install/range_sensor_broadcaster:/home/feng/rosbot_ws/install/position_controllers:/home/feng/rosbot_ws/install/micro_ros_agent:/home/feng/rosbot_ws/install/micro_ros_msgs:/home/feng/rosbot_ws/install/mecanum_drive_controller:/home/feng/rosbot_ws/install/admittance_controller:/home/feng/rosbot_ws/install/joint_trajectory_controller:/home/feng/rosbot_ws/install/joint_state_broadcaster:/home/feng/rosbot_ws/install/imu_sensor_broadcaster:/home/feng/rosbot_ws/install/husarion_office_gz:/home/feng/rosbot_ws/install/gripper_controllers:/home/feng/rosbot_ws/install/effort_controllers:/home/feng/rosbot_ws/install/forward_command_controller:/home/feng/rosbot_ws/install/force_torque_sensor_broadcaster:/home/feng/rosbot_ws/install/diff_drive_controller:/home/feng/ros2_ws/install/navigation:/home/feng/ros2_ws/install/my_robot_controller:/home/feng/ros2_ws/src/install/my_robot_controller:/home/feng/rosbot_ws/install/rqt_joint_trajectory_controller:/home/feng/rosbot_ws/install/rosbot_xl_utils:/home/feng/rosbot_ws/install/rosbot_xl_gazebo:/home/feng/rosbot_ws/install/rosbot_xl_bringup:/home/feng/rosbot_ws/install/rosbot_xl_controller:/home/feng/rosbot_ws/install/ros2_controllers_test_nodes:/opt/ros/humble /usr/bin/cmake --install /home/feng/ros2_ws/build/tutorial_pkg
[0.521s] -- Install configuration: ""
[0.524s] -- Up-to-date: /home/feng/ros2_ws/install/tutorial_pkg/lib/tutorial_pkg/my_first_node
[0.526s] -- Up-to-date: /home/feng/ros2_ws/install/tutorial_pkg/lib/tutorial_pkg/tracker
[0.528s] -- Up-to-date: /home/feng/ros2_ws/install/tutorial_pkg/lib/tutorial_pkg/tf_broadcaster
[0.529s] -- Up-to-date: /home/feng/ros2_ws/install/tutorial_pkg/lib/tutorial_pkg/tf_listener
[0.530s] -- Up-to-date: /home/feng/ros2_ws/install/tutorial_pkg/share/tutorial_pkg/config
[0.531s] -- Up-to-date: /home/feng/ros2_ws/install/tutorial_pkg/share/tutorial_pkg/config/navigation.yaml
[0.531s] -- Up-to-date: /home/feng/ros2_ws/install/tutorial_pkg/share/tutorial_pkg/config/amcl.yaml
[0.531s] -- Up-to-date: /home/feng/ros2_ws/install/tutorial_pkg/share/tutorial_pkg/config/explore.yaml
[0.531s] -- Up-to-date: /home/feng/ros2_ws/install/tutorial_pkg/share/tutorial_pkg/config/slam.yaml
[0.531s] -- Up-to-date: /home/feng/ros2_ws/install/tutorial_pkg/share/tutorial_pkg/launch
[0.531s] -- Up-to-date: /home/feng/ros2_ws/install/tutorial_pkg/share/tutorial_pkg/launch/explore.launch.py
[0.532s] -- Up-to-date: /home/feng/ros2_ws/install/tutorial_pkg/share/tutorial_pkg/launch/amcl.launch.py
[0.532s] -- Up-to-date: /home/feng/ros2_ws/install/tutorial_pkg/share/tutorial_pkg/launch/my_launch_file.yaml
[0.532s] -- Up-to-date: /home/feng/ros2_ws/install/tutorial_pkg/share/tutorial_pkg/launch/navigation.launch.py
[0.532s] -- Up-to-date: /home/feng/ros2_ws/install/tutorial_pkg/share/tutorial_pkg/launch/my_launch_file.launch.py
[0.532s] -- Up-to-date: /home/feng/ros2_ws/install/tutorial_pkg/share/tutorial_pkg/launch/my_launch_file.xml
[0.532s] -- Up-to-date: /home/feng/ros2_ws/install/tutorial_pkg/share/tutorial_pkg/launch/slam.launch.py
[0.532s] -- Up-to-date: /home/feng/ros2_ws/install/tutorial_pkg/share/tutorial_pkg/maps
[0.532s] -- Up-to-date: /home/feng/ros2_ws/install/tutorial_pkg/share/tutorial_pkg/maps/map_serialized.data
[0.533s] -- Up-to-date: /home/feng/ros2_ws/install/tutorial_pkg/share/tutorial_pkg/maps/map_serialized.posegraph
[0.533s] -- Up-to-date: /home/feng/ros2_ws/install/tutorial_pkg/share/tutorial_pkg/maps/map.pgm
[0.533s] -- Up-to-date: /home/feng/ros2_ws/install/tutorial_pkg/share/tutorial_pkg/maps/map.yaml
[0.533s] -- Up-to-date: /home/feng/ros2_ws/install/tutorial_pkg/share/tutorial_pkg/rviz
[0.534s] -- Up-to-date: /home/feng/ros2_ws/install/tutorial_pkg/share/tutorial_pkg/rviz/explore.rviz
[0.534s] -- Up-to-date: /home/feng/ros2_ws/install/tutorial_pkg/share/tutorial_pkg/rviz/navigation.rviz
[0.534s] -- Up-to-date: /home/feng/ros2_ws/install/tutorial_pkg/share/tutorial_pkg/rviz/amcl.rviz
[0.534s] -- Up-to-date: /home/feng/ros2_ws/install/tutorial_pkg/share/tutorial_pkg/rviz/slam.rviz
[0.534s] -- Up-to-date: /home/feng/ros2_ws/install/tutorial_pkg/share/ament_index/resource_index/package_run_dependencies/tutorial_pkg
[0.536s] -- Up-to-date: /home/feng/ros2_ws/install/tutorial_pkg/share/ament_index/resource_index/parent_prefix_path/tutorial_pkg
[0.536s] -- Up-to-date: /home/feng/ros2_ws/install/tutorial_pkg/share/tutorial_pkg/environment/ament_prefix_path.sh
[0.536s] -- Up-to-date: /home/feng/ros2_ws/install/tutorial_pkg/share/tutorial_pkg/environment/ament_prefix_path.dsv
[0.536s] -- Up-to-date: /home/feng/ros2_ws/install/tutorial_pkg/share/tutorial_pkg/environment/path.sh
[0.536s] -- Up-to-date: /home/feng/ros2_ws/install/tutorial_pkg/share/tutorial_pkg/environment/path.dsv
[0.536s] -- Up-to-date: /home/feng/ros2_ws/install/tutorial_pkg/share/tutorial_pkg/local_setup.bash
[0.536s] -- Up-to-date: /home/feng/ros2_ws/install/tutorial_pkg/share/tutorial_pkg/local_setup.sh
[0.536s] -- Up-to-date: /home/feng/ros2_ws/install/tutorial_pkg/share/tutorial_pkg/local_setup.zsh
[0.537s] -- Up-to-date: /home/feng/ros2_ws/install/tutorial_pkg/share/tutorial_pkg/local_setup.dsv
[0.537s] -- Installing: /home/feng/ros2_ws/install/tutorial_pkg/share/tutorial_pkg/package.dsv
[0.537s] -- Up-to-date: /home/feng/ros2_ws/install/tutorial_pkg/share/ament_index/resource_index/packages/tutorial_pkg
[0.537s] -- Up-to-date: /home/feng/ros2_ws/install/tutorial_pkg/share/tutorial_pkg/cmake/tutorial_pkgConfig.cmake
[0.537s] -- Up-to-date: /home/feng/ros2_ws/install/tutorial_pkg/share/tutorial_pkg/cmake/tutorial_pkgConfig-version.cmake
[0.538s] -- Up-to-date: /home/feng/ros2_ws/install/tutorial_pkg/share/tutorial_pkg/package.xml
[0.541s] Invoked command in '/home/feng/ros2_ws/build/tutorial_pkg' returned '0': AMENT_PREFIX_PATH=/home/feng/ros2_ws/install/explore_lite:${AMENT_PREFIX_PATH} CMAKE_PREFIX_PATH=/home/feng/ros2_ws/install/explore_lite:/home/feng/ros2_ws/install/tutorial_pkg:/home/feng/rosbot_ws/install/ros2_controllers:/home/feng/rosbot_ws/install/velocity_controllers:/home/feng/rosbot_ws/install/tricycle_steering_controller:/home/feng/rosbot_ws/install/tricycle_controller:/home/feng/rosbot_ws/install/bicycle_steering_controller:/home/feng/rosbot_ws/install/ackermann_steering_controller:/home/feng/rosbot_ws/install/steering_controllers_library:/home/feng/rosbot_ws/install/rosbot_xl:/home/feng/rosbot_ws/install/rosbot_xl_description:/home/feng/rosbot_ws/install/rosbot_hardware_interfaces:/home/feng/rosbot_ws/install/ros_components_description:/home/feng/rosbot_ws/install/range_sensor_broadcaster:/home/feng/rosbot_ws/install/position_controllers:/home/feng/rosbot_ws/install/micro_ros_agent:/home/feng/rosbot_ws/install/micro_ros_msgs:/home/feng/rosbot_ws/install/mecanum_drive_controller:/home/feng/rosbot_ws/install/admittance_controller:/home/feng/rosbot_ws/install/joint_trajectory_controller:/home/feng/rosbot_ws/install/joint_state_broadcaster:/home/feng/rosbot_ws/install/imu_sensor_broadcaster:/home/feng/rosbot_ws/install/husarion_office_gz:/home/feng/rosbot_ws/install/gripper_controllers:/home/feng/rosbot_ws/install/effort_controllers:/home/feng/rosbot_ws/install/forward_command_controller:/home/feng/rosbot_ws/install/force_torque_sensor_broadcaster:/home/feng/rosbot_ws/install/diff_drive_controller:/home/feng/ros2_ws/install/navigation:/home/feng/ros2_ws/install/my_robot_controller:/home/feng/ros2_ws/src/install/my_robot_controller:/home/feng/rosbot_ws/install/rqt_joint_trajectory_controller:/home/feng/rosbot_ws/install/rosbot_xl_utils:/home/feng/rosbot_ws/install/rosbot_xl_gazebo:/home/feng/rosbot_ws/install/rosbot_xl_bringup:/home/feng/rosbot_ws/install/rosbot_xl_controller:/home/feng/rosbot_ws/install/ros2_controllers_test_nodes:/opt/ros/humble /usr/bin/cmake --install /home/feng/ros2_ws/build/tutorial_pkg
