[0.198s] DEBUG:colcon:Command line arguments: ['/usr/bin/colcon', 'build', '--symlink-install']
[0.198s] DEBUG:colcon:Parsed command line arguments: Namespace(log_base=None, log_level=None, verb_name='build', build_base='build', install_base='install', merge_install=False, symlink_install=True, test_result_base=None, continue_on_error=False, executor='parallel', parallel_workers=4, event_handlers=None, ignore_user_meta=False, metas=['./colcon.meta'], base_paths=['.'], packages_ignore=None, packages_ignore_regex=None, paths=None, packages_up_to=None, packages_up_to_regex=None, packages_above=None, packages_above_and_dependencies=None, packages_above_depth=None, packages_select_by_dep=None, packages_skip_by_dep=None, packages_skip_up_to=None, packages_select_build_failed=False, packages_skip_build_finished=False, packages_select_test_failures=False, packages_skip_test_passed=False, packages_select=None, packages_skip=None, packages_select_regex=None, packages_skip_regex=None, packages_start=None, packages_end=None, allow_overriding=[], cmake_args=None, cmake_target=None, cmake_target_skip_unavailable=False, cmake_clean_cache=False, cmake_clean_first=False, cmake_force_configure=False, ament_cmake_args=None, catkin_cmake_args=None, catkin_skip_building_tests=False, verb_parser=<colcon_defaults.argument_parser.defaults.DefaultArgumentsDecorator object at 0xffffa6583d30>, verb_extension=<colcon_core.verb.build.BuildVerb object at 0xffffa6583820>, main=<bound method BuildVerb.main of <colcon_core.verb.build.BuildVerb object at 0xffffa6583820>>)
[0.483s] Level 1:colcon.colcon_core.package_discovery:discover_packages(colcon_meta) check parameters
[0.483s] Level 1:colcon.colcon_core.package_discovery:discover_packages(recursive) check parameters
[0.483s] Level 1:colcon.colcon_core.package_discovery:discover_packages(ignore) check parameters
[0.483s] Level 1:colcon.colcon_core.package_discovery:discover_packages(path) check parameters
[0.483s] Level 1:colcon.colcon_core.package_discovery:discover_packages(colcon_meta) discover
[0.483s] Level 1:colcon.colcon_core.package_discovery:discover_packages(recursive) discover
[0.483s] INFO:colcon.colcon_core.package_discovery:Crawling recursively for packages in '/home/feng/ros2_ws'
[0.483s] Level 1:colcon.colcon_core.package_identification:_identify(.) by extensions ['ignore', 'ignore_ament_install']
[0.483s] Level 1:colcon.colcon_core.package_identification:_identify(.) by extension 'ignore'
[0.484s] Level 1:colcon.colcon_core.package_identification:_identify(.) by extension 'ignore_ament_install'
[0.484s] Level 1:colcon.colcon_core.package_identification:_identify(.) by extensions ['colcon_pkg']
[0.484s] Level 1:colcon.colcon_core.package_identification:_identify(.) by extension 'colcon_pkg'
[0.484s] Level 1:colcon.colcon_core.package_identification:_identify(.) by extensions ['colcon_meta']
[0.484s] Level 1:colcon.colcon_core.package_identification:_identify(.) by extension 'colcon_meta'
[0.484s] Level 1:colcon.colcon_core.package_identification:_identify(.) by extensions ['ros']
[0.484s] Level 1:colcon.colcon_core.package_identification:_identify(.) by extension 'ros'
[0.503s] Level 1:colcon.colcon_core.package_identification:_identify(.) by extensions ['cmake', 'python']
[0.504s] Level 1:colcon.colcon_core.package_identification:_identify(.) by extension 'cmake'
[0.504s] Level 1:colcon.colcon_core.package_identification:_identify(.) by extension 'python'
[0.504s] Level 1:colcon.colcon_core.package_identification:_identify(.) by extensions ['python_setup_py']
[0.504s] Level 1:colcon.colcon_core.package_identification:_identify(.) by extension 'python_setup_py'
[0.504s] Level 1:colcon.colcon_core.package_identification:_identify(build) by extensions ['ignore', 'ignore_ament_install']
[0.504s] Level 1:colcon.colcon_core.package_identification:_identify(build) by extension 'ignore'
[0.504s] Level 1:colcon.colcon_core.package_identification:_identify(build) ignored
[0.504s] Level 1:colcon.colcon_core.package_identification:_identify(install) by extensions ['ignore', 'ignore_ament_install']
[0.504s] Level 1:colcon.colcon_core.package_identification:_identify(install) by extension 'ignore'
[0.504s] Level 1:colcon.colcon_core.package_identification:_identify(install) ignored
[0.504s] Level 1:colcon.colcon_core.package_identification:_identify(log) by extensions ['ignore', 'ignore_ament_install']
[0.505s] Level 1:colcon.colcon_core.package_identification:_identify(log) by extension 'ignore'
[0.505s] Level 1:colcon.colcon_core.package_identification:_identify(log) ignored
[0.505s] Level 1:colcon.colcon_core.package_identification:_identify(src) by extensions ['ignore', 'ignore_ament_install']
[0.505s] Level 1:colcon.colcon_core.package_identification:_identify(src) by extension 'ignore'
[0.505s] Level 1:colcon.colcon_core.package_identification:_identify(src) by extension 'ignore_ament_install'
[0.505s] Level 1:colcon.colcon_core.package_identification:_identify(src) by extensions ['colcon_pkg']
[0.505s] Level 1:colcon.colcon_core.package_identification:_identify(src) by extension 'colcon_pkg'
[0.505s] Level 1:colcon.colcon_core.package_identification:_identify(src) by extensions ['colcon_meta']
[0.505s] Level 1:colcon.colcon_core.package_identification:_identify(src) by extension 'colcon_meta'
[0.505s] Level 1:colcon.colcon_core.package_identification:_identify(src) by extensions ['ros']
[0.505s] Level 1:colcon.colcon_core.package_identification:_identify(src) by extension 'ros'
[0.505s] Level 1:colcon.colcon_core.package_identification:_identify(src) by extensions ['cmake', 'python']
[0.505s] Level 1:colcon.colcon_core.package_identification:_identify(src) by extension 'cmake'
[0.505s] Level 1:colcon.colcon_core.package_identification:_identify(src) by extension 'python'
[0.505s] Level 1:colcon.colcon_core.package_identification:_identify(src) by extensions ['python_setup_py']
[0.505s] Level 1:colcon.colcon_core.package_identification:_identify(src) by extension 'python_setup_py'
[0.505s] Level 1:colcon.colcon_core.package_identification:_identify(src/build) by extensions ['ignore', 'ignore_ament_install']
[0.505s] Level 1:colcon.colcon_core.package_identification:_identify(src/build) by extension 'ignore'
[0.506s] Level 1:colcon.colcon_core.package_identification:_identify(src/build) ignored
[0.506s] Level 1:colcon.colcon_core.package_identification:_identify(src/install) by extensions ['ignore', 'ignore_ament_install']
[0.506s] Level 1:colcon.colcon_core.package_identification:_identify(src/install) by extension 'ignore'
[0.506s] Level 1:colcon.colcon_core.package_identification:_identify(src/install) ignored
[0.506s] Level 1:colcon.colcon_core.package_identification:_identify(src/log) by extensions ['ignore', 'ignore_ament_install']
[0.506s] Level 1:colcon.colcon_core.package_identification:_identify(src/log) by extension 'ignore'
[0.506s] Level 1:colcon.colcon_core.package_identification:_identify(src/log) ignored
[0.506s] Level 1:colcon.colcon_core.package_identification:_identify(src/m-explore-ros2) by extensions ['ignore', 'ignore_ament_install']
[0.506s] Level 1:colcon.colcon_core.package_identification:_identify(src/m-explore-ros2) by extension 'ignore'
[0.506s] Level 1:colcon.colcon_core.package_identification:_identify(src/m-explore-ros2) by extension 'ignore_ament_install'
[0.506s] Level 1:colcon.colcon_core.package_identification:_identify(src/m-explore-ros2) by extensions ['colcon_pkg']
[0.506s] Level 1:colcon.colcon_core.package_identification:_identify(src/m-explore-ros2) by extension 'colcon_pkg'
[0.506s] Level 1:colcon.colcon_core.package_identification:_identify(src/m-explore-ros2) by extensions ['colcon_meta']
[0.506s] Level 1:colcon.colcon_core.package_identification:_identify(src/m-explore-ros2) by extension 'colcon_meta'
[0.506s] Level 1:colcon.colcon_core.package_identification:_identify(src/m-explore-ros2) by extensions ['ros']
[0.506s] Level 1:colcon.colcon_core.package_identification:_identify(src/m-explore-ros2) by extension 'ros'
[0.506s] Level 1:colcon.colcon_core.package_identification:_identify(src/m-explore-ros2) by extensions ['cmake', 'python']
[0.506s] Level 1:colcon.colcon_core.package_identification:_identify(src/m-explore-ros2) by extension 'cmake'
[0.507s] Level 1:colcon.colcon_core.package_identification:_identify(src/m-explore-ros2) by extension 'python'
[0.507s] Level 1:colcon.colcon_core.package_identification:_identify(src/m-explore-ros2) by extensions ['python_setup_py']
[0.507s] Level 1:colcon.colcon_core.package_identification:_identify(src/m-explore-ros2) by extension 'python_setup_py'
[0.507s] Level 1:colcon.colcon_core.package_identification:_identify(src/m-explore-ros2/explore) by extensions ['ignore', 'ignore_ament_install']
[0.507s] Level 1:colcon.colcon_core.package_identification:_identify(src/m-explore-ros2/explore) by extension 'ignore'
[0.507s] Level 1:colcon.colcon_core.package_identification:_identify(src/m-explore-ros2/explore) by extension 'ignore_ament_install'
[0.507s] Level 1:colcon.colcon_core.package_identification:_identify(src/m-explore-ros2/explore) by extensions ['colcon_pkg']
[0.507s] Level 1:colcon.colcon_core.package_identification:_identify(src/m-explore-ros2/explore) by extension 'colcon_pkg'
[0.507s] Level 1:colcon.colcon_core.package_identification:_identify(src/m-explore-ros2/explore) by extensions ['colcon_meta']
[0.507s] Level 1:colcon.colcon_core.package_identification:_identify(src/m-explore-ros2/explore) by extension 'colcon_meta'
[0.507s] Level 1:colcon.colcon_core.package_identification:_identify(src/m-explore-ros2/explore) by extensions ['ros']
[0.507s] Level 1:colcon.colcon_core.package_identification:_identify(src/m-explore-ros2/explore) by extension 'ros'
[0.513s] DEBUG:colcon.colcon_core.package_identification:Package 'src/m-explore-ros2/explore' with type 'ros.ament_cmake' and name 'explore_lite'
[0.513s] Level 1:colcon.colcon_core.package_identification:_identify(src/m-explore-ros2/map_merge) by extensions ['ignore', 'ignore_ament_install']
[0.513s] Level 1:colcon.colcon_core.package_identification:_identify(src/m-explore-ros2/map_merge) by extension 'ignore'
[0.513s] Level 1:colcon.colcon_core.package_identification:_identify(src/m-explore-ros2/map_merge) by extension 'ignore_ament_install'
[0.513s] Level 1:colcon.colcon_core.package_identification:_identify(src/m-explore-ros2/map_merge) by extensions ['colcon_pkg']
[0.513s] Level 1:colcon.colcon_core.package_identification:_identify(src/m-explore-ros2/map_merge) by extension 'colcon_pkg'
[0.513s] Level 1:colcon.colcon_core.package_identification:_identify(src/m-explore-ros2/map_merge) by extensions ['colcon_meta']
[0.514s] Level 1:colcon.colcon_core.package_identification:_identify(src/m-explore-ros2/map_merge) by extension 'colcon_meta'
[0.514s] Level 1:colcon.colcon_core.package_identification:_identify(src/m-explore-ros2/map_merge) by extensions ['ros']
[0.514s] Level 1:colcon.colcon_core.package_identification:_identify(src/m-explore-ros2/map_merge) by extension 'ros'
[0.514s] Level 1:colcon.colcon_core.package_identification:_identify(src/m-explore-ros2/map_merge) ignored
[0.514s] Level 1:colcon.colcon_core.package_identification:_identify(src/tutorial_pkg) by extensions ['ignore', 'ignore_ament_install']
[0.514s] Level 1:colcon.colcon_core.package_identification:_identify(src/tutorial_pkg) by extension 'ignore'
[0.514s] Level 1:colcon.colcon_core.package_identification:_identify(src/tutorial_pkg) by extension 'ignore_ament_install'
[0.514s] Level 1:colcon.colcon_core.package_identification:_identify(src/tutorial_pkg) by extensions ['colcon_pkg']
[0.514s] Level 1:colcon.colcon_core.package_identification:_identify(src/tutorial_pkg) by extension 'colcon_pkg'
[0.514s] Level 1:colcon.colcon_core.package_identification:_identify(src/tutorial_pkg) by extensions ['colcon_meta']
[0.514s] Level 1:colcon.colcon_core.package_identification:_identify(src/tutorial_pkg) by extension 'colcon_meta'
[0.514s] Level 1:colcon.colcon_core.package_identification:_identify(src/tutorial_pkg) by extensions ['ros']
[0.514s] Level 1:colcon.colcon_core.package_identification:_identify(src/tutorial_pkg) by extension 'ros'
[0.516s] DEBUG:colcon.colcon_core.package_identification:Package 'src/tutorial_pkg' with type 'ros.ament_cmake' and name 'tutorial_pkg'
[0.516s] Level 1:colcon.colcon_core.package_discovery:discover_packages(recursive) using defaults
[0.516s] Level 1:colcon.colcon_core.package_discovery:discover_packages(ignore) discover
[0.516s] Level 1:colcon.colcon_core.package_discovery:discover_packages(ignore) using defaults
[0.516s] Level 1:colcon.colcon_core.package_discovery:discover_packages(path) discover
[0.516s] Level 1:colcon.colcon_core.package_discovery:discover_packages(path) using defaults
[0.563s] Level 1:colcon.colcon_core.package_discovery:discover_packages(prefix_path) check parameters
[0.563s] Level 1:colcon.colcon_core.package_discovery:discover_packages(prefix_path) discover
[0.571s] DEBUG:colcon.colcon_installed_package_information.package_discovery:Found 5 installed packages in /home/feng/ros2_ws/install
[0.572s] DEBUG:colcon.colcon_installed_package_information.package_discovery:Found 1 installed packages in /home/feng/ros2_ws/src/install
[0.572s] DEBUG:colcon.colcon_installed_package_information.package_discovery:Found 2 installed packages in /home/feng/aiil_workspace/humble_workspace/install
[0.574s] DEBUG:colcon.colcon_installed_package_information.package_discovery:Found 32 installed packages in /home/feng/rosbot_ws/install
[0.577s] DEBUG:colcon.colcon_installed_package_information.package_discovery:Found 397 installed packages in /opt/ros/humble
[0.580s] Level 1:colcon.colcon_core.package_discovery:discover_packages(prefix_path) using defaults
[0.760s] Level 5:colcon.colcon_core.verb:set package 'explore_lite' build argument 'cmake_args' from command line to 'None'
[0.760s] Level 5:colcon.colcon_core.verb:set package 'explore_lite' build argument 'cmake_target' from command line to 'None'
[0.760s] Level 5:colcon.colcon_core.verb:set package 'explore_lite' build argument 'cmake_target_skip_unavailable' from command line to 'False'
[0.760s] Level 5:colcon.colcon_core.verb:set package 'explore_lite' build argument 'cmake_clean_cache' from command line to 'False'
[0.760s] Level 5:colcon.colcon_core.verb:set package 'explore_lite' build argument 'cmake_clean_first' from command line to 'False'
[0.760s] Level 5:colcon.colcon_core.verb:set package 'explore_lite' build argument 'cmake_force_configure' from command line to 'False'
[0.760s] Level 5:colcon.colcon_core.verb:set package 'explore_lite' build argument 'ament_cmake_args' from command line to 'None'
[0.760s] Level 5:colcon.colcon_core.verb:set package 'explore_lite' build argument 'catkin_cmake_args' from command line to 'None'
[0.760s] Level 5:colcon.colcon_core.verb:set package 'explore_lite' build argument 'catkin_skip_building_tests' from command line to 'False'
[0.760s] DEBUG:colcon.colcon_core.verb:Building package 'explore_lite' with the following arguments: {'ament_cmake_args': None, 'build_base': '/home/feng/ros2_ws/build/explore_lite', 'catkin_cmake_args': None, 'catkin_skip_building_tests': False, 'cmake_args': None, 'cmake_clean_cache': False, 'cmake_clean_first': False, 'cmake_force_configure': False, 'cmake_target': None, 'cmake_target_skip_unavailable': False, 'install_base': '/home/feng/ros2_ws/install/explore_lite', 'merge_install': False, 'path': '/home/feng/ros2_ws/src/m-explore-ros2/explore', 'symlink_install': True, 'test_result_base': None}
[0.761s] Level 5:colcon.colcon_core.verb:set package 'tutorial_pkg' build argument 'cmake_args' from command line to 'None'
[0.761s] Level 5:colcon.colcon_core.verb:set package 'tutorial_pkg' build argument 'cmake_target' from command line to 'None'
[0.761s] Level 5:colcon.colcon_core.verb:set package 'tutorial_pkg' build argument 'cmake_target_skip_unavailable' from command line to 'False'
[0.761s] Level 5:colcon.colcon_core.verb:set package 'tutorial_pkg' build argument 'cmake_clean_cache' from command line to 'False'
[0.761s] Level 5:colcon.colcon_core.verb:set package 'tutorial_pkg' build argument 'cmake_clean_first' from command line to 'False'
[0.761s] Level 5:colcon.colcon_core.verb:set package 'tutorial_pkg' build argument 'cmake_force_configure' from command line to 'False'
[0.761s] Level 5:colcon.colcon_core.verb:set package 'tutorial_pkg' build argument 'ament_cmake_args' from command line to 'None'
[0.761s] Level 5:colcon.colcon_core.verb:set package 'tutorial_pkg' build argument 'catkin_cmake_args' from command line to 'None'
[0.761s] Level 5:colcon.colcon_core.verb:set package 'tutorial_pkg' build argument 'catkin_skip_building_tests' from command line to 'False'
[0.761s] DEBUG:colcon.colcon_core.verb:Building package 'tutorial_pkg' with the following arguments: {'ament_cmake_args': None, 'build_base': '/home/feng/ros2_ws/build/tutorial_pkg', 'catkin_cmake_args': None, 'catkin_skip_building_tests': False, 'cmake_args': None, 'cmake_clean_cache': False, 'cmake_clean_first': False, 'cmake_force_configure': False, 'cmake_target': None, 'cmake_target_skip_unavailable': False, 'install_base': '/home/feng/ros2_ws/install/tutorial_pkg', 'merge_install': False, 'path': '/home/feng/ros2_ws/src/tutorial_pkg', 'symlink_install': True, 'test_result_base': None}
[0.761s] INFO:colcon.colcon_core.executor:Executing jobs using 'parallel' executor
[0.763s] DEBUG:colcon.colcon_parallel_executor.executor.parallel:run_until_complete
[0.763s] INFO:colcon.colcon_ros.task.ament_cmake.build:Building ROS package in '/home/feng/ros2_ws/src/m-explore-ros2/explore' with build type 'ament_cmake'
[0.763s] INFO:colcon.colcon_cmake.task.cmake.build:Building CMake package in '/home/feng/ros2_ws/src/m-explore-ros2/explore'
[0.773s] INFO:colcon.colcon_core.plugin_system:Skipping extension 'colcon_core.shell.bat': Not used on non-Windows systems
[0.774s] INFO:colcon.colcon_core.shell:Skip shell extension 'powershell' for command environment: Not usable outside of PowerShell
[0.774s] DEBUG:colcon.colcon_core.shell:Skip shell extension 'dsv' for command environment
[0.818s] DEBUG:colcon.colcon_core.event_handler.log_command:Invoking command in '/home/feng/ros2_ws/build/explore_lite': CMAKE_PREFIX_PATH=${CMAKE_PREFIX_PATH}:/home/feng/ros2_ws/install/navigation:/home/feng/ros2_ws/install/my_robot_controller:/home/feng/ros2_ws/src/install/my_robot_controller:/home/feng/rosbot_ws/install/rqt_joint_trajectory_controller:/home/feng/rosbot_ws/install/rosbot_xl_utils:/home/feng/rosbot_ws/install/rosbot_xl_gazebo:/home/feng/rosbot_ws/install/rosbot_xl_bringup:/home/feng/rosbot_ws/install/rosbot_xl_controller:/home/feng/rosbot_ws/install/ros2_controllers_test_nodes:/opt/ros/humble /usr/bin/cmake /home/feng/ros2_ws/src/m-explore-ros2/explore -DAMENT_CMAKE_SYMLINK_INSTALL=1 -DCMAKE_INSTALL_PREFIX=/home/feng/ros2_ws/install/explore_lite
[8.567s] DEBUG:colcon.colcon_core.event_handler.log_command:Invoked command in '/home/feng/ros2_ws/build/explore_lite' returned '0': CMAKE_PREFIX_PATH=${CMAKE_PREFIX_PATH}:/home/feng/ros2_ws/install/navigation:/home/feng/ros2_ws/install/my_robot_controller:/home/feng/ros2_ws/src/install/my_robot_controller:/home/feng/rosbot_ws/install/rqt_joint_trajectory_controller:/home/feng/rosbot_ws/install/rosbot_xl_utils:/home/feng/rosbot_ws/install/rosbot_xl_gazebo:/home/feng/rosbot_ws/install/rosbot_xl_bringup:/home/feng/rosbot_ws/install/rosbot_xl_controller:/home/feng/rosbot_ws/install/ros2_controllers_test_nodes:/opt/ros/humble /usr/bin/cmake /home/feng/ros2_ws/src/m-explore-ros2/explore -DAMENT_CMAKE_SYMLINK_INSTALL=1 -DCMAKE_INSTALL_PREFIX=/home/feng/ros2_ws/install/explore_lite
[8.572s] DEBUG:colcon.colcon_core.event_handler.log_command:Invoking command in '/home/feng/ros2_ws/build/explore_lite': CMAKE_PREFIX_PATH=${CMAKE_PREFIX_PATH}:/home/feng/ros2_ws/install/navigation:/home/feng/ros2_ws/install/my_robot_controller:/home/feng/ros2_ws/src/install/my_robot_controller:/home/feng/rosbot_ws/install/rqt_joint_trajectory_controller:/home/feng/rosbot_ws/install/rosbot_xl_utils:/home/feng/rosbot_ws/install/rosbot_xl_gazebo:/home/feng/rosbot_ws/install/rosbot_xl_bringup:/home/feng/rosbot_ws/install/rosbot_xl_controller:/home/feng/rosbot_ws/install/ros2_controllers_test_nodes:/opt/ros/humble /usr/bin/cmake --build /home/feng/ros2_ws/build/explore_lite -- -j4 -l4
[31.163s] DEBUG:colcon.colcon_core.event_handler.log_command:Invoked command in '/home/feng/ros2_ws/build/explore_lite' returned '0': CMAKE_PREFIX_PATH=${CMAKE_PREFIX_PATH}:/home/feng/ros2_ws/install/navigation:/home/feng/ros2_ws/install/my_robot_controller:/home/feng/ros2_ws/src/install/my_robot_controller:/home/feng/rosbot_ws/install/rqt_joint_trajectory_controller:/home/feng/rosbot_ws/install/rosbot_xl_utils:/home/feng/rosbot_ws/install/rosbot_xl_gazebo:/home/feng/rosbot_ws/install/rosbot_xl_bringup:/home/feng/rosbot_ws/install/rosbot_xl_controller:/home/feng/rosbot_ws/install/ros2_controllers_test_nodes:/opt/ros/humble /usr/bin/cmake --build /home/feng/ros2_ws/build/explore_lite -- -j4 -l4
[31.252s] DEBUG:colcon.colcon_core.event_handler.log_command:Invoking command in '/home/feng/ros2_ws/build/explore_lite': CMAKE_PREFIX_PATH=${CMAKE_PREFIX_PATH}:/home/feng/ros2_ws/install/navigation:/home/feng/ros2_ws/install/my_robot_controller:/home/feng/ros2_ws/src/install/my_robot_controller:/home/feng/rosbot_ws/install/rqt_joint_trajectory_controller:/home/feng/rosbot_ws/install/rosbot_xl_utils:/home/feng/rosbot_ws/install/rosbot_xl_gazebo:/home/feng/rosbot_ws/install/rosbot_xl_bringup:/home/feng/rosbot_ws/install/rosbot_xl_controller:/home/feng/rosbot_ws/install/ros2_controllers_test_nodes:/opt/ros/humble /usr/bin/cmake --install /home/feng/ros2_ws/build/explore_lite
[31.636s] Level 1:colcon.colcon_core.environment:create_environment_scripts_only(explore_lite)
[31.638s] DEBUG:colcon.colcon_core.event_handler.log_command:Invoked command in '/home/feng/ros2_ws/build/explore_lite' returned '0': CMAKE_PREFIX_PATH=${CMAKE_PREFIX_PATH}:/home/feng/ros2_ws/install/navigation:/home/feng/ros2_ws/install/my_robot_controller:/home/feng/ros2_ws/src/install/my_robot_controller:/home/feng/rosbot_ws/install/rqt_joint_trajectory_controller:/home/feng/rosbot_ws/install/rosbot_xl_utils:/home/feng/rosbot_ws/install/rosbot_xl_gazebo:/home/feng/rosbot_ws/install/rosbot_xl_bringup:/home/feng/rosbot_ws/install/rosbot_xl_controller:/home/feng/rosbot_ws/install/ros2_controllers_test_nodes:/opt/ros/humble /usr/bin/cmake --install /home/feng/ros2_ws/build/explore_lite
[31.658s] Level 1:colcon.colcon_core.environment:checking '/home/feng/ros2_ws/install/explore_lite' for CMake module files
[31.659s] Level 1:colcon.colcon_core.environment:checking '/home/feng/ros2_ws/install/explore_lite' for CMake config files
[31.660s] Level 1:colcon.colcon_core.shell:create_environment_hook('explore_lite', 'cmake_prefix_path')
[31.660s] INFO:colcon.colcon_core.shell:Creating environment hook '/home/feng/ros2_ws/install/explore_lite/share/explore_lite/hook/cmake_prefix_path.ps1'
[31.662s] INFO:colcon.colcon_core.shell:Creating environment descriptor '/home/feng/ros2_ws/install/explore_lite/share/explore_lite/hook/cmake_prefix_path.dsv'
[31.662s] INFO:colcon.colcon_core.shell:Creating environment hook '/home/feng/ros2_ws/install/explore_lite/share/explore_lite/hook/cmake_prefix_path.sh'
[31.664s] Level 1:colcon.colcon_core.environment:checking '/home/feng/ros2_ws/install/explore_lite/lib'
[31.665s] Level 1:colcon.colcon_core.environment:checking '/home/feng/ros2_ws/install/explore_lite/bin'
[31.665s] Level 1:colcon.colcon_core.environment:checking '/home/feng/ros2_ws/install/explore_lite/lib/pkgconfig/explore_lite.pc'
[31.665s] Level 1:colcon.colcon_core.environment:checking '/home/feng/ros2_ws/install/explore_lite/lib/python3.10/site-packages'
[31.665s] Level 1:colcon.colcon_core.environment:checking '/home/feng/ros2_ws/install/explore_lite/bin'
[31.666s] INFO:colcon.colcon_core.shell:Creating package script '/home/feng/ros2_ws/install/explore_lite/share/explore_lite/package.ps1'
[31.668s] INFO:colcon.colcon_core.shell:Creating package descriptor '/home/feng/ros2_ws/install/explore_lite/share/explore_lite/package.dsv'
[31.668s] INFO:colcon.colcon_core.shell:Creating package script '/home/feng/ros2_ws/install/explore_lite/share/explore_lite/package.sh'
[31.669s] INFO:colcon.colcon_core.shell:Creating package script '/home/feng/ros2_ws/install/explore_lite/share/explore_lite/package.bash'
[31.671s] INFO:colcon.colcon_core.shell:Creating package script '/home/feng/ros2_ws/install/explore_lite/share/explore_lite/package.zsh'
[31.672s] Level 1:colcon.colcon_core.environment:create_file_with_runtime_dependencies(/home/feng/ros2_ws/install/explore_lite/share/colcon-core/packages/explore_lite)
[31.752s] Level 1:colcon.colcon_core.environment:create_environment_scripts_only(explore_lite)
[31.753s] Level 1:colcon.colcon_core.environment:checking '/home/feng/ros2_ws/install/explore_lite' for CMake module files
[31.753s] Level 1:colcon.colcon_core.environment:checking '/home/feng/ros2_ws/install/explore_lite' for CMake config files
[31.754s] Level 1:colcon.colcon_core.shell:create_environment_hook('explore_lite', 'cmake_prefix_path')
[31.755s] INFO:colcon.colcon_core.shell:Creating environment hook '/home/feng/ros2_ws/install/explore_lite/share/explore_lite/hook/cmake_prefix_path.ps1'
[31.756s] INFO:colcon.colcon_core.shell:Creating environment descriptor '/home/feng/ros2_ws/install/explore_lite/share/explore_lite/hook/cmake_prefix_path.dsv'
[31.757s] INFO:colcon.colcon_core.shell:Creating environment hook '/home/feng/ros2_ws/install/explore_lite/share/explore_lite/hook/cmake_prefix_path.sh'
[31.758s] Level 1:colcon.colcon_core.environment:checking '/home/feng/ros2_ws/install/explore_lite/lib'
[31.758s] Level 1:colcon.colcon_core.environment:checking '/home/feng/ros2_ws/install/explore_lite/bin'
[31.758s] Level 1:colcon.colcon_core.environment:checking '/home/feng/ros2_ws/install/explore_lite/lib/pkgconfig/explore_lite.pc'
[31.758s] Level 1:colcon.colcon_core.environment:checking '/home/feng/ros2_ws/install/explore_lite/lib/python3.10/site-packages'
[31.759s] Level 1:colcon.colcon_core.environment:checking '/home/feng/ros2_ws/install/explore_lite/bin'
[31.759s] INFO:colcon.colcon_core.shell:Creating package script '/home/feng/ros2_ws/install/explore_lite/share/explore_lite/package.ps1'
[31.760s] INFO:colcon.colcon_core.shell:Creating package descriptor '/home/feng/ros2_ws/install/explore_lite/share/explore_lite/package.dsv'
[31.760s] INFO:colcon.colcon_core.shell:Creating package script '/home/feng/ros2_ws/install/explore_lite/share/explore_lite/package.sh'
[31.761s] INFO:colcon.colcon_core.shell:Creating package script '/home/feng/ros2_ws/install/explore_lite/share/explore_lite/package.bash'
[31.762s] INFO:colcon.colcon_core.shell:Creating package script '/home/feng/ros2_ws/install/explore_lite/share/explore_lite/package.zsh'
[31.762s] Level 1:colcon.colcon_core.environment:create_file_with_runtime_dependencies(/home/feng/ros2_ws/install/explore_lite/share/colcon-core/packages/explore_lite)
[31.770s] INFO:colcon.colcon_ros.task.ament_cmake.build:Building ROS package in '/home/feng/ros2_ws/src/tutorial_pkg' with build type 'ament_cmake'
[31.770s] INFO:colcon.colcon_cmake.task.cmake.build:Building CMake package in '/home/feng/ros2_ws/src/tutorial_pkg'
[31.771s] INFO:colcon.colcon_core.shell:Skip shell extension 'powershell' for command environment: Not usable outside of PowerShell
[31.771s] DEBUG:colcon.colcon_core.shell:Skip shell extension 'dsv' for command environment
[31.833s] DEBUG:colcon.colcon_core.event_handler.log_command:Invoking command in '/home/feng/ros2_ws/build/tutorial_pkg': AMENT_PREFIX_PATH=/home/feng/ros2_ws/install/explore_lite:${AMENT_PREFIX_PATH} CMAKE_PREFIX_PATH=/home/feng/ros2_ws/install/explore_lite:/home/feng/ros2_ws/install/tutorial_pkg:/home/feng/rosbot_ws/install/ros2_controllers:/home/feng/rosbot_ws/install/velocity_controllers:/home/feng/rosbot_ws/install/tricycle_steering_controller:/home/feng/rosbot_ws/install/tricycle_controller:/home/feng/rosbot_ws/install/bicycle_steering_controller:/home/feng/rosbot_ws/install/ackermann_steering_controller:/home/feng/rosbot_ws/install/steering_controllers_library:/home/feng/rosbot_ws/install/rosbot_xl:/home/feng/rosbot_ws/install/rosbot_xl_description:/home/feng/rosbot_ws/install/rosbot_hardware_interfaces:/home/feng/rosbot_ws/install/ros_components_description:/home/feng/rosbot_ws/install/range_sensor_broadcaster:/home/feng/rosbot_ws/install/position_controllers:/home/feng/rosbot_ws/install/micro_ros_agent:/home/feng/rosbot_ws/install/micro_ros_msgs:/home/feng/rosbot_ws/install/mecanum_drive_controller:/home/feng/rosbot_ws/install/admittance_controller:/home/feng/rosbot_ws/install/joint_trajectory_controller:/home/feng/rosbot_ws/install/joint_state_broadcaster:/home/feng/rosbot_ws/install/imu_sensor_broadcaster:/home/feng/rosbot_ws/install/husarion_office_gz:/home/feng/rosbot_ws/install/gripper_controllers:/home/feng/rosbot_ws/install/effort_controllers:/home/feng/rosbot_ws/install/forward_command_controller:/home/feng/rosbot_ws/install/force_torque_sensor_broadcaster:/home/feng/rosbot_ws/install/diff_drive_controller:/home/feng/ros2_ws/install/navigation:/home/feng/ros2_ws/install/my_robot_controller:/home/feng/ros2_ws/src/install/my_robot_controller:/home/feng/rosbot_ws/install/rqt_joint_trajectory_controller:/home/feng/rosbot_ws/install/rosbot_xl_utils:/home/feng/rosbot_ws/install/rosbot_xl_gazebo:/home/feng/rosbot_ws/install/rosbot_xl_bringup:/home/feng/rosbot_ws/install/rosbot_xl_controller:/home/feng/rosbot_ws/install/ros2_controllers_test_nodes:/opt/ros/humble /usr/bin/cmake /home/feng/ros2_ws/src/tutorial_pkg -DAMENT_CMAKE_SYMLINK_INSTALL=1 -DCMAKE_INSTALL_PREFIX=/home/feng/ros2_ws/install/tutorial_pkg
[34.190s] DEBUG:colcon.colcon_core.event_handler.log_command:Invoked command in '/home/feng/ros2_ws/build/tutorial_pkg' returned '0': AMENT_PREFIX_PATH=/home/feng/ros2_ws/install/explore_lite:${AMENT_PREFIX_PATH} CMAKE_PREFIX_PATH=/home/feng/ros2_ws/install/explore_lite:/home/feng/ros2_ws/install/tutorial_pkg:/home/feng/rosbot_ws/install/ros2_controllers:/home/feng/rosbot_ws/install/velocity_controllers:/home/feng/rosbot_ws/install/tricycle_steering_controller:/home/feng/rosbot_ws/install/tricycle_controller:/home/feng/rosbot_ws/install/bicycle_steering_controller:/home/feng/rosbot_ws/install/ackermann_steering_controller:/home/feng/rosbot_ws/install/steering_controllers_library:/home/feng/rosbot_ws/install/rosbot_xl:/home/feng/rosbot_ws/install/rosbot_xl_description:/home/feng/rosbot_ws/install/rosbot_hardware_interfaces:/home/feng/rosbot_ws/install/ros_components_description:/home/feng/rosbot_ws/install/range_sensor_broadcaster:/home/feng/rosbot_ws/install/position_controllers:/home/feng/rosbot_ws/install/micro_ros_agent:/home/feng/rosbot_ws/install/micro_ros_msgs:/home/feng/rosbot_ws/install/mecanum_drive_controller:/home/feng/rosbot_ws/install/admittance_controller:/home/feng/rosbot_ws/install/joint_trajectory_controller:/home/feng/rosbot_ws/install/joint_state_broadcaster:/home/feng/rosbot_ws/install/imu_sensor_broadcaster:/home/feng/rosbot_ws/install/husarion_office_gz:/home/feng/rosbot_ws/install/gripper_controllers:/home/feng/rosbot_ws/install/effort_controllers:/home/feng/rosbot_ws/install/forward_command_controller:/home/feng/rosbot_ws/install/force_torque_sensor_broadcaster:/home/feng/rosbot_ws/install/diff_drive_controller:/home/feng/ros2_ws/install/navigation:/home/feng/ros2_ws/install/my_robot_controller:/home/feng/ros2_ws/src/install/my_robot_controller:/home/feng/rosbot_ws/install/rqt_joint_trajectory_controller:/home/feng/rosbot_ws/install/rosbot_xl_utils:/home/feng/rosbot_ws/install/rosbot_xl_gazebo:/home/feng/rosbot_ws/install/rosbot_xl_bringup:/home/feng/rosbot_ws/install/rosbot_xl_controller:/home/feng/rosbot_ws/install/ros2_controllers_test_nodes:/opt/ros/humble /usr/bin/cmake /home/feng/ros2_ws/src/tutorial_pkg -DAMENT_CMAKE_SYMLINK_INSTALL=1 -DCMAKE_INSTALL_PREFIX=/home/feng/ros2_ws/install/tutorial_pkg
[34.193s] DEBUG:colcon.colcon_core.event_handler.log_command:Invoking command in '/home/feng/ros2_ws/build/tutorial_pkg': AMENT_PREFIX_PATH=/home/feng/ros2_ws/install/explore_lite:${AMENT_PREFIX_PATH} CMAKE_PREFIX_PATH=/home/feng/ros2_ws/install/explore_lite:/home/feng/ros2_ws/install/tutorial_pkg:/home/feng/rosbot_ws/install/ros2_controllers:/home/feng/rosbot_ws/install/velocity_controllers:/home/feng/rosbot_ws/install/tricycle_steering_controller:/home/feng/rosbot_ws/install/tricycle_controller:/home/feng/rosbot_ws/install/bicycle_steering_controller:/home/feng/rosbot_ws/install/ackermann_steering_controller:/home/feng/rosbot_ws/install/steering_controllers_library:/home/feng/rosbot_ws/install/rosbot_xl:/home/feng/rosbot_ws/install/rosbot_xl_description:/home/feng/rosbot_ws/install/rosbot_hardware_interfaces:/home/feng/rosbot_ws/install/ros_components_description:/home/feng/rosbot_ws/install/range_sensor_broadcaster:/home/feng/rosbot_ws/install/position_controllers:/home/feng/rosbot_ws/install/micro_ros_agent:/home/feng/rosbot_ws/install/micro_ros_msgs:/home/feng/rosbot_ws/install/mecanum_drive_controller:/home/feng/rosbot_ws/install/admittance_controller:/home/feng/rosbot_ws/install/joint_trajectory_controller:/home/feng/rosbot_ws/install/joint_state_broadcaster:/home/feng/rosbot_ws/install/imu_sensor_broadcaster:/home/feng/rosbot_ws/install/husarion_office_gz:/home/feng/rosbot_ws/install/gripper_controllers:/home/feng/rosbot_ws/install/effort_controllers:/home/feng/rosbot_ws/install/forward_command_controller:/home/feng/rosbot_ws/install/force_torque_sensor_broadcaster:/home/feng/rosbot_ws/install/diff_drive_controller:/home/feng/ros2_ws/install/navigation:/home/feng/ros2_ws/install/my_robot_controller:/home/feng/ros2_ws/src/install/my_robot_controller:/home/feng/rosbot_ws/install/rqt_joint_trajectory_controller:/home/feng/rosbot_ws/install/rosbot_xl_utils:/home/feng/rosbot_ws/install/rosbot_xl_gazebo:/home/feng/rosbot_ws/install/rosbot_xl_bringup:/home/feng/rosbot_ws/install/rosbot_xl_controller:/home/feng/rosbot_ws/install/ros2_controllers_test_nodes:/opt/ros/humble /usr/bin/cmake --build /home/feng/ros2_ws/build/tutorial_pkg -- -j4 -l4
[36.617s] DEBUG:colcon.colcon_core.event_handler.log_command:Invoked command in '/home/feng/ros2_ws/build/tutorial_pkg' returned '0': AMENT_PREFIX_PATH=/home/feng/ros2_ws/install/explore_lite:${AMENT_PREFIX_PATH} CMAKE_PREFIX_PATH=/home/feng/ros2_ws/install/explore_lite:/home/feng/ros2_ws/install/tutorial_pkg:/home/feng/rosbot_ws/install/ros2_controllers:/home/feng/rosbot_ws/install/velocity_controllers:/home/feng/rosbot_ws/install/tricycle_steering_controller:/home/feng/rosbot_ws/install/tricycle_controller:/home/feng/rosbot_ws/install/bicycle_steering_controller:/home/feng/rosbot_ws/install/ackermann_steering_controller:/home/feng/rosbot_ws/install/steering_controllers_library:/home/feng/rosbot_ws/install/rosbot_xl:/home/feng/rosbot_ws/install/rosbot_xl_description:/home/feng/rosbot_ws/install/rosbot_hardware_interfaces:/home/feng/rosbot_ws/install/ros_components_description:/home/feng/rosbot_ws/install/range_sensor_broadcaster:/home/feng/rosbot_ws/install/position_controllers:/home/feng/rosbot_ws/install/micro_ros_agent:/home/feng/rosbot_ws/install/micro_ros_msgs:/home/feng/rosbot_ws/install/mecanum_drive_controller:/home/feng/rosbot_ws/install/admittance_controller:/home/feng/rosbot_ws/install/joint_trajectory_controller:/home/feng/rosbot_ws/install/joint_state_broadcaster:/home/feng/rosbot_ws/install/imu_sensor_broadcaster:/home/feng/rosbot_ws/install/husarion_office_gz:/home/feng/rosbot_ws/install/gripper_controllers:/home/feng/rosbot_ws/install/effort_controllers:/home/feng/rosbot_ws/install/forward_command_controller:/home/feng/rosbot_ws/install/force_torque_sensor_broadcaster:/home/feng/rosbot_ws/install/diff_drive_controller:/home/feng/ros2_ws/install/navigation:/home/feng/ros2_ws/install/my_robot_controller:/home/feng/ros2_ws/src/install/my_robot_controller:/home/feng/rosbot_ws/install/rqt_joint_trajectory_controller:/home/feng/rosbot_ws/install/rosbot_xl_utils:/home/feng/rosbot_ws/install/rosbot_xl_gazebo:/home/feng/rosbot_ws/install/rosbot_xl_bringup:/home/feng/rosbot_ws/install/rosbot_xl_controller:/home/feng/rosbot_ws/install/ros2_controllers_test_nodes:/opt/ros/humble /usr/bin/cmake --build /home/feng/ros2_ws/build/tutorial_pkg -- -j4 -l4
[36.712s] DEBUG:colcon.colcon_core.event_handler.log_command:Invoking command in '/home/feng/ros2_ws/build/tutorial_pkg': AMENT_PREFIX_PATH=/home/feng/ros2_ws/install/explore_lite:${AMENT_PREFIX_PATH} CMAKE_PREFIX_PATH=/home/feng/ros2_ws/install/explore_lite:/home/feng/ros2_ws/install/tutorial_pkg:/home/feng/rosbot_ws/install/ros2_controllers:/home/feng/rosbot_ws/install/velocity_controllers:/home/feng/rosbot_ws/install/tricycle_steering_controller:/home/feng/rosbot_ws/install/tricycle_controller:/home/feng/rosbot_ws/install/bicycle_steering_controller:/home/feng/rosbot_ws/install/ackermann_steering_controller:/home/feng/rosbot_ws/install/steering_controllers_library:/home/feng/rosbot_ws/install/rosbot_xl:/home/feng/rosbot_ws/install/rosbot_xl_description:/home/feng/rosbot_ws/install/rosbot_hardware_interfaces:/home/feng/rosbot_ws/install/ros_components_description:/home/feng/rosbot_ws/install/range_sensor_broadcaster:/home/feng/rosbot_ws/install/position_controllers:/home/feng/rosbot_ws/install/micro_ros_agent:/home/feng/rosbot_ws/install/micro_ros_msgs:/home/feng/rosbot_ws/install/mecanum_drive_controller:/home/feng/rosbot_ws/install/admittance_controller:/home/feng/rosbot_ws/install/joint_trajectory_controller:/home/feng/rosbot_ws/install/joint_state_broadcaster:/home/feng/rosbot_ws/install/imu_sensor_broadcaster:/home/feng/rosbot_ws/install/husarion_office_gz:/home/feng/rosbot_ws/install/gripper_controllers:/home/feng/rosbot_ws/install/effort_controllers:/home/feng/rosbot_ws/install/forward_command_controller:/home/feng/rosbot_ws/install/force_torque_sensor_broadcaster:/home/feng/rosbot_ws/install/diff_drive_controller:/home/feng/ros2_ws/install/navigation:/home/feng/ros2_ws/install/my_robot_controller:/home/feng/ros2_ws/src/install/my_robot_controller:/home/feng/rosbot_ws/install/rqt_joint_trajectory_controller:/home/feng/rosbot_ws/install/rosbot_xl_utils:/home/feng/rosbot_ws/install/rosbot_xl_gazebo:/home/feng/rosbot_ws/install/rosbot_xl_bringup:/home/feng/rosbot_ws/install/rosbot_xl_controller:/home/feng/rosbot_ws/install/ros2_controllers_test_nodes:/opt/ros/humble /usr/bin/cmake --install /home/feng/ros2_ws/build/tutorial_pkg
[37.301s] Level 1:colcon.colcon_core.environment:create_environment_scripts_only(tutorial_pkg)
[37.301s] Level 1:colcon.colcon_core.environment:checking '/home/feng/ros2_ws/install/tutorial_pkg' for CMake module files
[37.302s] Level 1:colcon.colcon_core.environment:checking '/home/feng/ros2_ws/install/tutorial_pkg' for CMake config files
[37.302s] Level 1:colcon.colcon_core.shell:create_environment_hook('tutorial_pkg', 'cmake_prefix_path')
[37.303s] INFO:colcon.colcon_core.shell:Creating environment hook '/home/feng/ros2_ws/install/tutorial_pkg/share/tutorial_pkg/hook/cmake_prefix_path.ps1'
[37.303s] INFO:colcon.colcon_core.shell:Creating environment descriptor '/home/feng/ros2_ws/install/tutorial_pkg/share/tutorial_pkg/hook/cmake_prefix_path.dsv'
[37.304s] INFO:colcon.colcon_core.shell:Creating environment hook '/home/feng/ros2_ws/install/tutorial_pkg/share/tutorial_pkg/hook/cmake_prefix_path.sh'
[37.305s] DEBUG:colcon.colcon_core.event_handler.log_command:Invoked command in '/home/feng/ros2_ws/build/tutorial_pkg' returned '0': AMENT_PREFIX_PATH=/home/feng/ros2_ws/install/explore_lite:${AMENT_PREFIX_PATH} CMAKE_PREFIX_PATH=/home/feng/ros2_ws/install/explore_lite:/home/feng/ros2_ws/install/tutorial_pkg:/home/feng/rosbot_ws/install/ros2_controllers:/home/feng/rosbot_ws/install/velocity_controllers:/home/feng/rosbot_ws/install/tricycle_steering_controller:/home/feng/rosbot_ws/install/tricycle_controller:/home/feng/rosbot_ws/install/bicycle_steering_controller:/home/feng/rosbot_ws/install/ackermann_steering_controller:/home/feng/rosbot_ws/install/steering_controllers_library:/home/feng/rosbot_ws/install/rosbot_xl:/home/feng/rosbot_ws/install/rosbot_xl_description:/home/feng/rosbot_ws/install/rosbot_hardware_interfaces:/home/feng/rosbot_ws/install/ros_components_description:/home/feng/rosbot_ws/install/range_sensor_broadcaster:/home/feng/rosbot_ws/install/position_controllers:/home/feng/rosbot_ws/install/micro_ros_agent:/home/feng/rosbot_ws/install/micro_ros_msgs:/home/feng/rosbot_ws/install/mecanum_drive_controller:/home/feng/rosbot_ws/install/admittance_controller:/home/feng/rosbot_ws/install/joint_trajectory_controller:/home/feng/rosbot_ws/install/joint_state_broadcaster:/home/feng/rosbot_ws/install/imu_sensor_broadcaster:/home/feng/rosbot_ws/install/husarion_office_gz:/home/feng/rosbot_ws/install/gripper_controllers:/home/feng/rosbot_ws/install/effort_controllers:/home/feng/rosbot_ws/install/forward_command_controller:/home/feng/rosbot_ws/install/force_torque_sensor_broadcaster:/home/feng/rosbot_ws/install/diff_drive_controller:/home/feng/ros2_ws/install/navigation:/home/feng/ros2_ws/install/my_robot_controller:/home/feng/ros2_ws/src/install/my_robot_controller:/home/feng/rosbot_ws/install/rqt_joint_trajectory_controller:/home/feng/rosbot_ws/install/rosbot_xl_utils:/home/feng/rosbot_ws/install/rosbot_xl_gazebo:/home/feng/rosbot_ws/install/rosbot_xl_bringup:/home/feng/rosbot_ws/install/rosbot_xl_controller:/home/feng/rosbot_ws/install/ros2_controllers_test_nodes:/opt/ros/humble /usr/bin/cmake --install /home/feng/ros2_ws/build/tutorial_pkg
[37.306s] Level 1:colcon.colcon_core.environment:checking '/home/feng/ros2_ws/install/tutorial_pkg/lib'
[37.306s] Level 1:colcon.colcon_core.environment:checking '/home/feng/ros2_ws/install/tutorial_pkg/bin'
[37.306s] Level 1:colcon.colcon_core.environment:checking '/home/feng/ros2_ws/install/tutorial_pkg/lib/pkgconfig/tutorial_pkg.pc'
[37.306s] Level 1:colcon.colcon_core.environment:checking '/home/feng/ros2_ws/install/tutorial_pkg/lib/python3.10/site-packages'
[37.306s] Level 1:colcon.colcon_core.environment:checking '/home/feng/ros2_ws/install/tutorial_pkg/bin'
[37.307s] INFO:colcon.colcon_core.shell:Creating package script '/home/feng/ros2_ws/install/tutorial_pkg/share/tutorial_pkg/package.ps1'
[37.308s] INFO:colcon.colcon_core.shell:Creating package descriptor '/home/feng/ros2_ws/install/tutorial_pkg/share/tutorial_pkg/package.dsv'
[37.309s] INFO:colcon.colcon_core.shell:Creating package script '/home/feng/ros2_ws/install/tutorial_pkg/share/tutorial_pkg/package.sh'
[37.309s] INFO:colcon.colcon_core.shell:Creating package script '/home/feng/ros2_ws/install/tutorial_pkg/share/tutorial_pkg/package.bash'
[37.309s] INFO:colcon.colcon_core.shell:Creating package script '/home/feng/ros2_ws/install/tutorial_pkg/share/tutorial_pkg/package.zsh'
[37.315s] Level 1:colcon.colcon_core.environment:create_file_with_runtime_dependencies(/home/feng/ros2_ws/install/tutorial_pkg/share/colcon-core/packages/tutorial_pkg)
[37.405s] Level 1:colcon.colcon_core.environment:create_environment_scripts_only(tutorial_pkg)
[37.407s] Level 1:colcon.colcon_core.environment:checking '/home/feng/ros2_ws/install/tutorial_pkg' for CMake module files
[37.408s] Level 1:colcon.colcon_core.environment:checking '/home/feng/ros2_ws/install/tutorial_pkg' for CMake config files
[37.409s] Level 1:colcon.colcon_core.shell:create_environment_hook('tutorial_pkg', 'cmake_prefix_path')
[37.409s] INFO:colcon.colcon_core.shell:Creating environment hook '/home/feng/ros2_ws/install/tutorial_pkg/share/tutorial_pkg/hook/cmake_prefix_path.ps1'
[37.409s] INFO:colcon.colcon_core.shell:Creating environment descriptor '/home/feng/ros2_ws/install/tutorial_pkg/share/tutorial_pkg/hook/cmake_prefix_path.dsv'
[37.410s] INFO:colcon.colcon_core.shell:Creating environment hook '/home/feng/ros2_ws/install/tutorial_pkg/share/tutorial_pkg/hook/cmake_prefix_path.sh'
[37.412s] Level 1:colcon.colcon_core.environment:checking '/home/feng/ros2_ws/install/tutorial_pkg/lib'
[37.412s] Level 1:colcon.colcon_core.environment:checking '/home/feng/ros2_ws/install/tutorial_pkg/bin'
[37.412s] Level 1:colcon.colcon_core.environment:checking '/home/feng/ros2_ws/install/tutorial_pkg/lib/pkgconfig/tutorial_pkg.pc'
[37.413s] Level 1:colcon.colcon_core.environment:checking '/home/feng/ros2_ws/install/tutorial_pkg/lib/python3.10/site-packages'
[37.413s] Level 1:colcon.colcon_core.environment:checking '/home/feng/ros2_ws/install/tutorial_pkg/bin'
[37.413s] INFO:colcon.colcon_core.shell:Creating package script '/home/feng/ros2_ws/install/tutorial_pkg/share/tutorial_pkg/package.ps1'
[37.414s] INFO:colcon.colcon_core.shell:Creating package descriptor '/home/feng/ros2_ws/install/tutorial_pkg/share/tutorial_pkg/package.dsv'
[37.415s] INFO:colcon.colcon_core.shell:Creating package script '/home/feng/ros2_ws/install/tutorial_pkg/share/tutorial_pkg/package.sh'
[37.416s] INFO:colcon.colcon_core.shell:Creating package script '/home/feng/ros2_ws/install/tutorial_pkg/share/tutorial_pkg/package.bash'
[37.417s] INFO:colcon.colcon_core.shell:Creating package script '/home/feng/ros2_ws/install/tutorial_pkg/share/tutorial_pkg/package.zsh'
[37.417s] Level 1:colcon.colcon_core.environment:create_file_with_runtime_dependencies(/home/feng/ros2_ws/install/tutorial_pkg/share/colcon-core/packages/tutorial_pkg)
[37.418s] DEBUG:colcon.colcon_parallel_executor.executor.parallel:closing loop
[37.418s] DEBUG:colcon.colcon_parallel_executor.executor.parallel:loop closed
[37.418s] DEBUG:colcon.colcon_parallel_executor.executor.parallel:run_until_complete finished with '0'
[37.418s] DEBUG:colcon.colcon_core.event_reactor:joining thread
[37.437s] INFO:colcon.colcon_core.plugin_system:Skipping extension 'colcon_notification.desktop_notification.terminal_notifier': Not used on non-Darwin systems
[37.437s] INFO:colcon.colcon_core.plugin_system:Skipping extension 'colcon_notification.desktop_notification.win32': Not used on non-Windows systems
[37.437s] INFO:colcon.colcon_notification.desktop_notification:Sending desktop notification using 'notify2'
[37.486s] DEBUG:colcon.colcon_core.event_reactor:joined thread
[37.487s] INFO:colcon.colcon_core.shell:Creating prefix script '/home/feng/ros2_ws/install/local_setup.ps1'
[37.489s] INFO:colcon.colcon_core.shell:Creating prefix util module '/home/feng/ros2_ws/install/_local_setup_util_ps1.py'
[37.491s] INFO:colcon.colcon_core.shell:Creating prefix chain script '/home/feng/ros2_ws/install/setup.ps1'
[37.495s] INFO:colcon.colcon_core.shell:Creating prefix script '/home/feng/ros2_ws/install/local_setup.sh'
[37.496s] INFO:colcon.colcon_core.shell:Creating prefix util module '/home/feng/ros2_ws/install/_local_setup_util_sh.py'
[37.497s] INFO:colcon.colcon_core.shell:Creating prefix chain script '/home/feng/ros2_ws/install/setup.sh'
[37.502s] INFO:colcon.colcon_core.shell:Creating prefix script '/home/feng/ros2_ws/install/local_setup.bash'
[37.507s] INFO:colcon.colcon_core.shell:Creating prefix chain script '/home/feng/ros2_ws/install/setup.bash'
[37.517s] INFO:colcon.colcon_core.shell:Creating prefix script '/home/feng/ros2_ws/install/local_setup.zsh'
[37.521s] INFO:colcon.colcon_core.shell:Creating prefix chain script '/home/feng/ros2_ws/install/setup.zsh'
