[0.619s] DEBUG:colcon:Command line arguments: ['/usr/bin/colcon', 'list', '-p', '--base-paths', '/home/feng/ros2_ws']
[0.620s] DEBUG:colcon:Parsed command line arguments: Namespace(log_base=None, log_level=None, verb_name='list', build_base='build', ignore_user_meta=False, metas=['./colcon.meta'], base_paths=['/home/feng/ros2_ws'], packages_ignore=None, packages_ignore_regex=None, paths=None, packages_up_to=None, packages_up_to_regex=None, packages_above=None, packages_above_and_dependencies=None, packages_above_depth=None, packages_select_by_dep=None, packages_skip_by_dep=None, packages_skip_up_to=None, packages_select_build_failed=False, packages_skip_build_finished=False, packages_select_test_failures=False, packages_skip_test_passed=False, packages_select=None, packages_skip=None, packages_select_regex=None, packages_skip_regex=None, packages_start=None, packages_end=None, allow_overriding=[], topological_order=False, names_only=False, paths_only=True, topological_graph=False, topological_graph_dot=False, topological_graph_density=False, topological_graph_legend=False, topological_graph_dot_cluster=False, topological_graph_dot_include_skipped=False, verb_parser=<colcon_defaults.argument_parser.defaults.DefaultArgumentsDecorator object at 0xffffb9d3c820>, verb_extension=<colcon_package_information.verb.list.ListVerb object at 0xffffb9d0fa00>, main=<bound method ListVerb.main of <colcon_package_information.verb.list.ListVerb object at 0xffffb9d0fa00>>)
[1.669s] Level 1:colcon.colcon_core.package_discovery:discover_packages(colcon_meta) check parameters
[1.669s] Level 1:colcon.colcon_core.package_discovery:discover_packages(recursive) check parameters
[1.669s] Level 1:colcon.colcon_core.package_discovery:discover_packages(ignore) check parameters
[1.669s] Level 1:colcon.colcon_core.package_discovery:discover_packages(path) check parameters
[1.669s] Level 1:colcon.colcon_core.package_discovery:discover_packages(recursive) discover
[1.681s] INFO:colcon.colcon_core.package_discovery:Crawling recursively for packages in '/home/feng/ros2_ws'
[1.681s] Level 1:colcon.colcon_core.package_identification:_identify(/home/feng/ros2_ws) by extensions ['ignore', 'ignore_ament_install']
[1.682s] Level 1:colcon.colcon_core.package_identification:_identify(/home/feng/ros2_ws) by extension 'ignore'
[1.682s] Level 1:colcon.colcon_core.package_identification:_identify(/home/feng/ros2_ws) by extension 'ignore_ament_install'
[1.682s] Level 1:colcon.colcon_core.package_identification:_identify(/home/feng/ros2_ws) by extensions ['colcon_pkg']
[1.682s] Level 1:colcon.colcon_core.package_identification:_identify(/home/feng/ros2_ws) by extension 'colcon_pkg'
[1.682s] Level 1:colcon.colcon_core.package_identification:_identify(/home/feng/ros2_ws) by extensions ['colcon_meta']
[1.682s] Level 1:colcon.colcon_core.package_identification:_identify(/home/feng/ros2_ws) by extension 'colcon_meta'
[1.682s] Level 1:colcon.colcon_core.package_identification:_identify(/home/feng/ros2_ws) by extensions ['ros']
[1.682s] Level 1:colcon.colcon_core.package_identification:_identify(/home/feng/ros2_ws) by extension 'ros'
[1.715s] Level 1:colcon.colcon_core.package_identification:_identify(/home/feng/ros2_ws) by extensions ['cmake', 'python']
[1.715s] Level 1:colcon.colcon_core.package_identification:_identify(/home/feng/ros2_ws) by extension 'cmake'
[1.715s] Level 1:colcon.colcon_core.package_identification:_identify(/home/feng/ros2_ws) by extension 'python'
[1.715s] Level 1:colcon.colcon_core.package_identification:_identify(/home/feng/ros2_ws) by extensions ['python_setup_py']
[1.716s] Level 1:colcon.colcon_core.package_identification:_identify(/home/feng/ros2_ws) by extension 'python_setup_py'
[1.722s] Level 1:colcon.colcon_core.package_identification:_identify(/home/feng/ros2_ws/build) by extensions ['ignore', 'ignore_ament_install']
[1.722s] Level 1:colcon.colcon_core.package_identification:_identify(/home/feng/ros2_ws/build) by extension 'ignore'
[1.722s] Level 1:colcon.colcon_core.package_identification:_identify(/home/feng/ros2_ws/build) ignored
[1.723s] Level 1:colcon.colcon_core.package_identification:_identify(/home/feng/ros2_ws/install) by extensions ['ignore', 'ignore_ament_install']
[1.723s] Level 1:colcon.colcon_core.package_identification:_identify(/home/feng/ros2_ws/install) by extension 'ignore'
[1.723s] Level 1:colcon.colcon_core.package_identification:_identify(/home/feng/ros2_ws/install) ignored
[1.723s] Level 1:colcon.colcon_core.package_identification:_identify(/home/feng/ros2_ws/log) by extensions ['ignore', 'ignore_ament_install']
[1.723s] Level 1:colcon.colcon_core.package_identification:_identify(/home/feng/ros2_ws/log) by extension 'ignore'
[1.723s] Level 1:colcon.colcon_core.package_identification:_identify(/home/feng/ros2_ws/log) ignored
[1.724s] Level 1:colcon.colcon_core.package_identification:_identify(/home/feng/ros2_ws/src) by extensions ['ignore', 'ignore_ament_install']
[1.739s] Level 1:colcon.colcon_core.package_identification:_identify(/home/feng/ros2_ws/src) by extension 'ignore'
[1.739s] Level 1:colcon.colcon_core.package_identification:_identify(/home/feng/ros2_ws/src) by extension 'ignore_ament_install'
[1.739s] Level 1:colcon.colcon_core.package_identification:_identify(/home/feng/ros2_ws/src) by extensions ['colcon_pkg']
[1.739s] Level 1:colcon.colcon_core.package_identification:_identify(/home/feng/ros2_ws/src) by extension 'colcon_pkg'
[1.739s] Level 1:colcon.colcon_core.package_identification:_identify(/home/feng/ros2_ws/src) by extensions ['colcon_meta']
[1.739s] Level 1:colcon.colcon_core.package_identification:_identify(/home/feng/ros2_ws/src) by extension 'colcon_meta'
[1.739s] Level 1:colcon.colcon_core.package_identification:_identify(/home/feng/ros2_ws/src) by extensions ['ros']
[1.739s] Level 1:colcon.colcon_core.package_identification:_identify(/home/feng/ros2_ws/src) by extension 'ros'
[1.740s] Level 1:colcon.colcon_core.package_identification:_identify(/home/feng/ros2_ws/src) by extensions ['cmake', 'python']
[1.740s] Level 1:colcon.colcon_core.package_identification:_identify(/home/feng/ros2_ws/src) by extension 'cmake'
[1.740s] Level 1:colcon.colcon_core.package_identification:_identify(/home/feng/ros2_ws/src) by extension 'python'
[1.740s] Level 1:colcon.colcon_core.package_identification:_identify(/home/feng/ros2_ws/src) by extensions ['python_setup_py']
[1.740s] Level 1:colcon.colcon_core.package_identification:_identify(/home/feng/ros2_ws/src) by extension 'python_setup_py'
[1.740s] Level 1:colcon.colcon_core.package_identification:_identify(/home/feng/ros2_ws/src/build) by extensions ['ignore', 'ignore_ament_install']
[1.741s] Level 1:colcon.colcon_core.package_identification:_identify(/home/feng/ros2_ws/src/build) by extension 'ignore'
[1.741s] Level 1:colcon.colcon_core.package_identification:_identify(/home/feng/ros2_ws/src/build) ignored
[1.741s] Level 1:colcon.colcon_core.package_identification:_identify(/home/feng/ros2_ws/src/install) by extensions ['ignore', 'ignore_ament_install']
[1.741s] Level 1:colcon.colcon_core.package_identification:_identify(/home/feng/ros2_ws/src/install) by extension 'ignore'
[1.741s] Level 1:colcon.colcon_core.package_identification:_identify(/home/feng/ros2_ws/src/install) ignored
[1.741s] Level 1:colcon.colcon_core.package_identification:_identify(/home/feng/ros2_ws/src/log) by extensions ['ignore', 'ignore_ament_install']
[1.741s] Level 1:colcon.colcon_core.package_identification:_identify(/home/feng/ros2_ws/src/log) by extension 'ignore'
[1.741s] Level 1:colcon.colcon_core.package_identification:_identify(/home/feng/ros2_ws/src/log) ignored
[1.742s] Level 1:colcon.colcon_core.package_identification:_identify(/home/feng/ros2_ws/src/m-explore-ros2) by extensions ['ignore', 'ignore_ament_install']
[1.742s] Level 1:colcon.colcon_core.package_identification:_identify(/home/feng/ros2_ws/src/m-explore-ros2) by extension 'ignore'
[1.742s] Level 1:colcon.colcon_core.package_identification:_identify(/home/feng/ros2_ws/src/m-explore-ros2) by extension 'ignore_ament_install'
[1.742s] Level 1:colcon.colcon_core.package_identification:_identify(/home/feng/ros2_ws/src/m-explore-ros2) by extensions ['colcon_pkg']
[1.742s] Level 1:colcon.colcon_core.package_identification:_identify(/home/feng/ros2_ws/src/m-explore-ros2) by extension 'colcon_pkg'
[1.742s] Level 1:colcon.colcon_core.package_identification:_identify(/home/feng/ros2_ws/src/m-explore-ros2) by extensions ['colcon_meta']
[1.742s] Level 1:colcon.colcon_core.package_identification:_identify(/home/feng/ros2_ws/src/m-explore-ros2) by extension 'colcon_meta'
[1.742s] Level 1:colcon.colcon_core.package_identification:_identify(/home/feng/ros2_ws/src/m-explore-ros2) by extensions ['ros']
[1.742s] Level 1:colcon.colcon_core.package_identification:_identify(/home/feng/ros2_ws/src/m-explore-ros2) by extension 'ros'
[1.742s] Level 1:colcon.colcon_core.package_identification:_identify(/home/feng/ros2_ws/src/m-explore-ros2) by extensions ['cmake', 'python']
[1.742s] Level 1:colcon.colcon_core.package_identification:_identify(/home/feng/ros2_ws/src/m-explore-ros2) by extension 'cmake'
[1.742s] Level 1:colcon.colcon_core.package_identification:_identify(/home/feng/ros2_ws/src/m-explore-ros2) by extension 'python'
[1.742s] Level 1:colcon.colcon_core.package_identification:_identify(/home/feng/ros2_ws/src/m-explore-ros2) by extensions ['python_setup_py']
[1.743s] Level 1:colcon.colcon_core.package_identification:_identify(/home/feng/ros2_ws/src/m-explore-ros2) by extension 'python_setup_py'
[1.743s] Level 1:colcon.colcon_core.package_identification:_identify(/home/feng/ros2_ws/src/m-explore-ros2/explore) by extensions ['ignore', 'ignore_ament_install']
[1.743s] Level 1:colcon.colcon_core.package_identification:_identify(/home/feng/ros2_ws/src/m-explore-ros2/explore) by extension 'ignore'
[1.743s] Level 1:colcon.colcon_core.package_identification:_identify(/home/feng/ros2_ws/src/m-explore-ros2/explore) by extension 'ignore_ament_install'
[1.743s] Level 1:colcon.colcon_core.package_identification:_identify(/home/feng/ros2_ws/src/m-explore-ros2/explore) by extensions ['colcon_pkg']
[1.743s] Level 1:colcon.colcon_core.package_identification:_identify(/home/feng/ros2_ws/src/m-explore-ros2/explore) by extension 'colcon_pkg'
[1.743s] Level 1:colcon.colcon_core.package_identification:_identify(/home/feng/ros2_ws/src/m-explore-ros2/explore) by extensions ['colcon_meta']
[1.743s] Level 1:colcon.colcon_core.package_identification:_identify(/home/feng/ros2_ws/src/m-explore-ros2/explore) by extension 'colcon_meta'
[1.743s] Level 1:colcon.colcon_core.package_identification:_identify(/home/feng/ros2_ws/src/m-explore-ros2/explore) by extensions ['ros']
[1.743s] Level 1:colcon.colcon_core.package_identification:_identify(/home/feng/ros2_ws/src/m-explore-ros2/explore) by extension 'ros'
[1.748s] DEBUG:colcon.colcon_core.package_identification:Package '/home/feng/ros2_ws/src/m-explore-ros2/explore' with type 'ros.ament_cmake' and name 'explore_lite'
[1.749s] Level 1:colcon.colcon_core.package_identification:_identify(/home/feng/ros2_ws/src/m-explore-ros2/map_merge) by extensions ['ignore', 'ignore_ament_install']
[1.749s] Level 1:colcon.colcon_core.package_identification:_identify(/home/feng/ros2_ws/src/m-explore-ros2/map_merge) by extension 'ignore'
[1.807s] Level 1:colcon.colcon_core.package_identification:_identify(/home/feng/ros2_ws/src/m-explore-ros2/map_merge) by extension 'ignore_ament_install'
[1.808s] Level 1:colcon.colcon_core.package_identification:_identify(/home/feng/ros2_ws/src/m-explore-ros2/map_merge) by extensions ['colcon_pkg']
[1.808s] Level 1:colcon.colcon_core.package_identification:_identify(/home/feng/ros2_ws/src/m-explore-ros2/map_merge) by extension 'colcon_pkg'
[1.808s] Level 1:colcon.colcon_core.package_identification:_identify(/home/feng/ros2_ws/src/m-explore-ros2/map_merge) by extensions ['colcon_meta']
[1.808s] Level 1:colcon.colcon_core.package_identification:_identify(/home/feng/ros2_ws/src/m-explore-ros2/map_merge) by extension 'colcon_meta'
[1.808s] Level 1:colcon.colcon_core.package_identification:_identify(/home/feng/ros2_ws/src/m-explore-ros2/map_merge) by extensions ['ros']
[1.808s] Level 1:colcon.colcon_core.package_identification:_identify(/home/feng/ros2_ws/src/m-explore-ros2/map_merge) by extension 'ros'
[1.810s] DEBUG:colcon.colcon_core.package_identification:Package '/home/feng/ros2_ws/src/m-explore-ros2/map_merge' with type 'ros.ament_cmake' and name 'multirobot_map_merge'
[1.811s] Level 1:colcon.colcon_core.package_identification:_identify(/home/feng/ros2_ws/src/tutorial_pkg) by extensions ['ignore', 'ignore_ament_install']
[1.811s] Level 1:colcon.colcon_core.package_identification:_identify(/home/feng/ros2_ws/src/tutorial_pkg) by extension 'ignore'
[1.811s] Level 1:colcon.colcon_core.package_identification:_identify(/home/feng/ros2_ws/src/tutorial_pkg) by extension 'ignore_ament_install'
[1.811s] Level 1:colcon.colcon_core.package_identification:_identify(/home/feng/ros2_ws/src/tutorial_pkg) by extensions ['colcon_pkg']
[1.811s] Level 1:colcon.colcon_core.package_identification:_identify(/home/feng/ros2_ws/src/tutorial_pkg) by extension 'colcon_pkg'
[1.811s] Level 1:colcon.colcon_core.package_identification:_identify(/home/feng/ros2_ws/src/tutorial_pkg) by extensions ['colcon_meta']
[1.811s] Level 1:colcon.colcon_core.package_identification:_identify(/home/feng/ros2_ws/src/tutorial_pkg) by extension 'colcon_meta'
[1.811s] Level 1:colcon.colcon_core.package_identification:_identify(/home/feng/ros2_ws/src/tutorial_pkg) by extensions ['ros']
[1.812s] Level 1:colcon.colcon_core.package_identification:_identify(/home/feng/ros2_ws/src/tutorial_pkg) by extension 'ros'
[1.814s] DEBUG:colcon.colcon_core.package_identification:Package '/home/feng/ros2_ws/src/tutorial_pkg' with type 'ros.ament_cmake' and name 'tutorial_pkg'
[1.814s] Level 1:colcon.colcon_core.package_discovery:discover_packages(recursive) using defaults
